2020-01-06 21:08:49,154 INFO  DownloadService - Downloading "https://github.com/scwang90/SmartRefreshLayout/archive/master.zip", attempt 3
2020-01-06 21:09:49,767 INFO  GithubDownloadService - Could not find ZIP archive for master branch
2020-01-06 21:09:51,118 INFO  GithubDownloadService - Default branch of this repository: release
2020-01-06 21:09:51,118 INFO  DownloadService - Downloading "https://github.com/scwang90/SmartRefreshLayout/archive/release.zip", attempt 3
2020-01-06 21:10:52,547 DEBUG FullProcessService - Repository https://github.com/scwang90/SmartRefreshLayout available: true
2020-01-06 21:10:52,547 INFO  FullProcessService - Could not download ZIP file from Github, lets clone it
2020-01-06 21:10:52,548 INFO  SysUtils - Execute command: [git, clone, -q, --single-branch, --depth, 1, https://github.com/scwang90/SmartRefreshLayout, /var/folders/bq/vtzpc5ns5sg2cthy61lqpg3dfzgbys/T/1578319729151-0/src]
2020-01-06 21:10:56,186 INFO  SysUtils - 
2020-01-06 21:10:56,198 INFO  GitService - Deleted "/var/folders/bq/vtzpc5ns5sg2cthy61lqpg3dfzgbys/T/1578319729151-0/src/.git": true
2020-01-06 21:10:56,208 INFO  FullProcessService - Size of directory with sources: 6 MB
2020-01-06 21:10:56,208 INFO  SysUtils - Execute command: [git, init, /var/folders/bq/vtzpc5ns5sg2cthy61lqpg3dfzgbys/T/1578319729151-0/src]
2020-01-06 21:10:56,225 INFO  SysUtils - Initialized empty Git repository in /private/var/folders/bq/vtzpc5ns5sg2cthy61lqpg3dfzgbys/T/1578319729151-0/src/.git/

2020-01-06 21:10:56,233 INFO  ProjectBuildService - Gradle wrapper(s): /var/folders/bq/vtzpc5ns5sg2cthy61lqpg3dfzgbys/T/1578319729151-0/src/gradlew
2020-01-06 21:10:56,241 INFO  ProjectBuildService - Build script(s): /var/folders/bq/vtzpc5ns5sg2cthy61lqpg3dfzgbys/T/1578319729151-0/src/app-design/build.gradle /var/folders/bq/vtzpc5ns5sg2cthy61lqpg3dfzgbys/T/1578319729151-0/src/app/build.gradle /var/folders/bq/vtzpc5ns5sg2cthy61lqpg3dfzgbys/T/1578319729151-0/src/refresh-footer/build.gradle /var/folders/bq/vtzpc5ns5sg2cthy61lqpg3dfzgbys/T/1578319729151-0/src/refresh-header/build.gradle /var/folders/bq/vtzpc5ns5sg2cthy61lqpg3dfzgbys/T/1578319729151-0/src/refresh-layout/build.gradle /var/folders/bq/vtzpc5ns5sg2cthy61lqpg3dfzgbys/T/1578319729151-0/src/build.gradle
2020-01-06 21:10:56,248 INFO  ProjectBuildService - All script(s): /var/folders/bq/vtzpc5ns5sg2cthy61lqpg3dfzgbys/T/1578319729151-0/src/app/build.gradle /var/folders/bq/vtzpc5ns5sg2cthy61lqpg3dfzgbys/T/1578319729151-0/src/refresh-header/build.gradle /var/folders/bq/vtzpc5ns5sg2cthy61lqpg3dfzgbys/T/1578319729151-0/src/refresh-layout/build.gradle /var/folders/bq/vtzpc5ns5sg2cthy61lqpg3dfzgbys/T/1578319729151-0/src/build.gradle /var/folders/bq/vtzpc5ns5sg2cthy61lqpg3dfzgbys/T/1578319729151-0/src/refresh-footer/build.gradle /var/folders/bq/vtzpc5ns5sg2cthy61lqpg3dfzgbys/T/1578319729151-0/src/settings.gradle /var/folders/bq/vtzpc5ns5sg2cthy61lqpg3dfzgbys/T/1578319729151-0/src/app-design/build.gradle
2020-01-06 21:10:56,249 INFO  ProjectBuildService - Remote scripts: none
2020-01-06 21:10:56,249 INFO  ProjectFixService - Fixing project...
2020-01-06 21:10:56,265 INFO  LocalPropertiesFixService - Created fake /var/folders/bq/vtzpc5ns5sg2cthy61lqpg3dfzgbys/T/1578319729151-0/src/app-design/local.properties
2020-01-06 21:10:56,266 INFO  ProjectFixService - Build info for "/var/folders/bq/vtzpc5ns5sg2cthy61lqpg3dfzgbys/T/1578319729151-0/src/app-design/build.gradle": [buildToolsVersion=25.0.3,compileSdkVersion=25,minSdkVersion=21,targetSdkVersion=25]
2020-01-06 21:10:56,266 INFO  LocalPropertiesFixService - Created fake /var/folders/bq/vtzpc5ns5sg2cthy61lqpg3dfzgbys/T/1578319729151-0/src/app/local.properties
2020-01-06 21:10:56,266 INFO  ProjectFixService - Build info for "/var/folders/bq/vtzpc5ns5sg2cthy61lqpg3dfzgbys/T/1578319729151-0/src/app/build.gradle": [buildToolsVersion=28.0.3,compileSdkVersion=28,minSdkVersion=16,targetSdkVersion=28]
2020-01-06 21:10:56,267 INFO  LocalPropertiesFixService - Created fake /var/folders/bq/vtzpc5ns5sg2cthy61lqpg3dfzgbys/T/1578319729151-0/src/refresh-footer/local.properties
2020-01-06 21:10:56,267 INFO  ProjectFixService - Build info for "/var/folders/bq/vtzpc5ns5sg2cthy61lqpg3dfzgbys/T/1578319729151-0/src/refresh-footer/build.gradle": [buildToolsVersion=28.0.3,compileSdkVersion=28,minSdkVersion=12,targetSdkVersion=28]
2020-01-06 21:10:56,267 INFO  LocalPropertiesFixService - Created fake /var/folders/bq/vtzpc5ns5sg2cthy61lqpg3dfzgbys/T/1578319729151-0/src/refresh-header/local.properties
2020-01-06 21:10:56,268 INFO  ProjectFixService - Build info for "/var/folders/bq/vtzpc5ns5sg2cthy61lqpg3dfzgbys/T/1578319729151-0/src/refresh-header/build.gradle": [buildToolsVersion=28.0.3,compileSdkVersion=28,minSdkVersion=12,targetSdkVersion=28]
2020-01-06 21:10:56,268 INFO  LocalPropertiesFixService - Created fake /var/folders/bq/vtzpc5ns5sg2cthy61lqpg3dfzgbys/T/1578319729151-0/src/refresh-layout/local.properties
2020-01-06 21:10:56,268 INFO  ProjectFixService - Build info for "/var/folders/bq/vtzpc5ns5sg2cthy61lqpg3dfzgbys/T/1578319729151-0/src/refresh-layout/build.gradle": [buildToolsVersion=28.0.3,compileSdkVersion=28,minSdkVersion=12,targetSdkVersion=28]
2020-01-06 21:10:56,269 INFO  LocalPropertiesFixService - Created fake /var/folders/bq/vtzpc5ns5sg2cthy61lqpg3dfzgbys/T/1578319729151-0/src/local.properties
2020-01-06 21:10:56,269 INFO  WrapperPropertiesFixService - Gradle wrapper: https://services.gradle.org/distributions/gradle-5.1.1-all.zip
2020-01-06 21:10:56,269 INFO  WrapperPropertiesFixService - Gradle wrapper was changed from "-all.zip" to "-bin.zip" (https://services.gradle.org/distributions/gradle-5.1.1-bin.zip)
2020-01-06 21:10:56,270 INFO  ProjectFixService - Build info for "/var/folders/bq/vtzpc5ns5sg2cthy61lqpg3dfzgbys/T/1578319729151-0/src/build.gradle": [buildToolsVersion=28.0.3,compileSdkVersion=28,minSdkVersion=16,targetSdkVersion=28]
2020-01-06 21:10:56,270 INFO  ProjectFixService - Project was maybe fixed
2020-01-06 21:10:56,270 INFO  ProjectTaskService - Detecting possible tasks...
2020-01-06 21:10:56,270 INFO  SysUtils - Execute command: [/var/folders/bq/vtzpc5ns5sg2cthy61lqpg3dfzgbys/T/1578319729151-0/src/gradlew, -b, /var/folders/bq/vtzpc5ns5sg2cthy61lqpg3dfzgbys/T/1578319729151-0/src/app-design/build.gradle, -Dorg.gradle.daemon=false, -Dorg.gradle.daemon.performance.enable-monitoring=false, -Dorg.gradle.configureondemand=true, tasks]
2020-01-06 21:10:58,199 ERROR ProjectTaskService - Could not detect possible Gradle tasks: Process exited with an error: 1 (Exit value: 1)
2020-01-06 21:10:58,199 INFO  ProjectTaskService - Detected possible tasks: 0
2020-01-06 21:10:58,200 INFO  ProjectTaskService - Excluded tasks (0): none
2020-01-06 21:10:58,200 INFO  SysUtils - Execute command: [/var/folders/bq/vtzpc5ns5sg2cthy61lqpg3dfzgbys/T/1578319729151-0/src/gradlew, -b, /var/folders/bq/vtzpc5ns5sg2cthy61lqpg3dfzgbys/T/1578319729151-0/src/app-design/build.gradle, -Dorg.gradle.daemon=false, -Dorg.gradle.daemon.performance.enable-monitoring=false, -Dorg.gradle.configureondemand=true, --stacktrace, build]
2020-01-06 21:10:59,824 ERROR SysUtils - Could not process external command
org.apache.commons.exec.ExecuteException: Process exited with an error: 1 (Exit value: 1)
	at org.apache.commons.exec.DefaultExecutor.executeInternal(DefaultExecutor.java:404)
	at org.apache.commons.exec.DefaultExecutor.execute(DefaultExecutor.java:166)
	at com.github.vbauer.apkmaster.util.SysUtils.execute(SysUtils.java:67)
	at com.github.vbauer.apkmaster.util.SysUtils.executeSimple(SysUtils.java:43)
	at com.github.vbauer.apkmaster.service.assembly.ProjectBuildService.buildProject(ProjectBuildService.java:78)
	at com.github.vbauer.apkmaster.service.assembly.ProjectBuildService.buildProject(ProjectBuildService.java:64)
	at com.github.vbauer.apkmaster.service.assembly.ProjectBuildService.buildProject(ProjectBuildService.java:43)
	at com.github.vbauer.apkmaster.service.FullProcessService.build(FullProcessService.java:84)
	at com.github.vbauer.apkmaster.service.FullProcessService.process(FullProcessService.java:34)
	at com.github.vbauer.apkmaster.app.MainApplication.process(MainApplication.java:38)
	at com.github.vbauer.apkmaster.app.MainApplication.main(MainApplication.java:20)
	at sun.reflect.GeneratedMethodAccessor8.invoke(Unknown Source)
	at sun.reflect.DelegatingMethodAccessorImpl.invoke(DelegatingMethodAccessorImpl.java:43)
	at java.lang.reflect.Method.invoke(Method.java:498)
	at com.android.arsenal.util.ReflectionUtils.invoke(ReflectionUtils.java:52)
	at com.android.arsenal.util.ApkMasterUtils.main(ApkMasterUtils.java:30)
	at com.android.arsenal.service.processor.impl.BuildProcessorServiceImpl.buildProject(BuildProcessorServiceImpl.java:197)
	at com.android.arsenal.service.processor.impl.BuildProcessorServiceImpl.build(BuildProcessorServiceImpl.java:131)
	at com.android.arsenal.service.processor.impl.BuildProcessorServiceImpl.lambda$createTasks$1(BuildProcessorServiceImpl.java:114)
	at java.util.concurrent.FutureTask.run(FutureTask.java:266)
	at java.util.concurrent.Executors$RunnableAdapter.call(Executors.java:511)
	at java.util.concurrent.FutureTask.run(FutureTask.java:266)
	at java.util.concurrent.ThreadPoolExecutor.runWorker(ThreadPoolExecutor.java:1149)
	at java.util.concurrent.ThreadPoolExecutor$Worker.run(ThreadPoolExecutor.java:624)
	at java.lang.Thread.run(Thread.java:748)
2020-01-06 21:10:59,824 INFO  SysUtils - 
FAILURE: Build failed with an exception.

* What went wrong:
Build file '/private/var/folders/bq/vtzpc5ns5sg2cthy61lqpg3dfzgbys/T/1578319729151-0/src/app-design/build.gradle' is not part of the build defined by settings file '/private/var/folders/bq/vtzpc5ns5sg2cthy61lqpg3dfzgbys/T/1578319729151-0/src/settings.gradle'. If this is an unrelated build, it must have its own settings file.

* Try:
Run with --info or --debug option to get more log output. Run with --scan to get full insights.

* Exception is:
org.gradle.api.InvalidUserDataException: Build file '/private/var/folders/bq/vtzpc5ns5sg2cthy61lqpg3dfzgbys/T/1578319729151-0/src/app-design/build.gradle' is not part of the build defined by settings file '/private/var/folders/bq/vtzpc5ns5sg2cthy61lqpg3dfzgbys/T/1578319729151-0/src/settings.gradle'. If this is an unrelated build, it must have its own settings file.
	at org.gradle.initialization.AbstractProjectSpec.selectProject(AbstractProjectSpec.java:40)
	at org.gradle.initialization.DefaultSettingsLoader.setDefaultProject(DefaultSettingsLoader.java:88)
	at org.gradle.initialization.DefaultSettingsLoader.findAndLoadSettings(DefaultSettingsLoader.java:52)
	at org.gradle.initialization.SettingsAttachingSettingsLoader.findAndLoadSettings(SettingsAttachingSettingsLoader.java:35)
	at org.gradle.internal.composite.CommandLineIncludedBuildSettingsLoader.findAndLoadSettings(CommandLineIncludedBuildSettingsLoader.java:34)
	at org.gradle.internal.composite.ChildBuildRegisteringSettingsLoader.findAndLoadSettings(ChildBuildRegisteringSettingsLoader.java:47)
	at org.gradle.internal.composite.CompositeBuildSettingsLoader.findAndLoadSettings(CompositeBuildSettingsLoader.java:35)
	at org.gradle.initialization.DefaultGradleLauncher$LoadBuild.run(DefaultGradleLauncher.java:277)
	at org.gradle.internal.operations.DefaultBuildOperationExecutor$RunnableBuildOperationWorker.execute(DefaultBuildOperationExecutor.java:301)
	at org.gradle.internal.operations.DefaultBuildOperationExecutor$RunnableBuildOperationWorker.execute(DefaultBuildOperationExecutor.java:293)
	at org.gradle.internal.operations.DefaultBuildOperationExecutor.execute(DefaultBuildOperationExecutor.java:175)
	at org.gradle.internal.operations.DefaultBuildOperationExecutor.run(DefaultBuildOperationExecutor.java:91)
	at org.gradle.internal.operations.DelegatingBuildOperationExecutor.run(DelegatingBuildOperationExecutor.java:31)
	at org.gradle.initialization.DefaultGradleLauncher.loadSettings(DefaultGradleLauncher.java:202)
	at org.gradle.initialization.DefaultGradleLauncher.doBuildStages(DefaultGradleLauncher.java:147)
	at org.gradle.initialization.DefaultGradleLauncher.executeTasks(DefaultGradleLauncher.java:134)
	at org.gradle.internal.invocation.GradleBuildController$1.execute(GradleBuildController.java:58)
	at org.gradle.internal.invocation.GradleBuildController$1.execute(GradleBuildController.java:55)
	at org.gradle.internal.invocation.GradleBuildController$3.create(GradleBuildController.java:82)
	at org.gradle.internal.invocation.GradleBuildController$3.create(GradleBuildController.java:75)
	at org.gradle.internal.work.DefaultWorkerLeaseService.withLocks(DefaultWorkerLeaseService.java:183)
	at org.gradle.internal.work.StopShieldingWorkerLeaseService.withLocks(StopShieldingWorkerLeaseService.java:40)
	at org.gradle.internal.invocation.GradleBuildController.doBuild(GradleBuildController.java:75)
	at org.gradle.internal.invocation.GradleBuildController.run(GradleBuildController.java:55)
	at org.gradle.tooling.internal.provider.ExecuteBuildActionRunner.run(ExecuteBuildActionRunner.java:31)
	at org.gradle.launcher.exec.ChainingBuildActionRunner.run(ChainingBuildActionRunner.java:35)
	at org.gradle.launcher.exec.BuildOutcomeReportingBuildActionRunner.run(BuildOutcomeReportingBuildActionRunner.java:58)
	at org.gradle.tooling.internal.provider.ValidatingBuildActionRunner.run(ValidatingBuildActionRunner.java:32)
	at org.gradle.launcher.exec.BuildCompletionNotifyingBuildActionRunner.run(BuildCompletionNotifyingBuildActionRunner.java:39)
	at org.gradle.launcher.exec.RunAsBuildOperationBuildActionRunner$3.call(RunAsBuildOperationBuildActionRunner.java:49)
	at org.gradle.launcher.exec.RunAsBuildOperationBuildActionRunner$3.call(RunAsBuildOperationBuildActionRunner.java:44)
	at org.gradle.internal.operations.DefaultBuildOperationExecutor$CallableBuildOperationWorker.execute(DefaultBuildOperationExecutor.java:315)
	at org.gradle.internal.operations.DefaultBuildOperationExecutor$CallableBuildOperationWorker.execute(DefaultBuildOperationExecutor.java:305)
	at org.gradle.internal.operations.DefaultBuildOperationExecutor.execute(DefaultBuildOperationExecutor.java:175)
	at org.gradle.internal.operations.DefaultBuildOperationExecutor.call(DefaultBuildOperationExecutor.java:101)
	at org.gradle.internal.operations.DelegatingBuildOperationExecutor.call(DelegatingBuildOperationExecutor.java:36)
	at org.gradle.launcher.exec.RunAsBuildOperationBuildActionRunner.run(RunAsBuildOperationBuildActionRunner.java:44)
	at org.gradle.launcher.exec.InProcessBuildActionExecuter$1.transform(InProcessBuildActionExecuter.java:49)
	at org.gradle.launcher.exec.InProcessBuildActionExecuter$1.transform(InProcessBuildActionExecuter.java:46)
	at org.gradle.composite.internal.DefaultRootBuildState.run(DefaultRootBuildState.java:78)
	at org.gradle.launcher.exec.InProcessBuildActionExecuter.execute(InProcessBuildActionExecuter.java:46)
	at org.gradle.launcher.exec.InProcessBuildActionExecuter.execute(InProcessBuildActionExecuter.java:31)
	at org.gradle.launcher.exec.BuildTreeScopeBuildActionExecuter.execute(BuildTreeScopeBuildActionExecuter.java:42)
	at org.gradle.launcher.exec.BuildTreeScopeBuildActionExecuter.execute(BuildTreeScopeBuildActionExecuter.java:28)
	at org.gradle.tooling.internal.provider.ContinuousBuildActionExecuter.execute(ContinuousBuildActionExecuter.java:78)
	at org.gradle.tooling.internal.provider.ContinuousBuildActionExecuter.execute(ContinuousBuildActionExecuter.java:52)
	at org.gradle.tooling.internal.provider.SubscribableBuildActionExecuter.execute(SubscribableBuildActionExecuter.java:59)
	at org.gradle.tooling.internal.provider.SubscribableBuildActionExecuter.execute(SubscribableBuildActionExecuter.java:36)
	at org.gradle.tooling.internal.provider.SessionScopeBuildActionExecuter.execute(SessionScopeBuildActionExecuter.java:68)
	at org.gradle.tooling.internal.provider.SessionScopeBuildActionExecuter.execute(SessionScopeBuildActionExecuter.java:38)
	at org.gradle.tooling.internal.provider.GradleThreadBuildActionExecuter.execute(GradleThreadBuildActionExecuter.java:37)
	at org.gradle.tooling.internal.provider.GradleThreadBuildActionExecuter.execute(GradleThreadBuildActionExecuter.java:26)
	at org.gradle.tooling.internal.provider.ParallelismConfigurationBuildActionExecuter.execute(ParallelismConfigurationBuildActionExecuter.java:43)
	at org.gradle.tooling.internal.provider.ParallelismConfigurationBuildActionExecuter.execute(ParallelismConfigurationBuildActionExecuter.java:29)
	at org.gradle.tooling.internal.provider.StartParamsValidatingActionExecuter.execute(StartParamsValidatingActionExecuter.java:60)
	at org.gradle.tooling.internal.provider.StartParamsValidatingActionExecuter.execute(StartParamsValidatingActionExecuter.java:32)
	at org.gradle.tooling.internal.provider.SessionFailureReportingActionExecuter.execute(SessionFailureReportingActionExecuter.java:55)
	at org.gradle.tooling.internal.provider.SessionFailureReportingActionExecuter.execute(SessionFailureReportingActionExecuter.java:41)
	at org.gradle.tooling.internal.provider.SetupLoggingActionExecuter.execute(SetupLoggingActionExecuter.java:48)
	at org.gradle.tooling.internal.provider.SetupLoggingActionExecuter.execute(SetupLoggingActionExecuter.java:32)
	at org.gradle.launcher.cli.RunBuildAction.run(RunBuildAction.java:55)
	at org.gradle.internal.Actions$RunnableActionAdapter.execute(Actions.java:207)
	at org.gradle.launcher.cli.CommandLineActionFactory$ParseAndBuildAction.execute(CommandLineActionFactory.java:403)
	at org.gradle.launcher.cli.CommandLineActionFactory$ParseAndBuildAction.execute(CommandLineActionFactory.java:376)
	at org.gradle.launcher.cli.ExceptionReportingAction.execute(ExceptionReportingAction.java:37)
	at org.gradle.launcher.cli.ExceptionReportingAction.execute(ExceptionReportingAction.java:23)
	at org.gradle.launcher.cli.CommandLineActionFactory$WithLogging.execute(CommandLineActionFactory.java:369)
	at org.gradle.launcher.cli.CommandLineActionFactory$WithLogging.execute(CommandLineActionFactory.java:299)
	at org.gradle.launcher.Main.doAction(Main.java:36)
	at org.gradle.launcher.bootstrap.EntryPoint.run(EntryPoint.java:45)
	at org.gradle.launcher.bootstrap.ProcessBootstrap.runNoExit(ProcessBootstrap.java:60)
	at org.gradle.launcher.bootstrap.ProcessBootstrap.run(ProcessBootstrap.java:37)
	at org.gradle.launcher.GradleMain.main(GradleMain.java:23)
	at org.gradle.wrapper.BootstrapMainStarter.start(BootstrapMainStarter.java:30)
	at org.gradle.wrapper.WrapperExecutor.execute(WrapperExecutor.java:129)
	at org.gradle.wrapper.GradleWrapperMain.main(GradleWrapperMain.java:61)


* Get more help at https://help.gradle.org

BUILD FAILED in 1s

2020-01-06 21:10:59,835 INFO  ProjectTaskService - Detecting possible tasks...
2020-01-06 21:10:59,835 INFO  SysUtils - Execute command: [/var/folders/bq/vtzpc5ns5sg2cthy61lqpg3dfzgbys/T/1578319729151-0/src/gradlew, -b, /var/folders/bq/vtzpc5ns5sg2cthy61lqpg3dfzgbys/T/1578319729151-0/src/app/build.gradle, -Dorg.gradle.daemon=false, -Dorg.gradle.daemon.performance.enable-monitoring=false, -Dorg.gradle.configureondemand=true, tasks]
2020-01-06 21:11:06,146 INFO  ProjectTaskService - Detected possible tasks: 67
2020-01-06 21:11:06,146 INFO  ProjectTaskService - Excluded tasks (19): lintDebug deviceCheck lint testReleaseUnitTest uninstallRelease deviceAndroidTest uninstallDebugAndroidTest installRelease installDebugAndroidTest connectedCheck connectedDebugAndroidTest uninstallAll test check testDebugUnitTest connectedAndroidTest installDebug lintRelease uninstallDebug
2020-01-06 21:11:06,146 INFO  SysUtils - Execute command: [/var/folders/bq/vtzpc5ns5sg2cthy61lqpg3dfzgbys/T/1578319729151-0/src/gradlew, -b, /var/folders/bq/vtzpc5ns5sg2cthy61lqpg3dfzgbys/T/1578319729151-0/src/app/build.gradle, -Dorg.gradle.daemon=false, -Dorg.gradle.daemon.performance.enable-monitoring=false, -Dorg.gradle.configureondemand=true, --stacktrace, -x, lintDebug, -x, deviceCheck, -x, lint, -x, testReleaseUnitTest, -x, uninstallRelease, -x, deviceAndroidTest, -x, uninstallDebugAndroidTest, -x, installRelease, -x, installDebugAndroidTest, -x, connectedCheck, -x, connectedDebugAndroidTest, -x, uninstallAll, -x, test, -x, check, -x, testDebugUnitTest, -x, connectedAndroidTest, -x, installDebug, -x, lintRelease, -x, uninstallDebug, build]
2020-01-06 21:12:07,694 INFO  SysUtils - Configuration on demand is an incubating feature.
> Task :app:preBuild UP-TO-DATE
> Task :app:preDebugBuild
> Task :app:compileDebugAidl NO-SOURCE
> Task :app:compileDebugRenderscript NO-SOURCE
> Task :app:checkDebugManifest
> Task :app:generateDebugBuildConfig
> Task :app:prepareLintJar
> Task :app:generateDebugSources
> Task :app:javaPreCompileDebug
> Task :app:mainApkListPersistenceDebug
> Task :app:generateDebugResValues
> Task :app:generateDebugResources
> Task :app:mergeDebugResources
> Task :app:createDebugCompatibleScreenManifests
> Task :app:processDebugManifest
> Task :app:processDebugResources

> Task :app:compileDebugJavaWithJavac
Gradle may disable incremental compilation as the following annotation processors are not incremental: compiler-4.8.0.jar (com.github.bumptech.glide:compiler:4.8.0).
Consider setting the experimental feature flag android.enableSeparateAnnotationProcessing=true in the gradle.properties file to run annotation processing in a separate task and make compilation incremental.

> Task :app:compileDebugSources
> Task :app:mergeDebugShaders
> Task :app:compileDebugShaders
> Task :app:generateDebugAssets
> Task :app:mergeDebugAssets
> Task :app:checkDebugDuplicateClasses
> Task :app:mergeExtDexDebug
> Task :app:transformClassesWithDexBuilderForDebug
> Task :app:mergeDexDebug
> Task :app:validateSigningDebug
> Task :app:signingConfigWriterDebug
> Task :app:mergeDebugJniLibFolders
> Task :app:transformNativeLibsWithMergeJniLibsForDebug

> Task :app:transformNativeLibsWithStripDebugSymbolForDebug
Unable to strip library '/private/var/folders/bq/vtzpc5ns5sg2cthy61lqpg3dfzgbys/T/1578319729151-0/src/app/build/intermediates/transforms/mergeJniLibs/debug/0/lib/mips/libRSSupport.so' due to missing strip tool for ABI 'MIPS'. Packaging it as is.
Unable to strip library '/private/var/folders/bq/vtzpc5ns5sg2cthy61lqpg3dfzgbys/T/1578319729151-0/src/app/build/intermediates/transforms/mergeJniLibs/debug/0/lib/mips/libpl_droidsonroids_gif.so' due to missing strip tool for ABI 'MIPS'. Packaging it as is.
Unable to strip library '/private/var/folders/bq/vtzpc5ns5sg2cthy61lqpg3dfzgbys/T/1578319729151-0/src/app/build/intermediates/transforms/mergeJniLibs/debug/0/lib/mips/librsjni.so' due to missing strip tool for ABI 'MIPS'. Packaging it as is.
Unable to strip library '/private/var/folders/bq/vtzpc5ns5sg2cthy61lqpg3dfzgbys/T/1578319729151-0/src/app/build/intermediates/transforms/mergeJniLibs/debug/0/lib/mips64/libpl_droidsonroids_gif.so' due to missing strip tool for ABI 'MIPS64'. Packaging it as is.
Unable to strip library '/private/var/folders/bq/vtzpc5ns5sg2cthy61lqpg3dfzgbys/T/1578319729151-0/src/app/build/intermediates/transforms/mergeJniLibs/debug/0/lib/armeabi/libpl_droidsonroids_gif.so' due to missing strip tool for ABI 'ARMEABI'. Packaging it as is.

> Task :app:processDebugJavaRes NO-SOURCE
> Task :app:transformResourcesWithMergeJavaResForDebug
> Task :app:packageDebug
> Task :app:assembleDebug
> Task :app:extractProguardFiles
> Task :app:preReleaseBuild
> Task :app:compileReleaseAidl NO-SOURCE
> Task :app:compileReleaseRenderscript NO-SOURCE
> Task :app:checkReleaseManifest
> Task :app:generateReleaseBuildConfig
> Task :app:generateReleaseSources
> Task :app:javaPreCompileRelease
> Task :app:mainApkListPersistenceRelease
> Task :app:generateReleaseResValues
> Task :app:generateReleaseResources
> Task :app:mergeReleaseResources
> Task :app:createReleaseCompatibleScreenManifests
> Task :app:processReleaseManifest
> Task :app:processReleaseResources

> Task :app:compileReleaseJavaWithJavac
Gradle may disable incremental compilation as the following annotation processors are not incremental: compiler-4.8.0.jar (com.github.bumptech.glide:compiler:4.8.0).
Consider setting the experimental feature flag android.enableSeparateAnnotationProcessing=true in the gradle.properties file to run annotation processing in a separate task and make compilation incremental.

> Task :app:compileReleaseSources

> Task :app:lintVitalRelease
Calling mockable JAR artifact transform to create file: /Users/vbauer/.gradle/caches/transforms-2/files-2.1/71ca4155ee4686bd9d38774dd338556b/android.jar with input /Users/vbauer/Library/Android/sdk/platforms/android-28/android.jar

> Task :app:mergeReleaseShaders
> Task :app:compileReleaseShaders
> Task :app:generateReleaseAssets
> Task :app:mergeReleaseAssets
> Task :app:validateSigningRelease
> Task :app:signingConfigWriterRelease
> Task :app:processReleaseJavaRes NO-SOURCE
> Task :app:transformResourcesWithMergeJavaResForRelease
D8: The rule `-keep public class * extends androidx.versionedparcelable.VersionedParcelable {
  <init>();
}` uses extends but actually matches implements.

> Task :app:transformClassesAndResourcesWithR8ForRelease
R8 is the new Android code shrinker. If you experience any issues, please file a bug at
https://issuetracker.google.com, using 'Shrinker (R8)' as component name. You can
disable R8 by updating gradle.properties with 'android.enableR8=false'.
Current version is: 1.4.94 (build 390954928f0db9c3b888a367f7f128ce3bbfb160 from go/r8bot (luci-r8-ci-archive-0-5g74)).


> Task :app:mergeReleaseJniLibFolders
> Task :app:transformNativeLibsWithMergeJniLibsForRelease

> Task :app:transformNativeLibsWithStripDebugSymbolForRelease
Unable to strip library '/private/var/folders/bq/vtzpc5ns5sg2cthy61lqpg3dfzgbys/T/1578319729151-0/src/app/build/intermediates/transforms/mergeJniLibs/release/0/lib/mips/libRSSupport.so' due to missing strip tool for ABI 'MIPS'. Packaging it as is.
Unable to strip library '/private/var/folders/bq/vtzpc5ns5sg2cthy61lqpg3dfzgbys/T/1578319729151-0/src/app/build/intermediates/transforms/mergeJniLibs/release/0/lib/mips/libpl_droidsonroids_gif.so' due to missing strip tool for ABI 'MIPS'. Packaging it as is.
Unable to strip library '/private/var/folders/bq/vtzpc5ns5sg2cthy61lqpg3dfzgbys/T/1578319729151-0/src/app/build/intermediates/transforms/mergeJniLibs/release/0/lib/mips/librsjni.so' due to missing strip tool for ABI 'MIPS'. Packaging it as is.
Unable to strip library '/private/var/folders/bq/vtzpc5ns5sg2cthy61lqpg3dfzgbys/T/1578319729151-0/src/app/build/intermediates/transforms/mergeJniLibs/release/0/lib/mips64/libpl_droidsonroids_gif.so' due to missing strip tool for ABI 'MIPS64'. Packaging it as is.
Unable to strip library '/private/var/folders/bq/vtzpc5ns5sg2cthy61lqpg3dfzgbys/T/1578319729151-0/src/app/build/intermediates/transforms/mergeJniLibs/release/0/lib/armeabi/libpl_droidsonroids_gif.so' due to missing strip tool for ABI 'ARMEABI'. Packaging it as is.

> Task :app:packageRelease
> Task :app:assembleRelease
> Task :app:assemble
> Task :app:build

Deprecated Gradle features were used in this build, making it incompatible with Gradle 6.0.
Use '--warning-mode all' to show the individual deprecation warnings.
See https://docs.gradle.org/5.1.1/userguide/command_line_interface.html#sec:command_line_warnings

BUILD SUCCESSFUL in 1m 1s
50 actionable tasks: 50 executed

2020-01-06 21:12:07,774 INFO  FullProcessService - Found APK file: /var/folders/bq/vtzpc5ns5sg2cthy61lqpg3dfzgbys/T/1578319729151-0/src/app/build/outputs/apk/debug/app-debug.apk
