2020-01-19 21:20:13,895 INFO  DownloadService - Downloading "https://github.com/dbof10/redux-observable/archive/master.zip", attempt 3
2020-01-19 21:20:14,504 INFO  DownloadService - Downloaded https://github.com/dbof10/redux-observable/archive/master.zip, attempt 3
2020-01-19 21:20:14,504 INFO  DownloadService - Size of file "/var/folders/bq/vtzpc5ns5sg2cthy61lqpg3dfzgbys/T/1579443613891-0/master.zip": 141 KB
2020-01-19 21:20:14,504 INFO  ArchiveUtils - Checking entries [.gradle] in ZIP file...
2020-01-19 21:20:14,510 INFO  ArchiveUtils - Has entries [.gradle] in ZIP file /var/folders/bq/vtzpc5ns5sg2cthy61lqpg3dfzgbys/T/1579443613891-0/master.zip: true
2020-01-19 21:20:14,510 DEBUG ZipUtil - Extracting '/var/folders/bq/vtzpc5ns5sg2cthy61lqpg3dfzgbys/T/1579443613891-0/master.zip' into '/var/folders/bq/vtzpc5ns5sg2cthy61lqpg3dfzgbys/T/1579443613891-0/src'.
2020-01-19 21:20:14,556 INFO  FullProcessService - Size of directory with sources: 218 KB
2020-01-19 21:20:14,556 INFO  SysUtils - Execute command: [git, init, /var/folders/bq/vtzpc5ns5sg2cthy61lqpg3dfzgbys/T/1579443613891-0/src]
2020-01-19 21:20:14,573 INFO  SysUtils - Initialized empty Git repository in /private/var/folders/bq/vtzpc5ns5sg2cthy61lqpg3dfzgbys/T/1579443613891-0/src/.git/

2020-01-19 21:20:14,577 INFO  ProjectBuildService - Gradle wrapper(s): /var/folders/bq/vtzpc5ns5sg2cthy61lqpg3dfzgbys/T/1579443613891-0/src/redux-observable-master/gradlew
2020-01-19 21:20:14,581 INFO  ProjectBuildService - Build script(s): /var/folders/bq/vtzpc5ns5sg2cthy61lqpg3dfzgbys/T/1579443613891-0/src/redux-observable-master/app/build.gradle /var/folders/bq/vtzpc5ns5sg2cthy61lqpg3dfzgbys/T/1579443613891-0/src/redux-observable-master/build.gradle
2020-01-19 21:20:14,584 INFO  ProjectBuildService - All script(s): /var/folders/bq/vtzpc5ns5sg2cthy61lqpg3dfzgbys/T/1579443613891-0/src/redux-observable-master/tools/script-pmd.gradle /var/folders/bq/vtzpc5ns5sg2cthy61lqpg3dfzgbys/T/1579443613891-0/src/redux-observable-master/tools/script-java-code-coverage.gradle /var/folders/bq/vtzpc5ns5sg2cthy61lqpg3dfzgbys/T/1579443613891-0/src/redux-observable-master/tools/script-git-version.gradle /var/folders/bq/vtzpc5ns5sg2cthy61lqpg3dfzgbys/T/1579443613891-0/src/redux-observable-master/tools/script-lint.gradle /var/folders/bq/vtzpc5ns5sg2cthy61lqpg3dfzgbys/T/1579443613891-0/src/redux-observable-master/tools/script-findbugs.gradle /var/folders/bq/vtzpc5ns5sg2cthy61lqpg3dfzgbys/T/1579443613891-0/src/redux-observable-master/tools/script-dependencies.gradle /var/folders/bq/vtzpc5ns5sg2cthy61lqpg3dfzgbys/T/1579443613891-0/src/redux-observable-master/tools/script-java-code-coverage-library.gradle /var/folders/bq/vtzpc5ns5sg2cthy61lqpg3dfzgbys/T/1579443613891-0/src/redux-observable-master/app/build.gradle /var/folders/bq/vtzpc5ns5sg2cthy61lqpg3dfzgbys/T/1579443613891-0/src/redux-observable-master/build.gradle /var/folders/bq/vtzpc5ns5sg2cthy61lqpg3dfzgbys/T/1579443613891-0/src/redux-observable-master/settings.gradle
2020-01-19 21:20:14,585 INFO  ProjectBuildService - Remote scripts: none
2020-01-19 21:20:14,585 INFO  ProjectFixService - Fixing project...
2020-01-19 21:20:14,594 INFO  LocalPropertiesFixService - Created fake /var/folders/bq/vtzpc5ns5sg2cthy61lqpg3dfzgbys/T/1579443613891-0/src/redux-observable-master/app/local.properties
2020-01-19 21:20:14,598 INFO  ProjectFixService - Build info for "/var/folders/bq/vtzpc5ns5sg2cthy61lqpg3dfzgbys/T/1579443613891-0/src/redux-observable-master/app/build.gradle": [buildToolsVersion=25.0.2,compileSdkVersion=25,minSdkVersion=<null>,targetSdkVersion=<null>]
2020-01-19 21:20:14,598 INFO  ProjectFixService - Fixed build info for "/var/folders/bq/vtzpc5ns5sg2cthy61lqpg3dfzgbys/T/1579443613891-0/src/redux-observable-master/app/build.gradle": [buildToolsVersion=25.0.2,compileSdkVersion=25,minSdkVersion=29,targetSdkVersion=29]
2020-01-19 21:20:14,599 INFO  LocalPropertiesFixService - Created fake /var/folders/bq/vtzpc5ns5sg2cthy61lqpg3dfzgbys/T/1579443613891-0/src/redux-observable-master/local.properties
2020-01-19 21:20:14,599 INFO  WrapperPropertiesFixService - Gradle wrapper: https://services.gradle.org/distributions/gradle-3.3-all.zip
2020-01-19 21:20:14,599 INFO  WrapperPropertiesFixService - Gradle wrapper was changed from "-all.zip" to "-bin.zip" (https://services.gradle.org/distributions/gradle-3.3-bin.zip)
2020-01-19 21:20:14,602 INFO  ProjectFixService - Build info for "/var/folders/bq/vtzpc5ns5sg2cthy61lqpg3dfzgbys/T/1579443613891-0/src/redux-observable-master/build.gradle": [buildToolsVersion=25.0.2,compileSdkVersion=25,minSdkVersion=<null>,targetSdkVersion=<null>]
2020-01-19 21:20:14,602 INFO  ProjectFixService - Fixed build info for "/var/folders/bq/vtzpc5ns5sg2cthy61lqpg3dfzgbys/T/1579443613891-0/src/redux-observable-master/build.gradle": [buildToolsVersion=25.0.2,compileSdkVersion=25,minSdkVersion=29,targetSdkVersion=29]
2020-01-19 21:20:14,603 INFO  ProjectFixService - Project was maybe fixed
2020-01-19 21:20:14,603 INFO  ProjectTaskService - Detecting possible tasks...
2020-01-19 21:20:14,603 INFO  SysUtils - Execute command: [/var/folders/bq/vtzpc5ns5sg2cthy61lqpg3dfzgbys/T/1579443613891-0/src/redux-observable-master/gradlew, -b, /var/folders/bq/vtzpc5ns5sg2cthy61lqpg3dfzgbys/T/1579443613891-0/src/redux-observable-master/app/build.gradle, -Dorg.gradle.daemon=false, -Dorg.gradle.daemon.performance.enable-monitoring=false, -Dorg.gradle.configureondemand=true, tasks]
2020-01-19 21:20:14,717 ERROR ProjectTaskService - Could not detect possible Gradle tasks: Process exited with an error: 1 (Exit value: 1)
2020-01-19 21:20:14,717 INFO  ProjectTaskService - Detected possible tasks: 0
2020-01-19 21:20:14,717 INFO  ProjectTaskService - Excluded tasks (0): none
2020-01-19 21:20:14,717 INFO  SysUtils - Execute command: [/var/folders/bq/vtzpc5ns5sg2cthy61lqpg3dfzgbys/T/1579443613891-0/src/redux-observable-master/gradlew, -b, /var/folders/bq/vtzpc5ns5sg2cthy61lqpg3dfzgbys/T/1579443613891-0/src/redux-observable-master/app/build.gradle, -Dorg.gradle.daemon=false, -Dorg.gradle.daemon.performance.enable-monitoring=false, -Dorg.gradle.configureondemand=true, --stacktrace, build]
2020-01-19 21:20:14,828 ERROR SysUtils - Could not process external command
org.apache.commons.exec.ExecuteException: Process exited with an error: 1 (Exit value: 1)
	at org.apache.commons.exec.DefaultExecutor.executeInternal(DefaultExecutor.java:404)
	at org.apache.commons.exec.DefaultExecutor.execute(DefaultExecutor.java:166)
	at com.github.vbauer.apkmaster.util.SysUtils.execute(SysUtils.java:67)
	at com.github.vbauer.apkmaster.util.SysUtils.executeSimple(SysUtils.java:43)
	at com.github.vbauer.apkmaster.service.assembly.ProjectBuildService.buildProject(ProjectBuildService.java:78)
	at com.github.vbauer.apkmaster.service.assembly.ProjectBuildService.buildProject(ProjectBuildService.java:64)
	at com.github.vbauer.apkmaster.service.assembly.ProjectBuildService.buildProject(ProjectBuildService.java:43)
	at com.github.vbauer.apkmaster.service.FullProcessService.build(FullProcessService.java:84)
	at com.github.vbauer.apkmaster.service.FullProcessService.process(FullProcessService.java:34)
	at com.github.vbauer.apkmaster.app.MainApplication.process(MainApplication.java:38)
	at com.github.vbauer.apkmaster.app.MainApplication.main(MainApplication.java:20)
	at sun.reflect.GeneratedMethodAccessor9.invoke(Unknown Source)
	at sun.reflect.DelegatingMethodAccessorImpl.invoke(DelegatingMethodAccessorImpl.java:43)
	at java.lang.reflect.Method.invoke(Method.java:498)
	at com.android.arsenal.util.ReflectionUtils.invoke(ReflectionUtils.java:52)
	at com.android.arsenal.util.ApkMasterUtils.main(ApkMasterUtils.java:30)
	at com.android.arsenal.service.processor.impl.BuildProcessorServiceImpl.buildProject(BuildProcessorServiceImpl.java:197)
	at com.android.arsenal.service.processor.impl.BuildProcessorServiceImpl.build(BuildProcessorServiceImpl.java:131)
	at com.android.arsenal.service.processor.impl.BuildProcessorServiceImpl.lambda$createTasks$1(BuildProcessorServiceImpl.java:114)
	at java.util.concurrent.FutureTask.run(FutureTask.java:266)
	at java.util.concurrent.Executors$RunnableAdapter.call(Executors.java:511)
	at java.util.concurrent.FutureTask.run(FutureTask.java:266)
	at java.util.concurrent.ThreadPoolExecutor.runWorker(ThreadPoolExecutor.java:1149)
	at java.util.concurrent.ThreadPoolExecutor$Worker.run(ThreadPoolExecutor.java:624)
	at java.lang.Thread.run(Thread.java:748)
2020-01-19 21:20:14,828 INFO  SysUtils - Error: Could not find or load main class org.gradle.wrapper.GradleWrapperMain

2020-01-19 21:20:14,832 INFO  ProjectTaskService - Detecting possible tasks...
2020-01-19 21:20:14,832 INFO  SysUtils - Execute command: [/var/folders/bq/vtzpc5ns5sg2cthy61lqpg3dfzgbys/T/1579443613891-0/src/redux-observable-master/gradlew, -b, /var/folders/bq/vtzpc5ns5sg2cthy61lqpg3dfzgbys/T/1579443613891-0/src/redux-observable-master/build.gradle, -Dorg.gradle.daemon=false, -Dorg.gradle.daemon.performance.enable-monitoring=false, -Dorg.gradle.configureondemand=true, tasks]
2020-01-19 21:20:14,964 ERROR ProjectTaskService - Could not detect possible Gradle tasks: Process exited with an error: 1 (Exit value: 1)
2020-01-19 21:20:14,964 INFO  ProjectTaskService - Detected possible tasks: 0
2020-01-19 21:20:14,964 INFO  ProjectTaskService - Excluded tasks (0): none
2020-01-19 21:20:14,965 INFO  SysUtils - Execute command: [/var/folders/bq/vtzpc5ns5sg2cthy61lqpg3dfzgbys/T/1579443613891-0/src/redux-observable-master/gradlew, -b, /var/folders/bq/vtzpc5ns5sg2cthy61lqpg3dfzgbys/T/1579443613891-0/src/redux-observable-master/build.gradle, -Dorg.gradle.daemon=false, -Dorg.gradle.daemon.performance.enable-monitoring=false, -Dorg.gradle.configureondemand=true, --stacktrace, build]
2020-01-19 21:20:15,088 ERROR SysUtils - Could not process external command
org.apache.commons.exec.ExecuteException: Process exited with an error: 1 (Exit value: 1)
	at org.apache.commons.exec.DefaultExecutor.executeInternal(DefaultExecutor.java:404)
	at org.apache.commons.exec.DefaultExecutor.execute(DefaultExecutor.java:166)
	at com.github.vbauer.apkmaster.util.SysUtils.execute(SysUtils.java:67)
	at com.github.vbauer.apkmaster.util.SysUtils.executeSimple(SysUtils.java:43)
	at com.github.vbauer.apkmaster.service.assembly.ProjectBuildService.buildProject(ProjectBuildService.java:78)
	at com.github.vbauer.apkmaster.service.assembly.ProjectBuildService.buildProject(ProjectBuildService.java:64)
	at com.github.vbauer.apkmaster.service.assembly.ProjectBuildService.buildProject(ProjectBuildService.java:43)
	at com.github.vbauer.apkmaster.service.FullProcessService.build(FullProcessService.java:84)
	at com.github.vbauer.apkmaster.service.FullProcessService.process(FullProcessService.java:34)
	at com.github.vbauer.apkmaster.app.MainApplication.process(MainApplication.java:38)
	at com.github.vbauer.apkmaster.app.MainApplication.main(MainApplication.java:20)
	at sun.reflect.GeneratedMethodAccessor9.invoke(Unknown Source)
	at sun.reflect.DelegatingMethodAccessorImpl.invoke(DelegatingMethodAccessorImpl.java:43)
	at java.lang.reflect.Method.invoke(Method.java:498)
	at com.android.arsenal.util.ReflectionUtils.invoke(ReflectionUtils.java:52)
	at com.android.arsenal.util.ApkMasterUtils.main(ApkMasterUtils.java:30)
	at com.android.arsenal.service.processor.impl.BuildProcessorServiceImpl.buildProject(BuildProcessorServiceImpl.java:197)
	at com.android.arsenal.service.processor.impl.BuildProcessorServiceImpl.build(BuildProcessorServiceImpl.java:131)
	at com.android.arsenal.service.processor.impl.BuildProcessorServiceImpl.lambda$createTasks$1(BuildProcessorServiceImpl.java:114)
	at java.util.concurrent.FutureTask.run(FutureTask.java:266)
	at java.util.concurrent.Executors$RunnableAdapter.call(Executors.java:511)
	at java.util.concurrent.FutureTask.run(FutureTask.java:266)
	at java.util.concurrent.ThreadPoolExecutor.runWorker(ThreadPoolExecutor.java:1149)
	at java.util.concurrent.ThreadPoolExecutor$Worker.run(ThreadPoolExecutor.java:624)
	at java.lang.Thread.run(Thread.java:748)
2020-01-19 21:20:15,088 INFO  SysUtils - Error: Could not find or load main class org.gradle.wrapper.GradleWrapperMain

2020-01-19 21:20:15,093 ERROR FullProcessService - Project build has not produced APK file
2020-01-19 21:20:15,098 ERROR FullProcessService - Could not find generated or existed APK file
