2019-03-12 12:17:11,643 INFO  DownloadService - Downloading "https://github.com/shiburagi/Drawer-Behavior/archive/master.zip", attempt 3
2019-03-12 12:17:14,551 INFO  DownloadService - Downloaded https://github.com/shiburagi/Drawer-Behavior/archive/master.zip, attempt 3
2019-03-12 12:17:14,552 INFO  DownloadService - Size of file "/var/folders/bq/vtzpc5ns5sg2cthy61lqpg3dfzgbys/T/1552367831640-0/master.zip": 221 KB
2019-03-12 12:17:14,552 INFO  ArchiveUtils - Checking entries [.gradle] in ZIP file...
2019-03-12 12:17:14,553 INFO  ArchiveUtils - Has entries [.gradle] in ZIP file /var/folders/bq/vtzpc5ns5sg2cthy61lqpg3dfzgbys/T/1552367831640-0/master.zip: true
2019-03-12 12:17:14,553 DEBUG ZipUtil - Extracting '/var/folders/bq/vtzpc5ns5sg2cthy61lqpg3dfzgbys/T/1552367831640-0/master.zip' into '/var/folders/bq/vtzpc5ns5sg2cthy61lqpg3dfzgbys/T/1552367831640-0/src'.
2019-03-12 12:17:14,580 INFO  FullProcessService - Size of directory with sources: 279 KB
2019-03-12 12:17:14,581 INFO  SysUtils - Execute command: [git, init, /var/folders/bq/vtzpc5ns5sg2cthy61lqpg3dfzgbys/T/1552367831640-0/src]
2019-03-12 12:17:14,963 INFO  SysUtils - Initialized empty Git repository in /private/var/folders/bq/vtzpc5ns5sg2cthy61lqpg3dfzgbys/T/1552367831640-0/src/.git/

2019-03-12 12:17:14,967 INFO  ProjectBuildService - Gradle wrapper(s): /var/folders/bq/vtzpc5ns5sg2cthy61lqpg3dfzgbys/T/1552367831640-0/src/Drawer-Behavior-master/drawerbehavior/gradlew /var/folders/bq/vtzpc5ns5sg2cthy61lqpg3dfzgbys/T/1552367831640-0/src/Drawer-Behavior-master/gradlew
2019-03-12 12:17:14,970 INFO  ProjectBuildService - Build script(s): /var/folders/bq/vtzpc5ns5sg2cthy61lqpg3dfzgbys/T/1552367831640-0/src/Drawer-Behavior-master/drawerbehavior/build.gradle /var/folders/bq/vtzpc5ns5sg2cthy61lqpg3dfzgbys/T/1552367831640-0/src/Drawer-Behavior-master/app/build.gradle /var/folders/bq/vtzpc5ns5sg2cthy61lqpg3dfzgbys/T/1552367831640-0/src/Drawer-Behavior-master/build.gradle
2019-03-12 12:17:14,973 INFO  ProjectBuildService - All script(s): /var/folders/bq/vtzpc5ns5sg2cthy61lqpg3dfzgbys/T/1552367831640-0/src/Drawer-Behavior-master/app/build.gradle /var/folders/bq/vtzpc5ns5sg2cthy61lqpg3dfzgbys/T/1552367831640-0/src/Drawer-Behavior-master/drawerbehavior/build.gradle /var/folders/bq/vtzpc5ns5sg2cthy61lqpg3dfzgbys/T/1552367831640-0/src/Drawer-Behavior-master/build.gradle /var/folders/bq/vtzpc5ns5sg2cthy61lqpg3dfzgbys/T/1552367831640-0/src/Drawer-Behavior-master/settings.gradle
2019-03-12 12:17:14,974 INFO  DownloadService - Downloading "https://raw.githubusercontent.com/blundell/release-android-library/", attempt 3
2019-03-12 12:17:20,991 INFO  DownloadService - Downloading "https://raw.githubusercontent.com/blundell/release-android-library/", attempt 2
2019-03-12 12:17:26,388 INFO  DownloadService - Downloading "https://raw.githubusercontent.com/blundell/release-android-library/", attempt 1
2019-03-12 12:28:37,788 ERROR RemoteScriptService - Could not download content from "https://raw.githubusercontent.com/blundell/release-android-library/"
org.apache.http.conn.ConnectionPoolTimeoutException: Timeout waiting for connection from pool
	at org.apache.http.impl.conn.PoolingHttpClientConnectionManager.leaseConnection(PoolingHttpClientConnectionManager.java:314)
	at org.apache.http.impl.conn.PoolingHttpClientConnectionManager$1.get(PoolingHttpClientConnectionManager.java:280)
	at org.apache.http.impl.execchain.MainClientExec.execute(MainClientExec.java:190)
	at org.apache.http.impl.execchain.ProtocolExec.execute(ProtocolExec.java:185)
	at org.apache.http.impl.execchain.RetryExec.execute(RetryExec.java:89)
	at org.apache.http.impl.execchain.RedirectExec.execute(RedirectExec.java:110)
	at org.apache.http.impl.client.InternalHttpClient.doExecute(InternalHttpClient.java:185)
	at org.apache.http.impl.client.CloseableHttpClient.execute(CloseableHttpClient.java:83)
	at org.apache.http.impl.client.CloseableHttpClient.execute(CloseableHttpClient.java:108)
	at com.github.vbauer.apkmaster.service.network.DownloadService.download(DownloadService.java:112)
	at com.github.vbauer.apkmaster.service.network.DownloadService.repeatDownload(DownloadService.java:144)
	at com.github.vbauer.apkmaster.service.network.DownloadService.download(DownloadService.java:130)
	at com.github.vbauer.apkmaster.service.network.DownloadService.repeatDownload(DownloadService.java:144)
	at com.github.vbauer.apkmaster.service.network.DownloadService.download(DownloadService.java:130)
	at com.github.vbauer.apkmaster.service.network.DownloadService.downloadContent(DownloadService.java:91)
	at com.github.vbauer.apkmaster.service.assembly.RemoteScriptService.fetchRemoteScript(RemoteScriptService.java:42)
	at com.github.vbauer.apkmaster.service.assembly.RemoteScriptService.detect(RemoteScriptService.java:31)
	at com.github.vbauer.apkmaster.service.assembly.ProjectInfoService.getProjectInfo(ProjectInfoService.java:48)
	at com.github.vbauer.apkmaster.service.FullProcessService.build(FullProcessService.java:77)
	at com.github.vbauer.apkmaster.service.FullProcessService.process(FullProcessService.java:34)
	at com.github.vbauer.apkmaster.app.MainApplication.process(MainApplication.java:38)
	at com.github.vbauer.apkmaster.app.MainApplication.main(MainApplication.java:20)
	at sun.reflect.GeneratedMethodAccessor9.invoke(Unknown Source)
	at sun.reflect.DelegatingMethodAccessorImpl.invoke(DelegatingMethodAccessorImpl.java:43)
	at java.lang.reflect.Method.invoke(Method.java:498)
	at com.android.arsenal.util.ReflectionUtils.invoke(ReflectionUtils.java:52)
	at com.android.arsenal.util.ApkMasterUtils.main(ApkMasterUtils.java:30)
	at com.android.arsenal.service.processor.impl.BuildProcessorServiceImpl.buildProject(BuildProcessorServiceImpl.java:196)
	at com.android.arsenal.service.processor.impl.BuildProcessorServiceImpl.build(BuildProcessorServiceImpl.java:130)
	at com.android.arsenal.service.processor.impl.BuildProcessorServiceImpl.lambda$null$1(BuildProcessorServiceImpl.java:113)
	at java.util.concurrent.FutureTask.run(FutureTask.java:266)
	at java.util.concurrent.Executors$RunnableAdapter.call(Executors.java:511)
	at java.util.concurrent.FutureTask.run(FutureTask.java:266)
	at java.util.concurrent.ThreadPoolExecutor.runWorker(ThreadPoolExecutor.java:1149)
	at java.util.concurrent.ThreadPoolExecutor$Worker.run(ThreadPoolExecutor.java:624)
	at java.lang.Thread.run(Thread.java:748)
2019-03-12 12:28:37,789 INFO  ProjectBuildService - Remote scripts: none
2019-03-12 12:28:37,789 INFO  ProjectFixService - Fixing project...
2019-03-12 12:28:37,800 INFO  LocalPropertiesFixService - Created fake /var/folders/bq/vtzpc5ns5sg2cthy61lqpg3dfzgbys/T/1552367831640-0/src/Drawer-Behavior-master/drawerbehavior/local.properties
2019-03-12 12:28:37,801 INFO  WrapperPropertiesFixService - Gradle wrapper: https://services.gradle.org/distributions/gradle-3.3-all.zip
2019-03-12 12:28:37,801 INFO  WrapperPropertiesFixService - Gradle wrapper was changed from "-all.zip" to "-bin.zip" (https://services.gradle.org/distributions/gradle-3.3-bin.zip)
2019-03-12 12:28:37,802 INFO  ProjectFixService - Build info for "/var/folders/bq/vtzpc5ns5sg2cthy61lqpg3dfzgbys/T/1552367831640-0/src/Drawer-Behavior-master/drawerbehavior/build.gradle": [buildToolsVersion=<null>,compileSdkVersion=28,minSdkVersion=9,targetSdkVersion=28]
2019-03-12 12:28:37,802 INFO  ProjectFixService - Fixed build info for "/var/folders/bq/vtzpc5ns5sg2cthy61lqpg3dfzgbys/T/1552367831640-0/src/Drawer-Behavior-master/drawerbehavior/build.gradle": [buildToolsVersion=28.0.0-rc2,compileSdkVersion=28,minSdkVersion=9,targetSdkVersion=28]
2019-03-12 12:28:37,803 INFO  LocalPropertiesFixService - Created fake /var/folders/bq/vtzpc5ns5sg2cthy61lqpg3dfzgbys/T/1552367831640-0/src/Drawer-Behavior-master/app/local.properties
2019-03-12 12:28:37,806 INFO  ProjectFixService - Build info for "/var/folders/bq/vtzpc5ns5sg2cthy61lqpg3dfzgbys/T/1552367831640-0/src/Drawer-Behavior-master/app/build.gradle": [buildToolsVersion=<null>,compileSdkVersion=28,minSdkVersion=15,targetSdkVersion=28]
2019-03-12 12:28:37,807 INFO  ProjectFixService - Fixed build info for "/var/folders/bq/vtzpc5ns5sg2cthy61lqpg3dfzgbys/T/1552367831640-0/src/Drawer-Behavior-master/app/build.gradle": [buildToolsVersion=28.0.0-rc2,compileSdkVersion=28,minSdkVersion=15,targetSdkVersion=28]
2019-03-12 12:28:37,808 INFO  LocalPropertiesFixService - Created fake /var/folders/bq/vtzpc5ns5sg2cthy61lqpg3dfzgbys/T/1552367831640-0/src/Drawer-Behavior-master/local.properties
2019-03-12 12:28:37,809 INFO  WrapperPropertiesFixService - Gradle wrapper: https://services.gradle.org/distributions/gradle-4.10.1-all.zip
2019-03-12 12:28:37,810 INFO  WrapperPropertiesFixService - Gradle wrapper was changed from "-all.zip" to "-bin.zip" (https://services.gradle.org/distributions/gradle-4.10.1-bin.zip)
2019-03-12 12:28:37,811 INFO  ProjectFixService - Build info for "/var/folders/bq/vtzpc5ns5sg2cthy61lqpg3dfzgbys/T/1552367831640-0/src/Drawer-Behavior-master/build.gradle": [buildToolsVersion=<null>,compileSdkVersion=28,minSdkVersion=15,targetSdkVersion=28]
2019-03-12 12:28:37,811 INFO  ProjectFixService - Fixed build info for "/var/folders/bq/vtzpc5ns5sg2cthy61lqpg3dfzgbys/T/1552367831640-0/src/Drawer-Behavior-master/build.gradle": [buildToolsVersion=28.0.0-rc2,compileSdkVersion=28,minSdkVersion=15,targetSdkVersion=28]
2019-03-12 12:28:37,812 INFO  ProjectFixService - Project was maybe fixed
2019-03-12 12:28:37,812 INFO  ProjectTaskService - Detecting possible tasks...
2019-03-12 12:28:37,812 INFO  SysUtils - Execute command: [/var/folders/bq/vtzpc5ns5sg2cthy61lqpg3dfzgbys/T/1552367831640-0/src/Drawer-Behavior-master/drawerbehavior/gradlew, -b, /var/folders/bq/vtzpc5ns5sg2cthy61lqpg3dfzgbys/T/1552367831640-0/src/Drawer-Behavior-master/drawerbehavior/build.gradle, -Dorg.gradle.daemon=false, -Dorg.gradle.daemon.performance.enable-monitoring=false, -Dorg.gradle.configureondemand=true, tasks]
2019-03-12 12:28:40,197 ERROR ProjectTaskService - Could not detect possible Gradle tasks: Process exited with an error: 1 (Exit value: 1)
2019-03-12 12:28:40,197 INFO  ProjectTaskService - Detected possible tasks: 0
2019-03-12 12:28:40,198 INFO  ProjectTaskService - Excluded tasks (0): none
2019-03-12 12:28:40,198 INFO  SysUtils - Execute command: [/var/folders/bq/vtzpc5ns5sg2cthy61lqpg3dfzgbys/T/1552367831640-0/src/Drawer-Behavior-master/drawerbehavior/gradlew, -b, /var/folders/bq/vtzpc5ns5sg2cthy61lqpg3dfzgbys/T/1552367831640-0/src/Drawer-Behavior-master/drawerbehavior/build.gradle, -Dorg.gradle.daemon=false, -Dorg.gradle.daemon.performance.enable-monitoring=false, -Dorg.gradle.configureondemand=true, --stacktrace, build]
2019-03-12 12:28:42,150 ERROR SysUtils - Could not process external command
org.apache.commons.exec.ExecuteException: Process exited with an error: 1 (Exit value: 1)
	at org.apache.commons.exec.DefaultExecutor.executeInternal(DefaultExecutor.java:404)
	at org.apache.commons.exec.DefaultExecutor.execute(DefaultExecutor.java:166)
	at com.github.vbauer.apkmaster.util.SysUtils.execute(SysUtils.java:67)
	at com.github.vbauer.apkmaster.util.SysUtils.executeSimple(SysUtils.java:43)
	at com.github.vbauer.apkmaster.service.assembly.ProjectBuildService.buildProject(ProjectBuildService.java:78)
	at com.github.vbauer.apkmaster.service.assembly.ProjectBuildService.buildProject(ProjectBuildService.java:64)
	at com.github.vbauer.apkmaster.service.assembly.ProjectBuildService.buildProject(ProjectBuildService.java:43)
	at com.github.vbauer.apkmaster.service.FullProcessService.build(FullProcessService.java:84)
	at com.github.vbauer.apkmaster.service.FullProcessService.process(FullProcessService.java:34)
	at com.github.vbauer.apkmaster.app.MainApplication.process(MainApplication.java:38)
	at com.github.vbauer.apkmaster.app.MainApplication.main(MainApplication.java:20)
	at sun.reflect.GeneratedMethodAccessor9.invoke(Unknown Source)
	at sun.reflect.DelegatingMethodAccessorImpl.invoke(DelegatingMethodAccessorImpl.java:43)
	at java.lang.reflect.Method.invoke(Method.java:498)
	at com.android.arsenal.util.ReflectionUtils.invoke(ReflectionUtils.java:52)
	at com.android.arsenal.util.ApkMasterUtils.main(ApkMasterUtils.java:30)
	at com.android.arsenal.service.processor.impl.BuildProcessorServiceImpl.buildProject(BuildProcessorServiceImpl.java:196)
	at com.android.arsenal.service.processor.impl.BuildProcessorServiceImpl.build(BuildProcessorServiceImpl.java:130)
	at com.android.arsenal.service.processor.impl.BuildProcessorServiceImpl.lambda$null$1(BuildProcessorServiceImpl.java:113)
	at java.util.concurrent.FutureTask.run(FutureTask.java:266)
	at java.util.concurrent.Executors$RunnableAdapter.call(Executors.java:511)
	at java.util.concurrent.FutureTask.run(FutureTask.java:266)
	at java.util.concurrent.ThreadPoolExecutor.runWorker(ThreadPoolExecutor.java:1149)
	at java.util.concurrent.ThreadPoolExecutor$Worker.run(ThreadPoolExecutor.java:624)
	at java.lang.Thread.run(Thread.java:748)
2019-03-12 12:28:42,150 INFO  SysUtils - Configuration on demand is an incubating feature.

FAILURE: Build failed with an exception.

* Where:
Build file '/private/var/folders/bq/vtzpc5ns5sg2cthy61lqpg3dfzgbys/T/1552367831640-0/src/Drawer-Behavior-master/build.gradle' line: 6

* What went wrong:
A problem occurred evaluating root project 'Drawer-Behavior-master'.
> Could not find method google() for arguments [] on repository container.

* Try:
Run with --info or --debug option to get more log output.

* Exception is:
org.gradle.api.GradleScriptException: A problem occurred evaluating root project 'Drawer-Behavior-master'.
	at org.gradle.groovy.scripts.internal.DefaultScriptRunnerFactory$ScriptRunnerImpl.run(DefaultScriptRunnerFactory.java:92)
	at org.gradle.configuration.DefaultScriptPluginFactory$ScriptPluginImpl.apply(DefaultScriptPluginFactory.java:152)
	at org.gradle.configuration.project.BuildScriptProcessor.execute(BuildScriptProcessor.java:39)
	at org.gradle.configuration.project.BuildScriptProcessor.execute(BuildScriptProcessor.java:26)
	at org.gradle.configuration.project.ConfigureActionsProjectEvaluator.evaluate(ConfigureActionsProjectEvaluator.java:34)
	at org.gradle.configuration.project.LifecycleProjectEvaluator.doConfigure(LifecycleProjectEvaluator.java:70)
	at org.gradle.configuration.project.LifecycleProjectEvaluator.access$000(LifecycleProjectEvaluator.java:33)
	at org.gradle.configuration.project.LifecycleProjectEvaluator$1.execute(LifecycleProjectEvaluator.java:53)
	at org.gradle.configuration.project.LifecycleProjectEvaluator$1.execute(LifecycleProjectEvaluator.java:50)
	at org.gradle.internal.Transformers$4.transform(Transformers.java:169)
	at org.gradle.internal.progress.DefaultBuildOperationExecutor.run(DefaultBuildOperationExecutor.java:106)
	at org.gradle.internal.progress.DefaultBuildOperationExecutor.run(DefaultBuildOperationExecutor.java:61)
	at org.gradle.configuration.project.LifecycleProjectEvaluator.evaluate(LifecycleProjectEvaluator.java:50)
	at org.gradle.api.internal.project.DefaultProject.evaluate(DefaultProject.java:628)
	at org.gradle.api.internal.project.DefaultProject.evaluate(DefaultProject.java:129)
	at org.gradle.execution.TaskPathProjectEvaluator.configure(TaskPathProjectEvaluator.java:35)
	at org.gradle.configuration.DefaultBuildConfigurer.configure(DefaultBuildConfigurer.java:36)
	at org.gradle.initialization.DefaultGradleLauncher$1.execute(DefaultGradleLauncher.java:161)
	at org.gradle.initialization.DefaultGradleLauncher$1.execute(DefaultGradleLauncher.java:158)
	at org.gradle.internal.Transformers$4.transform(Transformers.java:169)
	at org.gradle.internal.progress.DefaultBuildOperationExecutor.run(DefaultBuildOperationExecutor.java:106)
	at org.gradle.internal.progress.DefaultBuildOperationExecutor.run(DefaultBuildOperationExecutor.java:56)
	at org.gradle.initialization.DefaultGradleLauncher.doBuildStages(DefaultGradleLauncher.java:158)
	at org.gradle.initialization.DefaultGradleLauncher.doBuild(DefaultGradleLauncher.java:119)
	at org.gradle.initialization.DefaultGradleLauncher.run(DefaultGradleLauncher.java:102)
	at org.gradle.launcher.exec.GradleBuildController.run(GradleBuildController.java:71)
	at org.gradle.tooling.internal.provider.ExecuteBuildActionRunner.run(ExecuteBuildActionRunner.java:28)
	at org.gradle.launcher.exec.ChainingBuildActionRunner.run(ChainingBuildActionRunner.java:35)
	at org.gradle.launcher.exec.InProcessBuildActionExecuter.execute(InProcessBuildActionExecuter.java:41)
	at org.gradle.launcher.exec.InProcessBuildActionExecuter.execute(InProcessBuildActionExecuter.java:26)
	at org.gradle.tooling.internal.provider.ContinuousBuildActionExecuter.execute(ContinuousBuildActionExecuter.java:75)
	at org.gradle.tooling.internal.provider.ContinuousBuildActionExecuter.execute(ContinuousBuildActionExecuter.java:49)
	at org.gradle.tooling.internal.provider.ServicesSetupBuildActionExecuter.execute(ServicesSetupBuildActionExecuter.java:44)
	at org.gradle.tooling.internal.provider.ServicesSetupBuildActionExecuter.execute(ServicesSetupBuildActionExecuter.java:29)
	at org.gradle.launcher.cli.RunBuildAction.run(RunBuildAction.java:51)
	at org.gradle.internal.Actions$RunnableActionAdapter.execute(Actions.java:173)
	at org.gradle.launcher.cli.CommandLineActionFactory$ParseAndBuildAction.execute(CommandLineActionFactory.java:244)
	at org.gradle.launcher.cli.CommandLineActionFactory$ParseAndBuildAction.execute(CommandLineActionFactory.java:217)
	at org.gradle.launcher.cli.JavaRuntimeValidationAction.execute(JavaRuntimeValidationAction.java:33)
	at org.gradle.launcher.cli.JavaRuntimeValidationAction.execute(JavaRuntimeValidationAction.java:24)
	at org.gradle.launcher.cli.ExceptionReportingAction.execute(ExceptionReportingAction.java:33)
	at org.gradle.launcher.cli.ExceptionReportingAction.execute(ExceptionReportingAction.java:22)
	at org.gradle.launcher.cli.CommandLineActionFactory$WithLogging.execute(CommandLineActionFactory.java:210)
	at org.gradle.launcher.cli.CommandLineActionFactory$WithLogging.execute(CommandLineActionFactory.java:174)
	at org.gradle.launcher.Main.doAction(Main.java:33)
	at org.gradle.launcher.bootstrap.EntryPoint.run(EntryPoint.java:45)
	at org.gradle.launcher.bootstrap.ProcessBootstrap.runNoExit(ProcessBootstrap.java:60)
	at org.gradle.launcher.bootstrap.ProcessBootstrap.run(ProcessBootstrap.java:37)
	at org.gradle.launcher.GradleMain.main(GradleMain.java:23)
	at org.gradle.wrapper.BootstrapMainStarter.start(BootstrapMainStarter.java:30)
	at org.gradle.wrapper.WrapperExecutor.execute(WrapperExecutor.java:129)
	at org.gradle.wrapper.GradleWrapperMain.main(GradleWrapperMain.java:61)
Caused by: org.gradle.internal.metaobject.AbstractDynamicObject$CustomMessageMissingMethodException: Could not find method google() for arguments [] on repository container.
	at org.gradle.internal.metaobject.AbstractDynamicObject.methodMissingException(AbstractDynamicObject.java:182)
	at org.gradle.internal.metaobject.ConfigureDelegate.invokeMethod(ConfigureDelegate.java:89)
	at build_2510b6ldkbk5gdne65hp017kt$_run_closure1$_closure2.doCall(/private/var/folders/bq/vtzpc5ns5sg2cthy61lqpg3dfzgbys/T/1552367831640-0/src/Drawer-Behavior-master/build.gradle:6)
	at org.gradle.api.internal.ClosureBackedAction.execute(ClosureBackedAction.java:70)
	at org.gradle.util.ConfigureUtil.configureTarget(ConfigureUtil.java:160)
	at org.gradle.util.ConfigureUtil.configureSelf(ConfigureUtil.java:136)
	at org.gradle.api.internal.artifacts.DefaultArtifactRepositoryContainer.configure(DefaultArtifactRepositoryContainer.java:66)
	at org.gradle.api.internal.artifacts.DefaultArtifactRepositoryContainer.configure(DefaultArtifactRepositoryContainer.java:33)
	at org.gradle.util.ConfigureUtil.configure(ConfigureUtil.java:104)
	at org.gradle.api.internal.initialization.DefaultScriptHandler.repositories(DefaultScriptHandler.java:91)
	at org.gradle.internal.metaobject.BeanDynamicObject$MetaClassAdapter.invokeMethod(BeanDynamicObject.java:382)
	at org.gradle.internal.metaobject.BeanDynamicObject.invokeMethod(BeanDynamicObject.java:170)
	at org.gradle.internal.metaobject.ConfigureDelegate.invokeMethod(ConfigureDelegate.java:59)
	at build_2510b6ldkbk5gdne65hp017kt$_run_closure1.doCall(/private/var/folders/bq/vtzpc5ns5sg2cthy61lqpg3dfzgbys/T/1552367831640-0/src/Drawer-Behavior-master/build.gradle:4)
	at org.gradle.api.internal.ClosureBackedAction.execute(ClosureBackedAction.java:70)
	at org.gradle.util.ConfigureUtil.configureTarget(ConfigureUtil.java:160)
	at org.gradle.util.ConfigureUtil.configure(ConfigureUtil.java:106)
	at org.gradle.api.internal.project.DefaultProject.buildscript(DefaultProject.java:1010)
	at org.gradle.api.internal.project.ProjectScript.buildscript(ProjectScript.java:42)
	at org.gradle.api.Script$buildscript.callCurrent(Unknown Source)
	at build_2510b6ldkbk5gdne65hp017kt.run(/private/var/folders/bq/vtzpc5ns5sg2cthy61lqpg3dfzgbys/T/1552367831640-0/src/Drawer-Behavior-master/build.gradle:3)
	at org.gradle.groovy.scripts.internal.DefaultScriptRunnerFactory$ScriptRunnerImpl.run(DefaultScriptRunnerFactory.java:90)
	... 51 more


BUILD FAILED

Total time: 1.832 secs

2019-03-12 12:28:42,155 INFO  ProjectTaskService - Detecting possible tasks...
2019-03-12 12:28:42,155 INFO  SysUtils - Execute command: [/var/folders/bq/vtzpc5ns5sg2cthy61lqpg3dfzgbys/T/1552367831640-0/src/Drawer-Behavior-master/gradlew, -b, /var/folders/bq/vtzpc5ns5sg2cthy61lqpg3dfzgbys/T/1552367831640-0/src/Drawer-Behavior-master/app/build.gradle, -Dorg.gradle.daemon=false, -Dorg.gradle.daemon.performance.enable-monitoring=false, -Dorg.gradle.configureondemand=true, tasks]
2019-03-12 12:29:15,022 INFO  ProjectTaskService - Detected possible tasks: 66
2019-03-12 12:29:15,024 INFO  ProjectTaskService - Excluded tasks (18): lintDebug deviceCheck lint testReleaseUnitTest uninstallRelease deviceAndroidTest uninstallDebugAndroidTest installDebugAndroidTest connectedCheck connectedDebugAndroidTest uninstallAll test check testDebugUnitTest connectedAndroidTest installDebug lintRelease uninstallDebug
2019-03-12 12:29:15,024 INFO  SysUtils - Execute command: [/var/folders/bq/vtzpc5ns5sg2cthy61lqpg3dfzgbys/T/1552367831640-0/src/Drawer-Behavior-master/gradlew, -b, /var/folders/bq/vtzpc5ns5sg2cthy61lqpg3dfzgbys/T/1552367831640-0/src/Drawer-Behavior-master/app/build.gradle, -Dorg.gradle.daemon=false, -Dorg.gradle.daemon.performance.enable-monitoring=false, -Dorg.gradle.configureondemand=true, --stacktrace, -x, lintDebug, -x, deviceCheck, -x, lint, -x, testReleaseUnitTest, -x, uninstallRelease, -x, deviceAndroidTest, -x, uninstallDebugAndroidTest, -x, installDebugAndroidTest, -x, connectedCheck, -x, connectedDebugAndroidTest, -x, uninstallAll, -x, test, -x, check, -x, testDebugUnitTest, -x, connectedAndroidTest, -x, installDebug, -x, lintRelease, -x, uninstallDebug, build]
2019-03-12 12:29:51,916 INFO  SysUtils - Configuration on demand is an incubating feature.
> Task :app:preBuild UP-TO-DATE
> Task :drawerbehavior:preBuild UP-TO-DATE
> Task :drawerbehavior:preDebugBuild UP-TO-DATE
> Task :drawerbehavior:checkDebugManifest
> Task :drawerbehavior:processDebugManifest
> Task :app:preDebugBuild
> Task :drawerbehavior:compileDebugAidl NO-SOURCE
> Task :app:compileDebugAidl NO-SOURCE
> Task :drawerbehavior:packageDebugRenderscript NO-SOURCE
> Task :app:compileDebugRenderscript
> Task :app:checkDebugManifest
> Task :app:generateDebugBuildConfig
> Task :app:prepareLintJar
> Task :app:generateDebugSources
> Task :drawerbehavior:compileDebugRenderscript
> Task :drawerbehavior:generateDebugBuildConfig
> Task :drawerbehavior:generateDebugResValues
> Task :drawerbehavior:generateDebugResources
> Task :drawerbehavior:packageDebugResources
> Task :drawerbehavior:generateDebugRFile
> Task :drawerbehavior:prepareLintJar
> Task :drawerbehavior:generateDebugSources
> Task :drawerbehavior:javaPreCompileDebug

> Task :drawerbehavior:compileDebugJavaWithJavac
Note: Some input files use or override a deprecated API.
Note: Recompile with -Xlint:deprecation for details.

> Task :drawerbehavior:processDebugJavaRes NO-SOURCE
> Task :drawerbehavior:transformClassesAndResourcesWithPrepareIntermediateJarsForDebug
> Task :app:javaPreCompileDebug
> Task :app:mainApkListPersistenceDebug
> Task :app:generateDebugResValues
> Task :app:generateDebugResources
> Task :app:mergeDebugResources
> Task :app:createDebugCompatibleScreenManifests
> Task :app:processDebugManifest
> Task :app:processDebugResources
> Task :app:compileDebugJavaWithJavac
> Task :app:compileDebugNdk NO-SOURCE
> Task :app:compileDebugSources
> Task :app:mergeDebugShaders
> Task :app:compileDebugShaders
> Task :app:generateDebugAssets
> Task :drawerbehavior:mergeDebugShaders
> Task :drawerbehavior:compileDebugShaders
> Task :drawerbehavior:generateDebugAssets
> Task :drawerbehavior:packageDebugAssets
> Task :app:mergeDebugAssets
> Task :drawerbehavior:createFullJarDebug
> Transform full.jar (project :drawerbehavior) with IdentityTransform
> Task :app:mergeExtDexDebug
> Transform full.jar (project :drawerbehavior) with DexingTransform
> Task :app:transformClassesWithDexBuilderForDebug
> Task :app:mergeDexDebug
> Task :app:validateSigningDebug
> Task :app:signingConfigWriterDebug
> Task :app:mergeDebugJniLibFolders
> Task :drawerbehavior:compileDebugNdk NO-SOURCE
> Task :drawerbehavior:mergeDebugJniLibFolders
> Task :drawerbehavior:transformNativeLibsWithMergeJniLibsForDebug
> Task :drawerbehavior:transformNativeLibsWithStripDebugSymbolForDebug
> Task :drawerbehavior:transformNativeLibsWithIntermediateJniLibsForDebug
> Task :app:transformNativeLibsWithMergeJniLibsForDebug
> Task :app:transformNativeLibsWithStripDebugSymbolForDebug
> Task :app:processDebugJavaRes NO-SOURCE
> Task :app:transformResourcesWithMergeJavaResForDebug
> Task :app:packageDebug
> Task :app:assembleDebug
> Task :drawerbehavior:preReleaseBuild UP-TO-DATE
> Task :drawerbehavior:checkReleaseManifest
> Task :drawerbehavior:processReleaseManifest
> Task :app:preReleaseBuild
> Task :drawerbehavior:compileReleaseAidl NO-SOURCE
> Task :app:compileReleaseAidl NO-SOURCE
> Task :drawerbehavior:packageReleaseRenderscript NO-SOURCE
> Task :app:compileReleaseRenderscript
> Task :app:checkReleaseManifest
> Task :app:generateReleaseBuildConfig
> Task :app:generateReleaseSources
> Task :drawerbehavior:compileReleaseRenderscript
> Task :drawerbehavior:generateReleaseBuildConfig
> Task :drawerbehavior:generateReleaseResValues
> Task :drawerbehavior:generateReleaseResources
> Task :drawerbehavior:packageReleaseResources
> Task :drawerbehavior:generateReleaseRFile
> Task :drawerbehavior:generateReleaseSources
> Task :drawerbehavior:javaPreCompileRelease

> Task :drawerbehavior:compileReleaseJavaWithJavac
Note: Some input files use or override a deprecated API.
Note: Recompile with -Xlint:deprecation for details.

> Task :drawerbehavior:processReleaseJavaRes NO-SOURCE
> Task :drawerbehavior:transformClassesAndResourcesWithPrepareIntermediateJarsForRelease
> Task :app:javaPreCompileRelease
> Task :app:mainApkListPersistenceRelease
> Task :app:generateReleaseResValues
> Task :app:generateReleaseResources
> Task :app:mergeReleaseResources
> Task :app:createReleaseCompatibleScreenManifests
> Task :app:processReleaseManifest
> Task :app:processReleaseResources
> Task :app:compileReleaseJavaWithJavac
> Task :app:compileReleaseNdk NO-SOURCE
> Task :app:compileReleaseSources
> Task :app:lintVitalRelease
> Task :drawerbehavior:createFullJarRelease
> Transform full.jar (project :drawerbehavior) with IdentityTransform
> Task :app:mergeExtDexRelease
> Transform full.jar (project :drawerbehavior) with DexingTransform
> Task :app:transformClassesWithDexBuilderForRelease
> Task :app:mergeDexRelease
> Task :app:mergeReleaseShaders
> Task :app:compileReleaseShaders
> Task :app:generateReleaseAssets
> Task :drawerbehavior:mergeReleaseShaders
> Task :drawerbehavior:compileReleaseShaders
> Task :drawerbehavior:generateReleaseAssets
> Task :drawerbehavior:packageReleaseAssets
> Task :app:mergeReleaseAssets
> Task :app:signingConfigWriterRelease
> Task :app:mergeReleaseJniLibFolders
> Task :drawerbehavior:compileReleaseNdk NO-SOURCE
> Task :drawerbehavior:mergeReleaseJniLibFolders
> Task :drawerbehavior:transformNativeLibsWithMergeJniLibsForRelease
> Task :drawerbehavior:transformNativeLibsWithStripDebugSymbolForRelease
> Task :drawerbehavior:transformNativeLibsWithIntermediateJniLibsForRelease
> Task :app:transformNativeLibsWithMergeJniLibsForRelease
> Task :app:transformNativeLibsWithStripDebugSymbolForRelease
> Task :app:processReleaseJavaRes NO-SOURCE
> Task :app:transformResourcesWithMergeJavaResForRelease
> Task :app:packageRelease
> Task :app:assembleRelease
> Task :app:assemble
> Task :app:build

BUILD SUCCESSFUL in 36s
88 actionable tasks: 88 executed

2019-03-12 12:29:52,010 INFO  FullProcessService - Found APK file: /var/folders/bq/vtzpc5ns5sg2cthy61lqpg3dfzgbys/T/1552367831640-0/src/Drawer-Behavior-master/app/build/outputs/apk/debug/app-debug.apk
