2018-09-02 19:00:19,318 INFO  DownloadService - Downloading "https://github.com/alshell7/VokaturiAndroid/archive/master.zip", attempt 3
2018-09-02 19:00:20,631 INFO  DownloadService - Downloaded https://github.com/alshell7/VokaturiAndroid/archive/master.zip, attempt 3
2018-09-02 19:00:20,631 INFO  DownloadService - Size of file "/var/folders/bq/vtzpc5ns5sg2cthy61lqpg3dfzgbys/T/1535889619310-0/master.zip": 2 MB
2018-09-02 19:00:20,631 INFO  ArchiveUtils - Checking entries [.gradle] in ZIP file...
2018-09-02 19:00:20,637 INFO  ArchiveUtils - Has entries [.gradle] in ZIP file /var/folders/bq/vtzpc5ns5sg2cthy61lqpg3dfzgbys/T/1535889619310-0/master.zip: true
2018-09-02 19:00:20,637 DEBUG ZipUtil - Extracting '/var/folders/bq/vtzpc5ns5sg2cthy61lqpg3dfzgbys/T/1535889619310-0/master.zip' into '/var/folders/bq/vtzpc5ns5sg2cthy61lqpg3dfzgbys/T/1535889619310-0/src'.
2018-09-02 19:00:20,681 INFO  FullProcessService - Size of directory with sources: 2 MB
2018-09-02 19:00:20,681 INFO  SysUtils - Execute command: [git, init, /var/folders/bq/vtzpc5ns5sg2cthy61lqpg3dfzgbys/T/1535889619310-0/src]
2018-09-02 19:00:20,697 INFO  SysUtils - Initialized empty Git repository in /private/var/folders/bq/vtzpc5ns5sg2cthy61lqpg3dfzgbys/T/1535889619310-0/src/.git/

2018-09-02 19:00:20,701 INFO  ProjectBuildService - Gradle wrapper(s): /var/folders/bq/vtzpc5ns5sg2cthy61lqpg3dfzgbys/T/1535889619310-0/src/VokaturiAndroid-master/gradlew
2018-09-02 19:00:20,705 INFO  ProjectBuildService - Build script(s): /var/folders/bq/vtzpc5ns5sg2cthy61lqpg3dfzgbys/T/1535889619310-0/src/VokaturiAndroid-master/app/build.gradle /var/folders/bq/vtzpc5ns5sg2cthy61lqpg3dfzgbys/T/1535889619310-0/src/VokaturiAndroid-master/vokaturi/build.gradle /var/folders/bq/vtzpc5ns5sg2cthy61lqpg3dfzgbys/T/1535889619310-0/src/VokaturiAndroid-master/build.gradle
2018-09-02 19:00:20,708 INFO  ProjectBuildService - All script(s): /var/folders/bq/vtzpc5ns5sg2cthy61lqpg3dfzgbys/T/1535889619310-0/src/VokaturiAndroid-master/app/build.gradle /var/folders/bq/vtzpc5ns5sg2cthy61lqpg3dfzgbys/T/1535889619310-0/src/VokaturiAndroid-master/vokaturi/build.gradle /var/folders/bq/vtzpc5ns5sg2cthy61lqpg3dfzgbys/T/1535889619310-0/src/VokaturiAndroid-master/build.gradle /var/folders/bq/vtzpc5ns5sg2cthy61lqpg3dfzgbys/T/1535889619310-0/src/VokaturiAndroid-master/settings.gradle
2018-09-02 19:00:20,708 INFO  ProjectBuildService - Remote scripts: none
2018-09-02 19:00:20,708 INFO  ProjectFixService - Fixing project...
2018-09-02 19:00:20,716 INFO  LocalPropertiesFixService - Created fake /var/folders/bq/vtzpc5ns5sg2cthy61lqpg3dfzgbys/T/1535889619310-0/src/VokaturiAndroid-master/app/local.properties
2018-09-02 19:00:20,716 INFO  ProjectFixService - Build info for "/var/folders/bq/vtzpc5ns5sg2cthy61lqpg3dfzgbys/T/1535889619310-0/src/VokaturiAndroid-master/app/build.gradle": [buildToolsVersion=26.0.1,compileSdkVersion=26,minSdkVersion=15,targetSdkVersion=26]
2018-09-02 19:00:20,717 INFO  LocalPropertiesFixService - Created fake /var/folders/bq/vtzpc5ns5sg2cthy61lqpg3dfzgbys/T/1535889619310-0/src/VokaturiAndroid-master/vokaturi/local.properties
2018-09-02 19:00:20,717 INFO  ProjectFixService - Build info for "/var/folders/bq/vtzpc5ns5sg2cthy61lqpg3dfzgbys/T/1535889619310-0/src/VokaturiAndroid-master/vokaturi/build.gradle": [buildToolsVersion=26.0.1,compileSdkVersion=26,minSdkVersion=15,targetSdkVersion=26]
2018-09-02 19:00:20,717 INFO  LocalPropertiesFixService - Created fake /var/folders/bq/vtzpc5ns5sg2cthy61lqpg3dfzgbys/T/1535889619310-0/src/VokaturiAndroid-master/local.properties
2018-09-02 19:00:20,717 INFO  WrapperPropertiesFixService - Gradle wrapper: https://services.gradle.org/distributions/gradle-3.3-all.zip
2018-09-02 19:00:20,718 INFO  WrapperPropertiesFixService - Gradle wrapper was changed from "-all.zip" to "-bin.zip" (https://services.gradle.org/distributions/gradle-3.3-bin.zip)
2018-09-02 19:00:20,718 INFO  ProjectFixService - Build info for "/var/folders/bq/vtzpc5ns5sg2cthy61lqpg3dfzgbys/T/1535889619310-0/src/VokaturiAndroid-master/build.gradle": [buildToolsVersion=26.0.1,compileSdkVersion=26,minSdkVersion=15,targetSdkVersion=26]
2018-09-02 19:00:20,718 INFO  ProjectFixService - Project was maybe fixed
2018-09-02 19:00:20,718 INFO  ProjectTaskService - Detecting possible tasks...
2018-09-02 19:00:20,718 INFO  SysUtils - Execute command: [/var/folders/bq/vtzpc5ns5sg2cthy61lqpg3dfzgbys/T/1535889619310-0/src/VokaturiAndroid-master/gradlew, -b, /var/folders/bq/vtzpc5ns5sg2cthy61lqpg3dfzgbys/T/1535889619310-0/src/VokaturiAndroid-master/app/build.gradle, -Dorg.gradle.daemon=false, -Dorg.gradle.daemon.performance.enable-monitoring=false, -Dorg.gradle.configureondemand=true, tasks]
2018-09-02 19:00:27,838 INFO  ProjectTaskService - Detected possible tasks: 66
2018-09-02 19:00:27,839 INFO  ProjectTaskService - Excluded tasks (19): lintDebug mockableAndroidJar deviceCheck lint testReleaseUnitTest uninstallRelease deviceAndroidTest uninstallDebugAndroidTest installDebugAndroidTest connectedCheck connectedDebugAndroidTest uninstallAll test check testDebugUnitTest connectedAndroidTest installDebug lintRelease uninstallDebug
2018-09-02 19:00:27,839 INFO  SysUtils - Execute command: [/var/folders/bq/vtzpc5ns5sg2cthy61lqpg3dfzgbys/T/1535889619310-0/src/VokaturiAndroid-master/gradlew, -b, /var/folders/bq/vtzpc5ns5sg2cthy61lqpg3dfzgbys/T/1535889619310-0/src/VokaturiAndroid-master/app/build.gradle, -Dorg.gradle.daemon=false, -Dorg.gradle.daemon.performance.enable-monitoring=false, -Dorg.gradle.configureondemand=true, --stacktrace, -x, lintDebug, -x, mockableAndroidJar, -x, deviceCheck, -x, lint, -x, testReleaseUnitTest, -x, uninstallRelease, -x, deviceAndroidTest, -x, uninstallDebugAndroidTest, -x, installDebugAndroidTest, -x, connectedCheck, -x, connectedDebugAndroidTest, -x, uninstallAll, -x, test, -x, check, -x, testDebugUnitTest, -x, connectedAndroidTest, -x, installDebug, -x, lintRelease, -x, uninstallDebug, build]
2018-09-02 19:00:39,390 ERROR SysUtils - Could not process external command
org.apache.commons.exec.ExecuteException: Process exited with an error: 1 (Exit value: 1)
	at org.apache.commons.exec.DefaultExecutor.executeInternal(DefaultExecutor.java:404)
	at org.apache.commons.exec.DefaultExecutor.execute(DefaultExecutor.java:166)
	at com.github.vbauer.apkmaster.util.SysUtils.execute(SysUtils.java:67)
	at com.github.vbauer.apkmaster.util.SysUtils.executeSimple(SysUtils.java:43)
	at com.github.vbauer.apkmaster.service.assembly.ProjectBuildService.buildProject(ProjectBuildService.java:78)
	at com.github.vbauer.apkmaster.service.assembly.ProjectBuildService.buildProject(ProjectBuildService.java:64)
	at com.github.vbauer.apkmaster.service.assembly.ProjectBuildService.buildProject(ProjectBuildService.java:43)
	at com.github.vbauer.apkmaster.service.FullProcessService.build(FullProcessService.java:84)
	at com.github.vbauer.apkmaster.service.FullProcessService.process(FullProcessService.java:34)
	at com.github.vbauer.apkmaster.app.MainApplication.process(MainApplication.java:38)
	at com.github.vbauer.apkmaster.app.MainApplication.main(MainApplication.java:20)
	at sun.reflect.GeneratedMethodAccessor9.invoke(Unknown Source)
	at sun.reflect.DelegatingMethodAccessorImpl.invoke(DelegatingMethodAccessorImpl.java:43)
	at java.lang.reflect.Method.invoke(Method.java:498)
	at com.android.arsenal.util.ReflectionUtils.invoke(ReflectionUtils.java:52)
	at com.android.arsenal.util.ApkMasterUtils.main(ApkMasterUtils.java:30)
	at com.android.arsenal.service.processor.impl.BuildProcessorServiceImpl.buildProject(BuildProcessorServiceImpl.java:196)
	at com.android.arsenal.service.processor.impl.BuildProcessorServiceImpl.build(BuildProcessorServiceImpl.java:130)
	at com.android.arsenal.service.processor.impl.BuildProcessorServiceImpl.lambda$createTasks$1(BuildProcessorServiceImpl.java:113)
	at java.util.concurrent.FutureTask.run(FutureTask.java:266)
	at java.util.concurrent.Executors$RunnableAdapter.call(Executors.java:511)
	at java.util.concurrent.FutureTask.run(FutureTask.java:266)
	at java.util.concurrent.ThreadPoolExecutor.runWorker(ThreadPoolExecutor.java:1149)
	at java.util.concurrent.ThreadPoolExecutor$Worker.run(ThreadPoolExecutor.java:624)
	at java.lang.Thread.run(Thread.java:748)
2018-09-02 19:00:39,390 INFO  SysUtils - Configuration on demand is an incubating feature.
Incremental java compilation is an incubating feature.
:app:preBuild UP-TO-DATE
:app:preDebugBuild UP-TO-DATE
:app:checkDebugManifest
:app:preReleaseBuild UP-TO-DATE
:app:prepareComAndroidSupportAnimatedVectorDrawable2600Alpha1Library
:app:prepareComAndroidSupportAppcompatV72600Alpha1Library
:app:prepareComAndroidSupportConstraintConstraintLayout102Library
:app:prepareComAndroidSupportSupportCompat2600Alpha1Library
:app:prepareComAndroidSupportSupportCoreUi2600Alpha1Library
:app:prepareComAndroidSupportSupportCoreUtils2600Alpha1Library
:app:prepareComAndroidSupportSupportFragment2600Alpha1Library
:app:prepareComAndroidSupportSupportMediaCompat2600Alpha1Library
:app:prepareComAndroidSupportSupportV42600Alpha1Library
:app:prepareComAndroidSupportSupportVectorDrawable2600Alpha1Library
:vokaturi:preBuild UP-TO-DATE
:vokaturi:preReleaseBuild UP-TO-DATE
:vokaturi:checkReleaseManifest
:vokaturi:prepareReleaseDependencies
:vokaturi:compileReleaseAidl
:vokaturi:compileLint
:vokaturi:copyReleaseLint UP-TO-DATE
:vokaturi:mergeReleaseShaders
:vokaturi:compileReleaseShaders
:vokaturi:generateReleaseAssets
:vokaturi:mergeReleaseAssets
:vokaturi:mergeReleaseProguardFiles
:vokaturi:packageReleaseRenderscript UP-TO-DATE
:vokaturi:compileReleaseRenderscript
:vokaturi:generateReleaseResValues
:vokaturi:generateReleaseResources
:vokaturi:packageReleaseResources
:vokaturi:processReleaseManifest
:vokaturi:generateReleaseBuildConfig
:vokaturi:processReleaseResources
:vokaturi:generateReleaseSources
:vokaturi:incrementalReleaseJavaCompilationSafeguard
:vokaturi:javaPreCompileRelease
:vokaturi:compileReleaseJavaWithJavac
:vokaturi:compileReleaseJavaWithJavac - is not incremental (e.g. outputs have changed, no previous execution, etc.).
Note: /private/var/folders/bq/vtzpc5ns5sg2cthy61lqpg3dfzgbys/T/1535889619310-0/src/VokaturiAndroid-master/vokaturi/src/main/java/com/projects/alshell/vokaturi/WavAudioRecorder.java uses or overrides a deprecated API.
Note: Recompile with -Xlint:deprecation for details.
:vokaturi:processReleaseJavaRes UP-TO-DATE
:vokaturi:transformResourcesWithMergeJavaResForRelease
:vokaturi:transformClassesAndResourcesWithSyncLibJarsForRelease
:vokaturi:generateJsonModelRelease
CMake Error at /Users/vbauer/Library/Android/sdk/ndk-bundle/build/cmake/android.toolchain.cmake:312 (message):
  Invalid Android ABI: armeabi.  (armeabi is no longer supported.  Use
  armeabi-v7a.)
Call Stack (most recent call first):
  /Users/vbauer/Library/Android/sdk/cmake/3.6.4111459/share/cmake-3.6/Modules/CMakeDetermineSystem.cmake:98 (include)
  CMakeLists.txt
CMake Error: CMAKE_C_COMPILER not set, after EnableLanguage
CMake Error: CMAKE_CXX_COMPILER not set, after EnableLanguage
-- Configuring incomplete, errors occurred!
-- Check for working C compiler: /Users/vbauer/Library/Android/sdk/ndk-bundle/toolchains/llvm/prebuilt/darwin-x86_64/bin/clang
-- Check for working C compiler: /Users/vbauer/Library/Android/sdk/ndk-bundle/toolchains/llvm/prebuilt/darwin-x86_64/bin/clang -- works
-- Detecting C compiler ABI info
-- Detecting C compiler ABI info - done
-- Detecting C compile features
-- Detecting C compile features - done
-- Check for working CXX compiler: /Users/vbauer/Library/Android/sdk/ndk-bundle/toolchains/llvm/prebuilt/darwin-x86_64/bin/clang++
-- Check for working CXX compiler: /Users/vbauer/Library/Android/sdk/ndk-bundle/toolchains/llvm/prebuilt/darwin-x86_64/bin/clang++ -- works
-- Detecting CXX compiler ABI info
-- Detecting CXX compiler ABI info - done
-- Detecting CXX compile features
-- Detecting CXX compile features - done
-- Configuring done
-- Generating done
-- Build files have been written to: /private/var/folders/bq/vtzpc5ns5sg2cthy61lqpg3dfzgbys/T/1535889619310-0/src/VokaturiAndroid-master/vokaturi/.externalNativeBuild/cmake/release/armeabi-v7a
-- Check for working C compiler: /Users/vbauer/Library/Android/sdk/ndk-bundle/toolchains/llvm/prebuilt/darwin-x86_64/bin/clang
-- Check for working C compiler: /Users/vbauer/Library/Android/sdk/ndk-bundle/toolchains/llvm/prebuilt/darwin-x86_64/bin/clang -- works
-- Detecting C compiler ABI info
-- Detecting C compiler ABI info - done
-- Detecting C compile features
-- Detecting C compile features - done
-- Check for working CXX compiler: /Users/vbauer/Library/Android/sdk/ndk-bundle/toolchains/llvm/prebuilt/darwin-x86_64/bin/clang++
-- Check for working CXX compiler: /Users/vbauer/Library/Android/sdk/ndk-bundle/toolchains/llvm/prebuilt/darwin-x86_64/bin/clang++ -- works
-- Detecting CXX compiler ABI info
-- Detecting CXX compiler ABI info - done
-- Detecting CXX compile features
-- Detecting CXX compile features - done
-- Configuring done
-- Generating done
-- Build files have been written to: /private/var/folders/bq/vtzpc5ns5sg2cthy61lqpg3dfzgbys/T/1535889619310-0/src/VokaturiAndroid-master/vokaturi/.externalNativeBuild/cmake/release/arm64-v8a
-- Check for working C compiler: /Users/vbauer/Library/Android/sdk/ndk-bundle/toolchains/llvm/prebuilt/darwin-x86_64/bin/clang
-- Check for working C compiler: /Users/vbauer/Library/Android/sdk/ndk-bundle/toolchains/llvm/prebuilt/darwin-x86_64/bin/clang -- works
-- Detecting C compiler ABI info
-- Detecting C compiler ABI info - done
-- Detecting C compile features
-- Detecting C compile features - done
-- Check for working CXX compiler: /Users/vbauer/Library/Android/sdk/ndk-bundle/toolchains/llvm/prebuilt/darwin-x86_64/bin/clang++
-- Check for working CXX compiler: /Users/vbauer/Library/Android/sdk/ndk-bundle/toolchains/llvm/prebuilt/darwin-x86_64/bin/clang++ -- works
-- Detecting CXX compiler ABI info
-- Detecting CXX compiler ABI info - done
-- Detecting CXX compile features
-- Detecting CXX compile features - done
-- Configuring done
-- Generating done
-- Build files have been written to: /private/var/folders/bq/vtzpc5ns5sg2cthy61lqpg3dfzgbys/T/1535889619310-0/src/VokaturiAndroid-master/vokaturi/.externalNativeBuild/cmake/release/x86
-- Check for working C compiler: /Users/vbauer/Library/Android/sdk/ndk-bundle/toolchains/llvm/prebuilt/darwin-x86_64/bin/clang
-- Check for working C compiler: /Users/vbauer/Library/Android/sdk/ndk-bundle/toolchains/llvm/prebuilt/darwin-x86_64/bin/clang -- works
-- Detecting C compiler ABI info
-- Detecting C compiler ABI info - done
-- Detecting C compile features
-- Detecting C compile features - done
-- Check for working CXX compiler: /Users/vbauer/Library/Android/sdk/ndk-bundle/toolchains/llvm/prebuilt/darwin-x86_64/bin/clang++
-- Check for working CXX compiler: /Users/vbauer/Library/Android/sdk/ndk-bundle/toolchains/llvm/prebuilt/darwin-x86_64/bin/clang++ -- works
-- Detecting CXX compiler ABI info
-- Detecting CXX compiler ABI info - done
-- Detecting CXX compile features
-- Detecting CXX compile features - done
-- Configuring done
-- Generating done
-- Build files have been written to: /private/var/folders/bq/vtzpc5ns5sg2cthy61lqpg3dfzgbys/T/1535889619310-0/src/VokaturiAndroid-master/vokaturi/.externalNativeBuild/cmake/release/x86_64
CMake Error at /Users/vbauer/Library/Android/sdk/ndk-bundle/build/cmake/android.toolchain.cmake:312 (message):
  Invalid Android ABI: mips.  (MIPS and MIPS64 are no longer supported.)
Call Stack (most recent call first):
  /Users/vbauer/Library/Android/sdk/cmake/3.6.4111459/share/cmake-3.6/Modules/CMakeDetermineSystem.cmake:98 (include)
  CMakeLists.txt
CMake Error: CMAKE_C_COMPILER not set, after EnableLanguage
CMake Error: CMAKE_CXX_COMPILER not set, after EnableLanguage
-- Configuring incomplete, errors occurred!
CMake Error at /Users/vbauer/Library/Android/sdk/ndk-bundle/build/cmake/android.toolchain.cmake:312 (message):
  Invalid Android ABI: mips64.  (MIPS and MIPS64 are no longer supported.)
Call Stack (most recent call first):
  /Users/vbauer/Library/Android/sdk/cmake/3.6.4111459/share/cmake-3.6/Modules/CMakeDetermineSystem.cmake:98 (include)
  CMakeLists.txt
CMake Error: CMAKE_C_COMPILER not set, after EnableLanguage
CMake Error: CMAKE_CXX_COMPILER not set, after EnableLanguage
-- Configuring incomplete, errors occurred!
:vokaturi:generateJsonModelRelease FAILED

FAILURE: Build failed with an exception.

* What went wrong:
Execution failed for task ':vokaturi:generateJsonModelRelease'.
> Build command failed.
  Error while executing process /Users/vbauer/Library/Android/sdk/cmake/3.6.4111459/bin/cmake with arguments {-H/private/var/folders/bq/vtzpc5ns5sg2cthy61lqpg3dfzgbys/T/1535889619310-0/src/VokaturiAndroid-master/vokaturi -B/private/var/folders/bq/vtzpc5ns5sg2cthy61lqpg3dfzgbys/T/1535889619310-0/src/VokaturiAndroid-master/vokaturi/.externalNativeBuild/cmake/release/armeabi -GAndroid Gradle - Ninja -DANDROID_ABI=armeabi -DANDROID_NDK=/Users/vbauer/Library/Android/sdk/ndk-bundle -DCMAKE_LIBRARY_OUTPUT_DIRECTORY=/private/var/folders/bq/vtzpc5ns5sg2cthy61lqpg3dfzgbys/T/1535889619310-0/src/VokaturiAndroid-master/vokaturi/build/intermediates/cmake/release/obj/armeabi -DCMAKE_BUILD_TYPE=Release -DCMAKE_MAKE_PROGRAM=/Users/vbauer/Library/Android/sdk/cmake/3.6.4111459/bin/ninja -DCMAKE_TOOLCHAIN_FILE=/Users/vbauer/Library/Android/sdk/ndk-bundle/build/cmake/android.toolchain.cmake -DANDROID_PLATFORM=android-15 -DCMAKE_CXX_FLAGS=-std=c++11}
  CMake Error at /Users/vbauer/Library/Android/sdk/ndk-bundle/build/cmake/android.toolchain.cmake:312 (message):
    Invalid Android ABI: armeabi.  (armeabi is no longer supported.  Use
    armeabi-v7a.)
  Call Stack (most recent call first):
    /Users/vbauer/Library/Android/sdk/cmake/3.6.4111459/share/cmake-3.6/Modules/CMakeDetermineSystem.cmake:98 (include)
    CMakeLists.txt
  
  
  CMake Error: CMAKE_C_COMPILER not set, after EnableLanguage
  CMake Error: CMAKE_CXX_COMPILER not set, after EnableLanguage
  -- Configuring incomplete, errors occurred!


* Try:
Run with --info or --debug option to get more log output.

* Exception is:
org.gradle.api.tasks.TaskExecutionException: Execution failed for task ':vokaturi:generateJsonModelRelease'.
	at org.gradle.api.internal.tasks.execution.ExecuteActionsTaskExecuter.executeActions(ExecuteActionsTaskExecuter.java:84)
	at org.gradle.api.internal.tasks.execution.ExecuteActionsTaskExecuter.execute(ExecuteActionsTaskExecuter.java:55)
	at org.gradle.api.internal.tasks.execution.SkipUpToDateTaskExecuter.execute(SkipUpToDateTaskExecuter.java:62)
	at org.gradle.api.internal.tasks.execution.ValidatingTaskExecuter.execute(ValidatingTaskExecuter.java:58)
	at org.gradle.api.internal.tasks.execution.SkipEmptySourceFilesTaskExecuter.execute(SkipEmptySourceFilesTaskExecuter.java:88)
	at org.gradle.api.internal.tasks.execution.ResolveTaskArtifactStateTaskExecuter.execute(ResolveTaskArtifactStateTaskExecuter.java:46)
	at org.gradle.api.internal.tasks.execution.SkipTaskWithNoActionsExecuter.execute(SkipTaskWithNoActionsExecuter.java:51)
	at org.gradle.api.internal.tasks.execution.SkipOnlyIfTaskExecuter.execute(SkipOnlyIfTaskExecuter.java:54)
	at org.gradle.api.internal.tasks.execution.ExecuteAtMostOnceTaskExecuter.execute(ExecuteAtMostOnceTaskExecuter.java:43)
	at org.gradle.api.internal.tasks.execution.CatchExceptionTaskExecuter.execute(CatchExceptionTaskExecuter.java:34)
	at org.gradle.execution.taskgraph.DefaultTaskGraphExecuter$EventFiringTaskWorker$1.execute(DefaultTaskGraphExecuter.java:236)
	at org.gradle.execution.taskgraph.DefaultTaskGraphExecuter$EventFiringTaskWorker$1.execute(DefaultTaskGraphExecuter.java:228)
	at org.gradle.internal.Transformers$4.transform(Transformers.java:169)
	at org.gradle.internal.progress.DefaultBuildOperationExecutor.run(DefaultBuildOperationExecutor.java:106)
	at org.gradle.internal.progress.DefaultBuildOperationExecutor.run(DefaultBuildOperationExecutor.java:61)
	at org.gradle.execution.taskgraph.DefaultTaskGraphExecuter$EventFiringTaskWorker.execute(DefaultTaskGraphExecuter.java:228)
	at org.gradle.execution.taskgraph.DefaultTaskGraphExecuter$EventFiringTaskWorker.execute(DefaultTaskGraphExecuter.java:215)
	at org.gradle.execution.taskgraph.AbstractTaskPlanExecutor$TaskExecutorWorker.processTask(AbstractTaskPlanExecutor.java:77)
	at org.gradle.execution.taskgraph.AbstractTaskPlanExecutor$TaskExecutorWorker.run(AbstractTaskPlanExecutor.java:58)
	at org.gradle.execution.taskgraph.DefaultTaskPlanExecutor.process(DefaultTaskPlanExecutor.java:32)
	at org.gradle.execution.taskgraph.DefaultTaskGraphExecuter.execute(DefaultTaskGraphExecuter.java:113)
	at org.gradle.execution.SelectedTaskExecutionAction.execute(SelectedTaskExecutionAction.java:37)
	at org.gradle.execution.DefaultBuildExecuter.execute(DefaultBuildExecuter.java:37)
	at org.gradle.execution.DefaultBuildExecuter.access$000(DefaultBuildExecuter.java:23)
	at org.gradle.execution.DefaultBuildExecuter$1.proceed(DefaultBuildExecuter.java:43)
	at org.gradle.execution.DryRunBuildExecutionAction.execute(DryRunBuildExecutionAction.java:32)
	at org.gradle.execution.DefaultBuildExecuter.execute(DefaultBuildExecuter.java:37)
	at org.gradle.execution.DefaultBuildExecuter.execute(DefaultBuildExecuter.java:30)
	at org.gradle.initialization.DefaultGradleLauncher$3.execute(DefaultGradleLauncher.java:196)
	at org.gradle.initialization.DefaultGradleLauncher$3.execute(DefaultGradleLauncher.java:193)
	at org.gradle.internal.Transformers$4.transform(Transformers.java:169)
	at org.gradle.internal.progress.DefaultBuildOperationExecutor.run(DefaultBuildOperationExecutor.java:106)
	at org.gradle.internal.progress.DefaultBuildOperationExecutor.run(DefaultBuildOperationExecutor.java:56)
	at org.gradle.initialization.DefaultGradleLauncher.doBuildStages(DefaultGradleLauncher.java:193)
	at org.gradle.initialization.DefaultGradleLauncher.doBuild(DefaultGradleLauncher.java:119)
	at org.gradle.initialization.DefaultGradleLauncher.run(DefaultGradleLauncher.java:102)
	at org.gradle.launcher.exec.GradleBuildController.run(GradleBuildController.java:71)
	at org.gradle.tooling.internal.provider.ExecuteBuildActionRunner.run(ExecuteBuildActionRunner.java:28)
	at org.gradle.launcher.exec.ChainingBuildActionRunner.run(ChainingBuildActionRunner.java:35)
	at org.gradle.launcher.exec.InProcessBuildActionExecuter.execute(InProcessBuildActionExecuter.java:41)
	at org.gradle.launcher.exec.InProcessBuildActionExecuter.execute(InProcessBuildActionExecuter.java:26)
	at org.gradle.tooling.internal.provider.ContinuousBuildActionExecuter.execute(ContinuousBuildActionExecuter.java:75)
	at org.gradle.tooling.internal.provider.ContinuousBuildActionExecuter.execute(ContinuousBuildActionExecuter.java:49)
	at org.gradle.tooling.internal.provider.ServicesSetupBuildActionExecuter.execute(ServicesSetupBuildActionExecuter.java:44)
	at org.gradle.tooling.internal.provider.ServicesSetupBuildActionExecuter.execute(ServicesSetupBuildActionExecuter.java:29)
	at org.gradle.launcher.cli.RunBuildAction.run(RunBuildAction.java:51)
	at org.gradle.internal.Actions$RunnableActionAdapter.execute(Actions.java:173)
	at org.gradle.launcher.cli.CommandLineActionFactory$ParseAndBuildAction.execute(CommandLineActionFactory.java:244)
	at org.gradle.launcher.cli.CommandLineActionFactory$ParseAndBuildAction.execute(CommandLineActionFactory.java:217)
	at org.gradle.launcher.cli.JavaRuntimeValidationAction.execute(JavaRuntimeValidationAction.java:33)
	at org.gradle.launcher.cli.JavaRuntimeValidationAction.execute(JavaRuntimeValidationAction.java:24)
	at org.gradle.launcher.cli.ExceptionReportingAction.execute(ExceptionReportingAction.java:33)
	at org.gradle.launcher.cli.ExceptionReportingAction.execute(ExceptionReportingAction.java:22)
	at org.gradle.launcher.cli.CommandLineActionFactory$WithLogging.execute(CommandLineActionFactory.java:210)
	at org.gradle.launcher.cli.CommandLineActionFactory$WithLogging.execute(CommandLineActionFactory.java:174)
	at org.gradle.launcher.Main.doAction(Main.java:33)
	at org.gradle.launcher.bootstrap.EntryPoint.run(EntryPoint.java:45)
	at org.gradle.launcher.bootstrap.ProcessBootstrap.runNoExit(ProcessBootstrap.java:60)
	at org.gradle.launcher.bootstrap.ProcessBootstrap.run(ProcessBootstrap.java:37)
	at org.gradle.launcher.GradleMain.main(GradleMain.java:23)
	at org.gradle.wrapper.BootstrapMainStarter.start(BootstrapMainStarter.java:30)
	at org.gradle.wrapper.WrapperExecutor.execute(WrapperExecutor.java:129)
	at org.gradle.wrapper.GradleWrapperMain.main(GradleWrapperMain.java:61)
Caused by: org.gradle.internal.UncheckedException: Build command failed.
Error while executing process /Users/vbauer/Library/Android/sdk/cmake/3.6.4111459/bin/cmake with arguments {-H/private/var/folders/bq/vtzpc5ns5sg2cthy61lqpg3dfzgbys/T/1535889619310-0/src/VokaturiAndroid-master/vokaturi -B/private/var/folders/bq/vtzpc5ns5sg2cthy61lqpg3dfzgbys/T/1535889619310-0/src/VokaturiAndroid-master/vokaturi/.externalNativeBuild/cmake/release/armeabi -GAndroid Gradle - Ninja -DANDROID_ABI=armeabi -DANDROID_NDK=/Users/vbauer/Library/Android/sdk/ndk-bundle -DCMAKE_LIBRARY_OUTPUT_DIRECTORY=/private/var/folders/bq/vtzpc5ns5sg2cthy61lqpg3dfzgbys/T/1535889619310-0/src/VokaturiAndroid-master/vokaturi/build/intermediates/cmake/release/obj/armeabi -DCMAKE_BUILD_TYPE=Release -DCMAKE_MAKE_PROGRAM=/Users/vbauer/Library/Android/sdk/cmake/3.6.4111459/bin/ninja -DCMAKE_TOOLCHAIN_FILE=/Users/vbauer/Library/Android/sdk/ndk-bundle/build/cmake/android.toolchain.cmake -DANDROID_PLATFORM=android-15 -DCMAKE_CXX_FLAGS=-std=c++11}
CMake Error at /Users/vbauer/Library/Android/sdk/ndk-bundle/build/cmake/android.toolchain.cmake:312 (message):
  Invalid Android ABI: armeabi.  (armeabi is no longer supported.  Use
  armeabi-v7a.)
Call Stack (most recent call first):
  /Users/vbauer/Library/Android/sdk/cmake/3.6.4111459/share/cmake-3.6/Modules/CMakeDetermineSystem.cmake:98 (include)
  CMakeLists.txt


CMake Error: CMAKE_C_COMPILER not set, after EnableLanguage
CMake Error: CMAKE_CXX_COMPILER not set, after EnableLanguage
-- Configuring incomplete, errors occurred!

	at org.gradle.internal.UncheckedException.throwAsUncheckedException(UncheckedException.java:45)
	at org.gradle.internal.reflect.JavaMethod.invoke(JavaMethod.java:76)
	at org.gradle.api.internal.project.taskfactory.DefaultTaskClassInfoStore$StandardTaskAction.doExecute(DefaultTaskClassInfoStore.java:141)
	at org.gradle.api.internal.project.taskfactory.DefaultTaskClassInfoStore$StandardTaskAction.execute(DefaultTaskClassInfoStore.java:134)
	at org.gradle.api.internal.project.taskfactory.DefaultTaskClassInfoStore$StandardTaskAction.execute(DefaultTaskClassInfoStore.java:123)
	at org.gradle.api.internal.AbstractTask$TaskActionWrapper.execute(AbstractTask.java:632)
	at org.gradle.api.internal.AbstractTask$TaskActionWrapper.execute(AbstractTask.java:615)
	at org.gradle.api.internal.tasks.execution.ExecuteActionsTaskExecuter.executeAction(ExecuteActionsTaskExecuter.java:95)
	at org.gradle.api.internal.tasks.execution.ExecuteActionsTaskExecuter.executeActions(ExecuteActionsTaskExecuter.java:76)
	... 62 more
Caused by: Build command failed.
Error while executing process /Users/vbauer/Library/Android/sdk/cmake/3.6.4111459/bin/cmake with arguments {-H/private/var/folders/bq/vtzpc5ns5sg2cthy61lqpg3dfzgbys/T/1535889619310-0/src/VokaturiAndroid-master/vokaturi -B/private/var/folders/bq/vtzpc5ns5sg2cthy61lqpg3dfzgbys/T/1535889619310-0/src/VokaturiAndroid-master/vokaturi/.externalNativeBuild/cmake/release/armeabi -GAndroid Gradle - Ninja -DANDROID_ABI=armeabi -DANDROID_NDK=/Users/vbauer/Library/Android/sdk/ndk-bundle -DCMAKE_LIBRARY_OUTPUT_DIRECTORY=/private/var/folders/bq/vtzpc5ns5sg2cthy61lqpg3dfzgbys/T/1535889619310-0/src/VokaturiAndroid-master/vokaturi/build/intermediates/cmake/release/obj/armeabi -DCMAKE_BUILD_TYPE=Release -DCMAKE_MAKE_PROGRAM=/Users/vbauer/Library/Android/sdk/cmake/3.6.4111459/bin/ninja -DCMAKE_TOOLCHAIN_FILE=/Users/vbauer/Library/Android/sdk/ndk-bundle/build/cmake/android.toolchain.cmake -DANDROID_PLATFORM=android-15 -DCMAKE_CXX_FLAGS=-std=c++11}
CMake Error at /Users/vbauer/Library/Android/sdk/ndk-bundle/build/cmake/android.toolchain.cmake:312 (message):
  Invalid Android ABI: armeabi.  (armeabi is no longer supported.  Use
  armeabi-v7a.)
Call Stack (most recent call first):
  /Users/vbauer/Library/Android/sdk/cmake/3.6.4111459/share/cmake-3.6/Modules/CMakeDetermineSystem.cmake:98 (include)
  CMakeLists.txt


CMake Error: CMAKE_C_COMPILER not set, after EnableLanguage
CMake Error: CMAKE_CXX_COMPILER not set, after EnableLanguage
-- Configuring incomplete, errors occurred!

	at com.android.build.gradle.tasks.ExternalNativeBuildTaskUtils.executeBuildProcessAndLogError(ExternalNativeBuildTaskUtils.java:241)
	at com.android.build.gradle.tasks.CmakeExternalNativeJsonGenerator.executeProcess(CmakeExternalNativeJsonGenerator.java:142)
	at com.android.build.gradle.tasks.ExternalNativeJsonGenerator.buildAndPropagateException(ExternalNativeJsonGenerator.java:272)
	at com.android.build.gradle.tasks.ExternalNativeJsonGenerator.build(ExternalNativeJsonGenerator.java:178)
	at com.android.build.gradle.tasks.ExternalNativeBuildJsonTask.build(ExternalNativeBuildJsonTask.java:39)
	at org.gradle.internal.reflect.JavaMethod.invoke(JavaMethod.java:73)
	... 69 more


BUILD FAILED

Total time: 11.358 secs

2018-09-02 19:00:39,402 INFO  FullProcessService - Found APK file: /var/folders/bq/vtzpc5ns5sg2cthy61lqpg3dfzgbys/T/1535889619310-0/src/VokaturiAndroid-master/app-debug.apk
