2019-10-19 20:50:27,929 INFO  DownloadService - Downloading "https://github.com/DroidsOnRoids/jspoon/archive/master.zip", attempt 3
2019-10-19 20:50:28,624 INFO  DownloadService - Downloaded https://github.com/DroidsOnRoids/jspoon/archive/master.zip, attempt 3
2019-10-19 20:50:28,625 INFO  DownloadService - Size of file "/var/folders/bq/vtzpc5ns5sg2cthy61lqpg3dfzgbys/T/1571493027920-0/master.zip": 187 KB
2019-10-19 20:50:28,625 INFO  ArchiveUtils - Checking entries [.gradle] in ZIP file...
2019-10-19 20:50:28,625 INFO  ArchiveUtils - Has entries [.gradle] in ZIP file /var/folders/bq/vtzpc5ns5sg2cthy61lqpg3dfzgbys/T/1571493027920-0/master.zip: true
2019-10-19 20:50:28,625 DEBUG ZipUtil - Extracting '/var/folders/bq/vtzpc5ns5sg2cthy61lqpg3dfzgbys/T/1571493027920-0/master.zip' into '/var/folders/bq/vtzpc5ns5sg2cthy61lqpg3dfzgbys/T/1571493027920-0/src'.
2019-10-19 20:50:28,653 INFO  FullProcessService - Size of directory with sources: 249 KB
2019-10-19 20:50:28,653 INFO  SysUtils - Execute command: [git, init, /var/folders/bq/vtzpc5ns5sg2cthy61lqpg3dfzgbys/T/1571493027920-0/src]
2019-10-19 20:50:28,670 INFO  SysUtils - Initialized empty Git repository in /private/var/folders/bq/vtzpc5ns5sg2cthy61lqpg3dfzgbys/T/1571493027920-0/src/.git/

2019-10-19 20:50:28,674 INFO  ProjectBuildService - Gradle wrapper(s): /var/folders/bq/vtzpc5ns5sg2cthy61lqpg3dfzgbys/T/1571493027920-0/src/jspoon-master/gradlew
2019-10-19 20:50:28,678 INFO  ProjectBuildService - Build script(s): /var/folders/bq/vtzpc5ns5sg2cthy61lqpg3dfzgbys/T/1571493027920-0/src/jspoon-master/android-example/build.gradle /var/folders/bq/vtzpc5ns5sg2cthy61lqpg3dfzgbys/T/1571493027920-0/src/jspoon-master/build.gradle /var/folders/bq/vtzpc5ns5sg2cthy61lqpg3dfzgbys/T/1571493027920-0/src/jspoon-master/advanced-example/build.gradle /var/folders/bq/vtzpc5ns5sg2cthy61lqpg3dfzgbys/T/1571493027920-0/src/jspoon-master/jspoon/build.gradle /var/folders/bq/vtzpc5ns5sg2cthy61lqpg3dfzgbys/T/1571493027920-0/src/jspoon-master/retrofit-converter-jspoon/build.gradle
2019-10-19 20:50:28,681 INFO  ProjectBuildService - All script(s): /var/folders/bq/vtzpc5ns5sg2cthy61lqpg3dfzgbys/T/1571493027920-0/src/jspoon-master/advanced-example/build.gradle /var/folders/bq/vtzpc5ns5sg2cthy61lqpg3dfzgbys/T/1571493027920-0/src/jspoon-master/versions.gradle /var/folders/bq/vtzpc5ns5sg2cthy61lqpg3dfzgbys/T/1571493027920-0/src/jspoon-master/jspoon/build.gradle /var/folders/bq/vtzpc5ns5sg2cthy61lqpg3dfzgbys/T/1571493027920-0/src/jspoon-master/retrofit-converter-jspoon/build.gradle /var/folders/bq/vtzpc5ns5sg2cthy61lqpg3dfzgbys/T/1571493027920-0/src/jspoon-master/build.gradle /var/folders/bq/vtzpc5ns5sg2cthy61lqpg3dfzgbys/T/1571493027920-0/src/jspoon-master/android-example/build.gradle /var/folders/bq/vtzpc5ns5sg2cthy61lqpg3dfzgbys/T/1571493027920-0/src/jspoon-master/settings.gradle
2019-10-19 20:50:28,682 INFO  ProjectBuildService - Remote scripts: none
2019-10-19 20:50:28,682 INFO  ProjectFixService - Fixing project...
2019-10-19 20:50:28,691 INFO  LocalPropertiesFixService - Created fake /var/folders/bq/vtzpc5ns5sg2cthy61lqpg3dfzgbys/T/1571493027920-0/src/jspoon-master/android-example/local.properties
2019-10-19 20:50:28,694 INFO  ProjectFixService - Build info for "/var/folders/bq/vtzpc5ns5sg2cthy61lqpg3dfzgbys/T/1571493027920-0/src/jspoon-master/android-example/build.gradle": [buildToolsVersion=<null>,compileSdkVersion=<null>,minSdkVersion=<null>,targetSdkVersion=<null>]
2019-10-19 20:50:28,694 INFO  ProjectFixService - Fixed build info for "/var/folders/bq/vtzpc5ns5sg2cthy61lqpg3dfzgbys/T/1571493027920-0/src/jspoon-master/android-example/build.gradle": [buildToolsVersion=28.0.0-rc2,compileSdkVersion=29,minSdkVersion=29,targetSdkVersion=29]
2019-10-19 20:50:28,696 INFO  LocalPropertiesFixService - Created fake /var/folders/bq/vtzpc5ns5sg2cthy61lqpg3dfzgbys/T/1571493027920-0/src/jspoon-master/local.properties
2019-10-19 20:50:28,696 INFO  WrapperPropertiesFixService - Gradle wrapper: https://services.gradle.org/distributions/gradle-4.4.1-all.zip
2019-10-19 20:50:28,696 INFO  WrapperPropertiesFixService - Gradle wrapper was changed from "-all.zip" to "-bin.zip" (https://services.gradle.org/distributions/gradle-4.4.1-bin.zip)
2019-10-19 20:50:28,699 INFO  ProjectFixService - Build info for "/var/folders/bq/vtzpc5ns5sg2cthy61lqpg3dfzgbys/T/1571493027920-0/src/jspoon-master/build.gradle": [buildToolsVersion=<null>,compileSdkVersion=<null>,minSdkVersion=<null>,targetSdkVersion=<null>]
2019-10-19 20:50:28,699 INFO  ProjectFixService - Fixed build info for "/var/folders/bq/vtzpc5ns5sg2cthy61lqpg3dfzgbys/T/1571493027920-0/src/jspoon-master/build.gradle": [buildToolsVersion=28.0.0-rc2,compileSdkVersion=29,minSdkVersion=29,targetSdkVersion=29]
2019-10-19 20:50:28,700 INFO  LocalPropertiesFixService - Created fake /var/folders/bq/vtzpc5ns5sg2cthy61lqpg3dfzgbys/T/1571493027920-0/src/jspoon-master/advanced-example/local.properties
2019-10-19 20:50:28,703 INFO  ProjectFixService - Build info for "/var/folders/bq/vtzpc5ns5sg2cthy61lqpg3dfzgbys/T/1571493027920-0/src/jspoon-master/advanced-example/build.gradle": [buildToolsVersion=<null>,compileSdkVersion=<null>,minSdkVersion=<null>,targetSdkVersion=<null>]
2019-10-19 20:50:28,703 INFO  ProjectFixService - Fixed build info for "/var/folders/bq/vtzpc5ns5sg2cthy61lqpg3dfzgbys/T/1571493027920-0/src/jspoon-master/advanced-example/build.gradle": [buildToolsVersion=28.0.0-rc2,compileSdkVersion=29,minSdkVersion=29,targetSdkVersion=29]
2019-10-19 20:50:28,704 INFO  LocalPropertiesFixService - Created fake /var/folders/bq/vtzpc5ns5sg2cthy61lqpg3dfzgbys/T/1571493027920-0/src/jspoon-master/jspoon/local.properties
2019-10-19 20:50:28,707 INFO  ProjectFixService - Build info for "/var/folders/bq/vtzpc5ns5sg2cthy61lqpg3dfzgbys/T/1571493027920-0/src/jspoon-master/jspoon/build.gradle": [buildToolsVersion=<null>,compileSdkVersion=<null>,minSdkVersion=<null>,targetSdkVersion=<null>]
2019-10-19 20:50:28,707 INFO  ProjectFixService - Fixed build info for "/var/folders/bq/vtzpc5ns5sg2cthy61lqpg3dfzgbys/T/1571493027920-0/src/jspoon-master/jspoon/build.gradle": [buildToolsVersion=28.0.0-rc2,compileSdkVersion=29,minSdkVersion=29,targetSdkVersion=29]
2019-10-19 20:50:28,708 INFO  LocalPropertiesFixService - Created fake /var/folders/bq/vtzpc5ns5sg2cthy61lqpg3dfzgbys/T/1571493027920-0/src/jspoon-master/retrofit-converter-jspoon/local.properties
2019-10-19 20:50:28,711 INFO  ProjectFixService - Build info for "/var/folders/bq/vtzpc5ns5sg2cthy61lqpg3dfzgbys/T/1571493027920-0/src/jspoon-master/retrofit-converter-jspoon/build.gradle": [buildToolsVersion=<null>,compileSdkVersion=<null>,minSdkVersion=<null>,targetSdkVersion=<null>]
2019-10-19 20:50:28,712 INFO  ProjectFixService - Fixed build info for "/var/folders/bq/vtzpc5ns5sg2cthy61lqpg3dfzgbys/T/1571493027920-0/src/jspoon-master/retrofit-converter-jspoon/build.gradle": [buildToolsVersion=28.0.0-rc2,compileSdkVersion=29,minSdkVersion=29,targetSdkVersion=29]
2019-10-19 20:50:28,712 INFO  ProjectFixService - Project was maybe fixed
2019-10-19 20:50:28,712 INFO  ProjectTaskService - Detecting possible tasks...
2019-10-19 20:50:28,713 INFO  SysUtils - Execute command: [/var/folders/bq/vtzpc5ns5sg2cthy61lqpg3dfzgbys/T/1571493027920-0/src/jspoon-master/gradlew, -b, /var/folders/bq/vtzpc5ns5sg2cthy61lqpg3dfzgbys/T/1571493027920-0/src/jspoon-master/android-example/build.gradle, -Dorg.gradle.daemon=false, -Dorg.gradle.daemon.performance.enable-monitoring=false, -Dorg.gradle.configureondemand=true, tasks]
2019-10-19 20:50:51,674 INFO  ProjectTaskService - Detected possible tasks: 70
2019-10-19 20:50:51,675 INFO  ProjectTaskService - Excluded tasks (19): lintDebug mockableAndroidJar deviceCheck lint testReleaseUnitTest uninstallRelease deviceAndroidTest uninstallDebugAndroidTest installDebugAndroidTest connectedCheck connectedDebugAndroidTest uninstallAll test check testDebugUnitTest connectedAndroidTest installDebug lintRelease uninstallDebug
2019-10-19 20:50:51,675 INFO  SysUtils - Execute command: [/var/folders/bq/vtzpc5ns5sg2cthy61lqpg3dfzgbys/T/1571493027920-0/src/jspoon-master/gradlew, -b, /var/folders/bq/vtzpc5ns5sg2cthy61lqpg3dfzgbys/T/1571493027920-0/src/jspoon-master/android-example/build.gradle, -Dorg.gradle.daemon=false, -Dorg.gradle.daemon.performance.enable-monitoring=false, -Dorg.gradle.configureondemand=true, --stacktrace, -x, lintDebug, -x, mockableAndroidJar, -x, deviceCheck, -x, lint, -x, testReleaseUnitTest, -x, uninstallRelease, -x, deviceAndroidTest, -x, uninstallDebugAndroidTest, -x, installDebugAndroidTest, -x, connectedCheck, -x, connectedDebugAndroidTest, -x, uninstallAll, -x, test, -x, check, -x, testDebugUnitTest, -x, connectedAndroidTest, -x, installDebug, -x, lintRelease, -x, uninstallDebug, build]
2019-10-19 20:51:00,449 ERROR SysUtils - Could not process external command
org.apache.commons.exec.ExecuteException: Process exited with an error: 1 (Exit value: 1)
	at org.apache.commons.exec.DefaultExecutor.executeInternal(DefaultExecutor.java:404)
	at org.apache.commons.exec.DefaultExecutor.execute(DefaultExecutor.java:166)
	at com.github.vbauer.apkmaster.util.SysUtils.execute(SysUtils.java:67)
	at com.github.vbauer.apkmaster.util.SysUtils.executeSimple(SysUtils.java:43)
	at com.github.vbauer.apkmaster.service.assembly.ProjectBuildService.buildProject(ProjectBuildService.java:78)
	at com.github.vbauer.apkmaster.service.assembly.ProjectBuildService.buildProject(ProjectBuildService.java:64)
	at com.github.vbauer.apkmaster.service.assembly.ProjectBuildService.buildProject(ProjectBuildService.java:43)
	at com.github.vbauer.apkmaster.service.FullProcessService.build(FullProcessService.java:84)
	at com.github.vbauer.apkmaster.service.FullProcessService.process(FullProcessService.java:34)
	at com.github.vbauer.apkmaster.app.MainApplication.process(MainApplication.java:38)
	at com.github.vbauer.apkmaster.app.MainApplication.main(MainApplication.java:20)
	at sun.reflect.NativeMethodAccessorImpl.invoke0(Native Method)
	at sun.reflect.NativeMethodAccessorImpl.invoke(NativeMethodAccessorImpl.java:62)
	at sun.reflect.DelegatingMethodAccessorImpl.invoke(DelegatingMethodAccessorImpl.java:43)
	at java.lang.reflect.Method.invoke(Method.java:498)
	at com.android.arsenal.util.ReflectionUtils.invoke(ReflectionUtils.java:52)
	at com.android.arsenal.util.ApkMasterUtils.main(ApkMasterUtils.java:30)
	at com.android.arsenal.service.processor.impl.BuildProcessorServiceImpl.buildProject(BuildProcessorServiceImpl.java:196)
	at com.android.arsenal.service.processor.impl.BuildProcessorServiceImpl.build(BuildProcessorServiceImpl.java:130)
	at com.android.arsenal.service.processor.impl.BuildProcessorServiceImpl.lambda$null$1(BuildProcessorServiceImpl.java:113)
	at java.util.concurrent.FutureTask.run(FutureTask.java:266)
	at java.util.concurrent.Executors$RunnableAdapter.call(Executors.java:511)
	at java.util.concurrent.FutureTask.run(FutureTask.java:266)
	at java.util.concurrent.ThreadPoolExecutor.runWorker(ThreadPoolExecutor.java:1149)
	at java.util.concurrent.ThreadPoolExecutor$Worker.run(ThreadPoolExecutor.java:624)
	at java.lang.Thread.run(Thread.java:748)
2019-10-19 20:51:00,450 INFO  SysUtils - Configuration on demand is an incubating feature.
:android-example:preBuild UP-TO-DATE
:android-example:preDebugBuild FAILED

FAILURE: Build failed with an exception.

* What went wrong:
Could not resolve all files for configuration ':android-example:debugCompileClasspath'.
> Could not find support-core-utils.aar (com.android.support:support-core-utils:27.1.1).
  Searched in the following locations:
      https://jcenter.bintray.com/com/android/support/support-core-utils/27.1.1/support-core-utils-27.1.1.aar
> Could not find support-compat.aar (com.android.support:support-compat:27.1.1).
  Searched in the following locations:
      https://jcenter.bintray.com/com/android/support/support-compat/27.1.1/support-compat-27.1.1.aar

* Try:
Run with --info or --debug option to get more log output. Run with --scan to get full insights.

* Exception is:
org.gradle.api.internal.artifacts.ivyservice.DefaultLenientConfiguration$ArtifactResolveException: Could not resolve all files for configuration ':android-example:debugCompileClasspath'.
	at org.gradle.api.internal.artifacts.configurations.DefaultConfiguration.rethrowFailure(DefaultConfiguration.java:918)
	at org.gradle.api.internal.artifacts.configurations.DefaultConfiguration.access$1600(DefaultConfiguration.java:116)
	at org.gradle.api.internal.artifacts.configurations.DefaultConfiguration$ConfigurationFileCollection.getFiles(DefaultConfiguration.java:892)
	at org.gradle.api.internal.file.AbstractFileCollection.iterator(AbstractFileCollection.java:68)
	at org.gradle.api.internal.changedetection.state.AbstractFileCollectionSnapshotter$FileCollectionVisitorImpl.visitCollection(AbstractFileCollectionSnapshotter.java:70)
	at org.gradle.api.internal.file.AbstractFileCollection.visitRootElements(AbstractFileCollection.java:234)
	at org.gradle.api.internal.file.CompositeFileCollection.visitRootElements(CompositeFileCollection.java:185)
	at org.gradle.api.internal.changedetection.state.AbstractFileCollectionSnapshotter.snapshot(AbstractFileCollectionSnapshotter.java:53)
	at org.gradle.api.internal.changedetection.state.DefaultGenericFileCollectionSnapshotter.snapshot(DefaultGenericFileCollectionSnapshotter.java:38)
	at org.gradle.api.internal.changedetection.state.CacheBackedTaskHistoryRepository.snapshotTaskFiles(CacheBackedTaskHistoryRepository.java:331)
	at org.gradle.api.internal.changedetection.state.CacheBackedTaskHistoryRepository.createExecution(CacheBackedTaskHistoryRepository.java:154)
	at org.gradle.api.internal.changedetection.state.CacheBackedTaskHistoryRepository.access$100(CacheBackedTaskHistoryRepository.java:61)
	at org.gradle.api.internal.changedetection.state.CacheBackedTaskHistoryRepository$1.getCurrentExecution(CacheBackedTaskHistoryRepository.java:114)
	at org.gradle.api.internal.changedetection.changes.DefaultTaskArtifactStateRepository$TaskArtifactStateImpl.getStates(DefaultTaskArtifactStateRepository.java:201)
	at org.gradle.api.internal.changedetection.changes.DefaultTaskArtifactStateRepository$TaskArtifactStateImpl.isUpToDate(DefaultTaskArtifactStateRepository.java:86)
	at org.gradle.api.internal.tasks.execution.SkipUpToDateTaskExecuter.execute(SkipUpToDateTaskExecuter.java:53)
	at org.gradle.api.internal.tasks.execution.ResolveTaskOutputCachingStateExecuter.execute(ResolveTaskOutputCachingStateExecuter.java:54)
	at org.gradle.api.internal.tasks.execution.ValidatingTaskExecuter.execute(ValidatingTaskExecuter.java:60)
	at org.gradle.api.internal.tasks.execution.SkipEmptySourceFilesTaskExecuter.execute(SkipEmptySourceFilesTaskExecuter.java:97)
	at org.gradle.api.internal.tasks.execution.CleanupStaleOutputsExecuter.execute(CleanupStaleOutputsExecuter.java:87)
	at org.gradle.api.internal.tasks.execution.ResolveTaskArtifactStateTaskExecuter.execute(ResolveTaskArtifactStateTaskExecuter.java:52)
	at org.gradle.api.internal.tasks.execution.SkipTaskWithNoActionsExecuter.execute(SkipTaskWithNoActionsExecuter.java:52)
	at org.gradle.api.internal.tasks.execution.SkipOnlyIfTaskExecuter.execute(SkipOnlyIfTaskExecuter.java:54)
	at org.gradle.api.internal.tasks.execution.ExecuteAtMostOnceTaskExecuter.execute(ExecuteAtMostOnceTaskExecuter.java:43)
	at org.gradle.api.internal.tasks.execution.CatchExceptionTaskExecuter.execute(CatchExceptionTaskExecuter.java:34)
	at org.gradle.execution.taskgraph.DefaultTaskGraphExecuter$EventFiringTaskWorker$1.run(DefaultTaskGraphExecuter.java:248)
	at org.gradle.internal.progress.DefaultBuildOperationExecutor$RunnableBuildOperationWorker.execute(DefaultBuildOperationExecutor.java:336)
	at org.gradle.internal.progress.DefaultBuildOperationExecutor$RunnableBuildOperationWorker.execute(DefaultBuildOperationExecutor.java:328)
	at org.gradle.internal.progress.DefaultBuildOperationExecutor.execute(DefaultBuildOperationExecutor.java:199)
	at org.gradle.internal.progress.DefaultBuildOperationExecutor.run(DefaultBuildOperationExecutor.java:110)
	at org.gradle.execution.taskgraph.DefaultTaskGraphExecuter$EventFiringTaskWorker.execute(DefaultTaskGraphExecuter.java:241)
	at org.gradle.execution.taskgraph.DefaultTaskGraphExecuter$EventFiringTaskWorker.execute(DefaultTaskGraphExecuter.java:230)
	at org.gradle.execution.taskgraph.DefaultTaskPlanExecutor$TaskExecutorWorker.processTask(DefaultTaskPlanExecutor.java:123)
	at org.gradle.execution.taskgraph.DefaultTaskPlanExecutor$TaskExecutorWorker.access$200(DefaultTaskPlanExecutor.java:79)
	at org.gradle.execution.taskgraph.DefaultTaskPlanExecutor$TaskExecutorWorker$1.execute(DefaultTaskPlanExecutor.java:104)
	at org.gradle.execution.taskgraph.DefaultTaskPlanExecutor$TaskExecutorWorker$1.execute(DefaultTaskPlanExecutor.java:98)
	at org.gradle.execution.taskgraph.DefaultTaskExecutionPlan.execute(DefaultTaskExecutionPlan.java:626)
	at org.gradle.execution.taskgraph.DefaultTaskExecutionPlan.executeWithTask(DefaultTaskExecutionPlan.java:581)
	at org.gradle.execution.taskgraph.DefaultTaskPlanExecutor$TaskExecutorWorker.run(DefaultTaskPlanExecutor.java:98)
	at org.gradle.internal.concurrent.ExecutorPolicy$CatchAndRecordFailures.onExecute(ExecutorPolicy.java:63)
	at org.gradle.internal.concurrent.ManagedExecutorImpl$1.run(ManagedExecutorImpl.java:46)
	at org.gradle.internal.concurrent.ThreadFactoryImpl$ManagedThreadRunnable.run(ThreadFactoryImpl.java:55)
Cause 1: org.gradle.internal.resolve.ArtifactNotFoundException: Could not find support-core-utils.aar (com.android.support:support-core-utils:27.1.1).
Searched in the following locations:
    https://jcenter.bintray.com/com/android/support/support-core-utils/27.1.1/support-core-utils-27.1.1.aar
	at org.gradle.internal.resolve.result.DefaultBuildableArtifactResolveResult.notFound(DefaultBuildableArtifactResolveResult.java:27)
	at org.gradle.api.internal.artifacts.repositories.resolver.ExternalResourceResolver$RemoteRepositoryAccess.resolveArtifact(ExternalResourceResolver.java:501)
	at org.gradle.api.internal.artifacts.ivyservice.ivyresolve.CachingModuleComponentRepository$ResolveAndCacheRepositoryAccess.resolveArtifact(CachingModuleComponentRepository.java:409)
	at org.gradle.api.internal.artifacts.ivyservice.ivyresolve.BaseModuleComponentRepositoryAccess.resolveArtifact(BaseModuleComponentRepositoryAccess.java:65)
	at org.gradle.api.internal.artifacts.ivyservice.ivyresolve.memcache.InMemoryCachedModuleComponentRepository$CachedAccess.resolveArtifact(InMemoryCachedModuleComponentRepository.java:124)
	at org.gradle.api.internal.artifacts.ivyservice.ivyresolve.ErrorHandlingModuleComponentRepository$ErrorHandlingModuleComponentRepositoryAccess.resolveArtifact(ErrorHandlingModuleComponentRepository.java:171)
	at org.gradle.api.internal.artifacts.ivyservice.ivyresolve.RepositoryChainArtifactResolver.resolveArtifact(RepositoryChainArtifactResolver.java:80)
	at org.gradle.api.internal.artifacts.ivyservice.resolveengine.ComponentResolversChain$ArtifactResolverChain.resolveArtifact(ComponentResolversChain.java:121)
	at org.gradle.api.internal.artifacts.ivyservice.ivyresolve.ErrorHandlingArtifactResolver.resolveArtifact(ErrorHandlingArtifactResolver.java:46)
	at org.gradle.api.internal.artifacts.ivyservice.resolveengine.artifact.DefaultArtifactSet$LazyArtifactSource.create(DefaultArtifactSet.java:171)
	at org.gradle.api.internal.artifacts.ivyservice.resolveengine.artifact.DefaultArtifactSet$LazyArtifactSource.create(DefaultArtifactSet.java:158)
	at org.gradle.api.internal.artifacts.DefaultResolvedArtifact.getFile(DefaultResolvedArtifact.java:135)
	at org.gradle.api.internal.artifacts.ivyservice.resolveengine.artifact.ArtifactBackedResolvedVariant$DownloadArtifactFile.run(ArtifactBackedResolvedVariant.java:146)
	at org.gradle.internal.progress.DefaultBuildOperationExecutor$RunnableBuildOperationWorker.execute(DefaultBuildOperationExecutor.java:336)
	at org.gradle.internal.progress.DefaultBuildOperationExecutor$RunnableBuildOperationWorker.execute(DefaultBuildOperationExecutor.java:328)
	at org.gradle.internal.progress.DefaultBuildOperationExecutor.execute(DefaultBuildOperationExecutor.java:199)
	at org.gradle.internal.progress.DefaultBuildOperationExecutor.access$900(DefaultBuildOperationExecutor.java:63)
	at org.gradle.internal.progress.DefaultBuildOperationExecutor$ParentPreservingQueueWorker.execute(DefaultBuildOperationExecutor.java:378)
	at org.gradle.internal.operations.DefaultBuildOperationQueue$WorkerRunnable.runOperation(DefaultBuildOperationQueue.java:230)
	at org.gradle.internal.operations.DefaultBuildOperationQueue$WorkerRunnable.access$600(DefaultBuildOperationQueue.java:172)
	at org.gradle.internal.operations.DefaultBuildOperationQueue$WorkerRunnable$1.call(DefaultBuildOperationQueue.java:209)
	at org.gradle.internal.operations.DefaultBuildOperationQueue$WorkerRunnable$1.call(DefaultBuildOperationQueue.java:203)
	at org.gradle.internal.work.DefaultWorkerLeaseService.withLocks(DefaultWorkerLeaseService.java:152)
	at org.gradle.internal.operations.DefaultBuildOperationQueue$WorkerRunnable.runBatch(DefaultBuildOperationQueue.java:202)
	at org.gradle.internal.operations.DefaultBuildOperationQueue$WorkerRunnable.run(DefaultBuildOperationQueue.java:177)
	at org.gradle.internal.concurrent.ExecutorPolicy$CatchAndRecordFailures.onExecute(ExecutorPolicy.java:63)
	at org.gradle.internal.concurrent.ManagedExecutorImpl$1.run(ManagedExecutorImpl.java:46)
	at org.gradle.internal.concurrent.ThreadFactoryImpl$ManagedThreadRunnable.run(ThreadFactoryImpl.java:55)
Cause 2: org.gradle.internal.resolve.ArtifactNotFoundException: Could not find support-compat.aar (com.android.support:support-compat:27.1.1).
Searched in the following locations:
    https://jcenter.bintray.com/com/android/support/support-compat/27.1.1/support-compat-27.1.1.aar
	at org.gradle.internal.resolve.result.DefaultBuildableArtifactResolveResult.notFound(DefaultBuildableArtifactResolveResult.java:27)
	at org.gradle.api.internal.artifacts.repositories.resolver.ExternalResourceResolver$RemoteRepositoryAccess.resolveArtifact(ExternalResourceResolver.java:501)
	at org.gradle.api.internal.artifacts.ivyservice.ivyresolve.CachingModuleComponentRepository$ResolveAndCacheRepositoryAccess.resolveArtifact(CachingModuleComponentRepository.java:409)
	at org.gradle.api.internal.artifacts.ivyservice.ivyresolve.BaseModuleComponentRepositoryAccess.resolveArtifact(BaseModuleComponentRepositoryAccess.java:65)
	at org.gradle.api.internal.artifacts.ivyservice.ivyresolve.memcache.InMemoryCachedModuleComponentRepository$CachedAccess.resolveArtifact(InMemoryCachedModuleComponentRepository.java:124)
	at org.gradle.api.internal.artifacts.ivyservice.ivyresolve.ErrorHandlingModuleComponentRepository$ErrorHandlingModuleComponentRepositoryAccess.resolveArtifact(ErrorHandlingModuleComponentRepository.java:171)
	at org.gradle.api.internal.artifacts.ivyservice.ivyresolve.RepositoryChainArtifactResolver.resolveArtifact(RepositoryChainArtifactResolver.java:80)
	at org.gradle.api.internal.artifacts.ivyservice.resolveengine.ComponentResolversChain$ArtifactResolverChain.resolveArtifact(ComponentResolversChain.java:121)
	at org.gradle.api.internal.artifacts.ivyservice.ivyresolve.ErrorHandlingArtifactResolver.resolveArtifact(ErrorHandlingArtifactResolver.java:46)
	at org.gradle.api.internal.artifacts.ivyservice.resolveengine.artifact.DefaultArtifactSet$LazyArtifactSource.create(DefaultArtifactSet.java:171)
	at org.gradle.api.internal.artifacts.ivyservice.resolveengine.artifact.DefaultArtifactSet$LazyArtifactSource.create(DefaultArtifactSet.java:158)
	at org.gradle.api.internal.artifacts.DefaultResolvedArtifact.getFile(DefaultResolvedArtifact.java:135)
	at org.gradle.api.internal.artifacts.ivyservice.resolveengine.artifact.ArtifactBackedResolvedVariant$DownloadArtifactFile.run(ArtifactBackedResolvedVariant.java:146)
	at org.gradle.internal.progress.DefaultBuildOperationExecutor$RunnableBuildOperationWorker.execute(DefaultBuildOperationExecutor.java:336)
	at org.gradle.internal.progress.DefaultBuildOperationExecutor$RunnableBuildOperationWorker.execute(DefaultBuildOperationExecutor.java:328)
	at org.gradle.internal.progress.DefaultBuildOperationExecutor.execute(DefaultBuildOperationExecutor.java:199)
	at org.gradle.internal.progress.DefaultBuildOperationExecutor.access$900(DefaultBuildOperationExecutor.java:63)
	at org.gradle.internal.progress.DefaultBuildOperationExecutor$ParentPreservingQueueWorker.execute(DefaultBuildOperationExecutor.java:378)
	at org.gradle.internal.operations.DefaultBuildOperationQueue$WorkerRunnable.runOperation(DefaultBuildOperationQueue.java:230)
	at org.gradle.internal.operations.DefaultBuildOperationQueue$WorkerRunnable.access$600(DefaultBuildOperationQueue.java:172)
	at org.gradle.internal.operations.DefaultBuildOperationQueue$WorkerRunnable$1.call(DefaultBuildOperationQueue.java:209)
	at org.gradle.internal.operations.DefaultBuildOperationQueue$WorkerRunnable$1.call(DefaultBuildOperationQueue.java:203)
	at org.gradle.internal.work.DefaultWorkerLeaseService.withLocks(DefaultWorkerLeaseService.java:152)
	at org.gradle.internal.operations.DefaultBuildOperationQueue$WorkerRunnable.runBatch(DefaultBuildOperationQueue.java:202)
	at org.gradle.internal.operations.DefaultBuildOperationQueue$WorkerRunnable.run(DefaultBuildOperationQueue.java:177)
	at org.gradle.internal.concurrent.ExecutorPolicy$CatchAndRecordFailures.onExecute(ExecutorPolicy.java:63)
	at org.gradle.internal.concurrent.ManagedExecutorImpl$1.run(ManagedExecutorImpl.java:46)
	at java.util.concurrent.ThreadPoolExecutor.runWorker(ThreadPoolExecutor.java:1149)
	at java.util.concurrent.ThreadPoolExecutor$Worker.run(ThreadPoolExecutor.java:624)
	at org.gradle.internal.concurrent.ThreadFactoryImpl$ManagedThreadRunnable.run(ThreadFactoryImpl.java:55)
	at java.lang.Thread.run(Thread.java:748)


* Get more help at https://help.gradle.org

BUILD FAILED in 8s
1 actionable task: 1 executed

2019-10-19 20:51:00,454 INFO  ProjectTaskService - Detecting possible tasks...
2019-10-19 20:51:00,454 INFO  SysUtils - Execute command: [/var/folders/bq/vtzpc5ns5sg2cthy61lqpg3dfzgbys/T/1571493027920-0/src/jspoon-master/gradlew, -b, /var/folders/bq/vtzpc5ns5sg2cthy61lqpg3dfzgbys/T/1571493027920-0/src/jspoon-master/build.gradle, -Dorg.gradle.daemon=false, -Dorg.gradle.daemon.performance.enable-monitoring=false, -Dorg.gradle.configureondemand=true, tasks]
2019-10-19 20:51:10,844 INFO  ProjectTaskService - Detected possible tasks: 82
2019-10-19 20:51:10,844 INFO  ProjectTaskService - Excluded tasks (22): lintDebug mockableAndroidJar javadocJar deviceCheck lint testReleaseUnitTest javadoc uninstallRelease deviceAndroidTest uninstallDebugAndroidTest installDebugAndroidTest connectedCheck connectedDebugAndroidTest uninstallAll sourcesJar test check testDebugUnitTest connectedAndroidTest installDebug lintRelease uninstallDebug
2019-10-19 20:51:10,845 INFO  SysUtils - Execute command: [/var/folders/bq/vtzpc5ns5sg2cthy61lqpg3dfzgbys/T/1571493027920-0/src/jspoon-master/gradlew, -b, /var/folders/bq/vtzpc5ns5sg2cthy61lqpg3dfzgbys/T/1571493027920-0/src/jspoon-master/build.gradle, -Dorg.gradle.daemon=false, -Dorg.gradle.daemon.performance.enable-monitoring=false, -Dorg.gradle.configureondemand=true, --stacktrace, -x, lintDebug, -x, mockableAndroidJar, -x, javadocJar, -x, deviceCheck, -x, lint, -x, testReleaseUnitTest, -x, javadoc, -x, uninstallRelease, -x, deviceAndroidTest, -x, uninstallDebugAndroidTest, -x, installDebugAndroidTest, -x, connectedCheck, -x, connectedDebugAndroidTest, -x, uninstallAll, -x, sourcesJar, -x, test, -x, check, -x, testDebugUnitTest, -x, connectedAndroidTest, -x, installDebug, -x, lintRelease, -x, uninstallDebug, build]
2019-10-19 20:51:29,703 ERROR SysUtils - Could not process external command
org.apache.commons.exec.ExecuteException: Process exited with an error: 1 (Exit value: 1)
	at org.apache.commons.exec.DefaultExecutor.executeInternal(DefaultExecutor.java:404)
	at org.apache.commons.exec.DefaultExecutor.execute(DefaultExecutor.java:166)
	at com.github.vbauer.apkmaster.util.SysUtils.execute(SysUtils.java:67)
	at com.github.vbauer.apkmaster.util.SysUtils.executeSimple(SysUtils.java:43)
	at com.github.vbauer.apkmaster.service.assembly.ProjectBuildService.buildProject(ProjectBuildService.java:78)
	at com.github.vbauer.apkmaster.service.assembly.ProjectBuildService.buildProject(ProjectBuildService.java:64)
	at com.github.vbauer.apkmaster.service.assembly.ProjectBuildService.buildProject(ProjectBuildService.java:43)
	at com.github.vbauer.apkmaster.service.FullProcessService.build(FullProcessService.java:84)
	at com.github.vbauer.apkmaster.service.FullProcessService.process(FullProcessService.java:34)
	at com.github.vbauer.apkmaster.app.MainApplication.process(MainApplication.java:38)
	at com.github.vbauer.apkmaster.app.MainApplication.main(MainApplication.java:20)
	at sun.reflect.NativeMethodAccessorImpl.invoke0(Native Method)
	at sun.reflect.NativeMethodAccessorImpl.invoke(NativeMethodAccessorImpl.java:62)
	at sun.reflect.DelegatingMethodAccessorImpl.invoke(DelegatingMethodAccessorImpl.java:43)
	at java.lang.reflect.Method.invoke(Method.java:498)
	at com.android.arsenal.util.ReflectionUtils.invoke(ReflectionUtils.java:52)
	at com.android.arsenal.util.ApkMasterUtils.main(ApkMasterUtils.java:30)
	at com.android.arsenal.service.processor.impl.BuildProcessorServiceImpl.buildProject(BuildProcessorServiceImpl.java:196)
	at com.android.arsenal.service.processor.impl.BuildProcessorServiceImpl.build(BuildProcessorServiceImpl.java:130)
	at com.android.arsenal.service.processor.impl.BuildProcessorServiceImpl.lambda$null$1(BuildProcessorServiceImpl.java:113)
	at java.util.concurrent.FutureTask.run(FutureTask.java:266)
	at java.util.concurrent.Executors$RunnableAdapter.call(Executors.java:511)
	at java.util.concurrent.FutureTask.run(FutureTask.java:266)
	at java.util.concurrent.ThreadPoolExecutor.runWorker(ThreadPoolExecutor.java:1149)
	at java.util.concurrent.ThreadPoolExecutor$Worker.run(ThreadPoolExecutor.java:624)
	at java.lang.Thread.run(Thread.java:748)
2019-10-19 20:51:29,703 INFO  SysUtils - Configuration on demand is an incubating feature.
:jspoon:compileJavawarning: [options] bootstrap class path not set in conjunction with -source 1.7
1 warning

:retrofit-converter-jspoon:compileJava
Download https://jcenter.bintray.com/pl/droidsonroids/jspoon/1.3.2/jspoon-1.3.2.pom
Download https://jcenter.bintray.com/pl/droidsonroids/jspoon/1.3.2/jspoon-1.3.2.jar
warning: [options] bootstrap class path not set in conjunction with -source 1.7
1 warning
:advanced-example:compileKotlin
Download https://jcenter.bintray.com/io/reactivex/rxjava2/rxjava/2.0.0/rxjava-2.0.0.jar
:advanced-example:compileJava
:advanced-example:processResources NO-SOURCE
:advanced-example:classes
:advanced-example:inspectClassesForKotlinIC
:advanced-example:jar
:advanced-example:assemble
:advanced-example:build
:android-example:preBuild UP-TO-DATE
:android-example:preDebugBuild FAILED

FAILURE: Build failed with an exception.

* What went wrong:
Could not resolve all files for configuration ':android-example:debugCompileClasspath'.
> Could not find support-core-utils.aar (com.android.support:support-core-utils:27.1.1).
  Searched in the following locations:
      https://jcenter.bintray.com/com/android/support/support-core-utils/27.1.1/support-core-utils-27.1.1.aar
> Could not find support-compat.aar (com.android.support:support-compat:27.1.1).
  Searched in the following locations:
      https://jcenter.bintray.com/com/android/support/support-compat/27.1.1/support-compat-27.1.1.aar

* Try:
Run with --info or --debug option to get more log output. Run with --scan to get full insights.

* Exception is:
org.gradle.api.internal.artifacts.ivyservice.DefaultLenientConfiguration$ArtifactResolveException: Could not resolve all files for configuration ':android-example:debugCompileClasspath'.
	at org.gradle.api.internal.artifacts.configurations.DefaultConfiguration.rethrowFailure(DefaultConfiguration.java:918)
	at org.gradle.api.internal.artifacts.configurations.DefaultConfiguration.access$1600(DefaultConfiguration.java:116)
	at org.gradle.api.internal.artifacts.configurations.DefaultConfiguration$ConfigurationFileCollection.getFiles(DefaultConfiguration.java:892)
	at org.gradle.api.internal.file.AbstractFileCollection.iterator(AbstractFileCollection.java:68)
	at org.gradle.api.internal.changedetection.state.AbstractFileCollectionSnapshotter$FileCollectionVisitorImpl.visitCollection(AbstractFileCollectionSnapshotter.java:70)
	at org.gradle.api.internal.file.AbstractFileCollection.visitRootElements(AbstractFileCollection.java:234)
	at org.gradle.api.internal.file.CompositeFileCollection.visitRootElements(CompositeFileCollection.java:185)
	at org.gradle.api.internal.changedetection.state.AbstractFileCollectionSnapshotter.snapshot(AbstractFileCollectionSnapshotter.java:53)
	at org.gradle.api.internal.changedetection.state.DefaultGenericFileCollectionSnapshotter.snapshot(DefaultGenericFileCollectionSnapshotter.java:38)
	at org.gradle.api.internal.changedetection.state.CacheBackedTaskHistoryRepository.snapshotTaskFiles(CacheBackedTaskHistoryRepository.java:331)
	at org.gradle.api.internal.changedetection.state.CacheBackedTaskHistoryRepository.createExecution(CacheBackedTaskHistoryRepository.java:154)
	at org.gradle.api.internal.changedetection.state.CacheBackedTaskHistoryRepository.access$100(CacheBackedTaskHistoryRepository.java:61)
	at org.gradle.api.internal.changedetection.state.CacheBackedTaskHistoryRepository$1.getCurrentExecution(CacheBackedTaskHistoryRepository.java:114)
	at org.gradle.api.internal.changedetection.changes.DefaultTaskArtifactStateRepository$TaskArtifactStateImpl.getStates(DefaultTaskArtifactStateRepository.java:201)
	at org.gradle.api.internal.changedetection.changes.DefaultTaskArtifactStateRepository$TaskArtifactStateImpl.isUpToDate(DefaultTaskArtifactStateRepository.java:86)
	at org.gradle.api.internal.tasks.execution.SkipUpToDateTaskExecuter.execute(SkipUpToDateTaskExecuter.java:53)
	at org.gradle.api.internal.tasks.execution.ResolveTaskOutputCachingStateExecuter.execute(ResolveTaskOutputCachingStateExecuter.java:54)
	at org.gradle.api.internal.tasks.execution.ValidatingTaskExecuter.execute(ValidatingTaskExecuter.java:60)
	at org.gradle.api.internal.tasks.execution.SkipEmptySourceFilesTaskExecuter.execute(SkipEmptySourceFilesTaskExecuter.java:97)
	at org.gradle.api.internal.tasks.execution.CleanupStaleOutputsExecuter.execute(CleanupStaleOutputsExecuter.java:87)
	at org.gradle.api.internal.tasks.execution.ResolveTaskArtifactStateTaskExecuter.execute(ResolveTaskArtifactStateTaskExecuter.java:52)
	at org.gradle.api.internal.tasks.execution.SkipTaskWithNoActionsExecuter.execute(SkipTaskWithNoActionsExecuter.java:52)
	at org.gradle.api.internal.tasks.execution.SkipOnlyIfTaskExecuter.execute(SkipOnlyIfTaskExecuter.java:54)
	at org.gradle.api.internal.tasks.execution.ExecuteAtMostOnceTaskExecuter.execute(ExecuteAtMostOnceTaskExecuter.java:43)
	at org.gradle.api.internal.tasks.execution.CatchExceptionTaskExecuter.execute(CatchExceptionTaskExecuter.java:34)
	at org.gradle.execution.taskgraph.DefaultTaskGraphExecuter$EventFiringTaskWorker$1.run(DefaultTaskGraphExecuter.java:248)
	at org.gradle.internal.progress.DefaultBuildOperationExecutor$RunnableBuildOperationWorker.execute(DefaultBuildOperationExecutor.java:336)
	at org.gradle.internal.progress.DefaultBuildOperationExecutor$RunnableBuildOperationWorker.execute(DefaultBuildOperationExecutor.java:328)
	at org.gradle.internal.progress.DefaultBuildOperationExecutor.execute(DefaultBuildOperationExecutor.java:199)
	at org.gradle.internal.progress.DefaultBuildOperationExecutor.run(DefaultBuildOperationExecutor.java:110)
	at org.gradle.execution.taskgraph.DefaultTaskGraphExecuter$EventFiringTaskWorker.execute(DefaultTaskGraphExecuter.java:241)
	at org.gradle.execution.taskgraph.DefaultTaskGraphExecuter$EventFiringTaskWorker.execute(DefaultTaskGraphExecuter.java:230)
	at org.gradle.execution.taskgraph.DefaultTaskPlanExecutor$TaskExecutorWorker.processTask(DefaultTaskPlanExecutor.java:123)
	at org.gradle.execution.taskgraph.DefaultTaskPlanExecutor$TaskExecutorWorker.access$200(DefaultTaskPlanExecutor.java:79)
	at org.gradle.execution.taskgraph.DefaultTaskPlanExecutor$TaskExecutorWorker$1.execute(DefaultTaskPlanExecutor.java:104)
	at org.gradle.execution.taskgraph.DefaultTaskPlanExecutor$TaskExecutorWorker$1.execute(DefaultTaskPlanExecutor.java:98)
	at org.gradle.execution.taskgraph.DefaultTaskExecutionPlan.execute(DefaultTaskExecutionPlan.java:626)
	at org.gradle.execution.taskgraph.DefaultTaskExecutionPlan.executeWithTask(DefaultTaskExecutionPlan.java:581)
	at org.gradle.execution.taskgraph.DefaultTaskPlanExecutor$TaskExecutorWorker.run(DefaultTaskPlanExecutor.java:98)
	at org.gradle.internal.concurrent.ExecutorPolicy$CatchAndRecordFailures.onExecute(ExecutorPolicy.java:63)
	at org.gradle.internal.concurrent.ManagedExecutorImpl$1.run(ManagedExecutorImpl.java:46)
	at org.gradle.internal.concurrent.ThreadFactoryImpl$ManagedThreadRunnable.run(ThreadFactoryImpl.java:55)
Cause 1: org.gradle.internal.resolve.ArtifactNotFoundException: Could not find support-core-utils.aar (com.android.support:support-core-utils:27.1.1).
Searched in the following locations:
    https://jcenter.bintray.com/com/android/support/support-core-utils/27.1.1/support-core-utils-27.1.1.aar
	at org.gradle.internal.resolve.result.DefaultBuildableArtifactResolveResult.notFound(DefaultBuildableArtifactResolveResult.java:27)
	at org.gradle.api.internal.artifacts.ivyservice.ivyresolve.CachingModuleComponentRepository$LocateInCacheRepositoryAccess.resolveArtifactFromCache(CachingModuleComponentRepository.java:324)
	at org.gradle.api.internal.artifacts.ivyservice.ivyresolve.CachingModuleComponentRepository$LocateInCacheRepositoryAccess.resolveArtifact(CachingModuleComponentRepository.java:274)
	at org.gradle.api.internal.artifacts.ivyservice.ivyresolve.BaseModuleComponentRepositoryAccess.resolveArtifact(BaseModuleComponentRepositoryAccess.java:65)
	at org.gradle.api.internal.artifacts.ivyservice.ivyresolve.memcache.InMemoryCachedModuleComponentRepository$CachedAccess.resolveArtifact(InMemoryCachedModuleComponentRepository.java:124)
	at org.gradle.api.internal.artifacts.ivyservice.ivyresolve.ErrorHandlingModuleComponentRepository$ErrorHandlingModuleComponentRepositoryAccess.resolveArtifact(ErrorHandlingModuleComponentRepository.java:171)
	at org.gradle.api.internal.artifacts.ivyservice.ivyresolve.RepositoryChainArtifactResolver.resolveArtifact(RepositoryChainArtifactResolver.java:78)
	at org.gradle.api.internal.artifacts.ivyservice.resolveengine.ComponentResolversChain$ArtifactResolverChain.resolveArtifact(ComponentResolversChain.java:121)
	at org.gradle.api.internal.artifacts.ivyservice.ivyresolve.ErrorHandlingArtifactResolver.resolveArtifact(ErrorHandlingArtifactResolver.java:46)
	at org.gradle.api.internal.artifacts.ivyservice.resolveengine.artifact.DefaultArtifactSet$LazyArtifactSource.create(DefaultArtifactSet.java:171)
	at org.gradle.api.internal.artifacts.ivyservice.resolveengine.artifact.DefaultArtifactSet$LazyArtifactSource.create(DefaultArtifactSet.java:158)
	at org.gradle.api.internal.artifacts.DefaultResolvedArtifact.getFile(DefaultResolvedArtifact.java:135)
	at org.gradle.api.internal.artifacts.ivyservice.resolveengine.artifact.ArtifactBackedResolvedVariant$DownloadArtifactFile.run(ArtifactBackedResolvedVariant.java:146)
	at org.gradle.internal.progress.DefaultBuildOperationExecutor$RunnableBuildOperationWorker.execute(DefaultBuildOperationExecutor.java:336)
	at org.gradle.internal.progress.DefaultBuildOperationExecutor$RunnableBuildOperationWorker.execute(DefaultBuildOperationExecutor.java:328)
	at org.gradle.internal.progress.DefaultBuildOperationExecutor.execute(DefaultBuildOperationExecutor.java:199)
	at org.gradle.internal.progress.DefaultBuildOperationExecutor.access$900(DefaultBuildOperationExecutor.java:63)
	at org.gradle.internal.progress.DefaultBuildOperationExecutor$ParentPreservingQueueWorker.execute(DefaultBuildOperationExecutor.java:378)
	at org.gradle.internal.operations.DefaultBuildOperationQueue$WorkerRunnable.runOperation(DefaultBuildOperationQueue.java:230)
	at org.gradle.internal.operations.DefaultBuildOperationQueue$WorkerRunnable.access$600(DefaultBuildOperationQueue.java:172)
	at org.gradle.internal.operations.DefaultBuildOperationQueue$WorkerRunnable$1.call(DefaultBuildOperationQueue.java:209)
	at org.gradle.internal.operations.DefaultBuildOperationQueue$WorkerRunnable$1.call(DefaultBuildOperationQueue.java:203)
	at org.gradle.internal.work.DefaultWorkerLeaseService.withLocks(DefaultWorkerLeaseService.java:152)
	at org.gradle.internal.operations.DefaultBuildOperationQueue$WorkerRunnable.runBatch(DefaultBuildOperationQueue.java:202)
	at org.gradle.internal.operations.DefaultBuildOperationQueue$WorkerRunnable.run(DefaultBuildOperationQueue.java:177)
	at org.gradle.internal.concurrent.ExecutorPolicy$CatchAndRecordFailures.onExecute(ExecutorPolicy.java:63)
	at org.gradle.internal.concurrent.ManagedExecutorImpl$1.run(ManagedExecutorImpl.java:46)
	at org.gradle.internal.concurrent.ThreadFactoryImpl$ManagedThreadRunnable.run(ThreadFactoryImpl.java:55)
Cause 2: org.gradle.internal.resolve.ArtifactNotFoundException: Could not find support-compat.aar (com.android.support:support-compat:27.1.1).
Searched in the following locations:
    https://jcenter.bintray.com/com/android/support/support-compat/27.1.1/support-compat-27.1.1.aar
	at org.gradle.internal.resolve.result.DefaultBuildableArtifactResolveResult.notFound(DefaultBuildableArtifactResolveResult.java:27)
	at org.gradle.api.internal.artifacts.ivyservice.ivyresolve.CachingModuleComponentRepository$LocateInCacheRepositoryAccess.resolveArtifactFromCache(CachingModuleComponentRepository.java:324)
	at org.gradle.api.internal.artifacts.ivyservice.ivyresolve.CachingModuleComponentRepository$LocateInCacheRepositoryAccess.resolveArtifact(CachingModuleComponentRepository.java:274)
	at org.gradle.api.internal.artifacts.ivyservice.ivyresolve.BaseModuleComponentRepositoryAccess.resolveArtifact(BaseModuleComponentRepositoryAccess.java:65)
	at org.gradle.api.internal.artifacts.ivyservice.ivyresolve.memcache.InMemoryCachedModuleComponentRepository$CachedAccess.resolveArtifact(InMemoryCachedModuleComponentRepository.java:124)
	at org.gradle.api.internal.artifacts.ivyservice.ivyresolve.ErrorHandlingModuleComponentRepository$ErrorHandlingModuleComponentRepositoryAccess.resolveArtifact(ErrorHandlingModuleComponentRepository.java:171)
	at org.gradle.api.internal.artifacts.ivyservice.ivyresolve.RepositoryChainArtifactResolver.resolveArtifact(RepositoryChainArtifactResolver.java:78)
	at org.gradle.api.internal.artifacts.ivyservice.resolveengine.ComponentResolversChain$ArtifactResolverChain.resolveArtifact(ComponentResolversChain.java:121)
	at org.gradle.api.internal.artifacts.ivyservice.ivyresolve.ErrorHandlingArtifactResolver.resolveArtifact(ErrorHandlingArtifactResolver.java:46)
	at org.gradle.api.internal.artifacts.ivyservice.resolveengine.artifact.DefaultArtifactSet$LazyArtifactSource.create(DefaultArtifactSet.java:171)
	at org.gradle.api.internal.artifacts.ivyservice.resolveengine.artifact.DefaultArtifactSet$LazyArtifactSource.create(DefaultArtifactSet.java:158)
	at org.gradle.api.internal.artifacts.DefaultResolvedArtifact.getFile(DefaultResolvedArtifact.java:135)
	at org.gradle.api.internal.artifacts.ivyservice.resolveengine.artifact.ArtifactBackedResolvedVariant$DownloadArtifactFile.run(ArtifactBackedResolvedVariant.java:146)
	at org.gradle.internal.progress.DefaultBuildOperationExecutor$RunnableBuildOperationWorker.execute(DefaultBuildOperationExecutor.java:336)
	at org.gradle.internal.progress.DefaultBuildOperationExecutor$RunnableBuildOperationWorker.execute(DefaultBuildOperationExecutor.java:328)
	at org.gradle.internal.progress.DefaultBuildOperationExecutor.execute(DefaultBuildOperationExecutor.java:199)
	at org.gradle.internal.progress.DefaultBuildOperationExecutor.access$900(DefaultBuildOperationExecutor.java:63)
	at org.gradle.internal.progress.DefaultBuildOperationExecutor$ParentPreservingQueueWorker.execute(DefaultBuildOperationExecutor.java:378)
	at org.gradle.internal.operations.DefaultBuildOperationQueue$WorkerRunnable.runOperation(DefaultBuildOperationQueue.java:230)
	at org.gradle.internal.operations.DefaultBuildOperationQueue$WorkerRunnable.access$600(DefaultBuildOperationQueue.java:172)
	at org.gradle.internal.operations.DefaultBuildOperationQueue$WorkerRunnable$1.call(DefaultBuildOperationQueue.java:209)
	at org.gradle.internal.operations.DefaultBuildOperationQueue$WorkerRunnable$1.call(DefaultBuildOperationQueue.java:203)
	at org.gradle.internal.work.DefaultWorkerLeaseService.withLocks(DefaultWorkerLeaseService.java:152)
	at org.gradle.internal.operations.DefaultBuildOperationQueue$WorkerRunnable.runBatch(DefaultBuildOperationQueue.java:202)
	at org.gradle.internal.operations.DefaultBuildOperationQueue$WorkerRunnable.run(DefaultBuildOperationQueue.java:177)
	at org.gradle.internal.concurrent.ExecutorPolicy$CatchAndRecordFailures.onExecute(ExecutorPolicy.java:63)
	at org.gradle.internal.concurrent.ManagedExecutorImpl$1.run(ManagedExecutorImpl.java:46)
	at java.util.concurrent.ThreadPoolExecutor.runWorker(ThreadPoolExecutor.java:1149)
	at java.util.concurrent.ThreadPoolExecutor$Worker.run(ThreadPoolExecutor.java:624)
	at org.gradle.internal.concurrent.ThreadFactoryImpl$ManagedThreadRunnable.run(ThreadFactoryImpl.java:55)
	at java.lang.Thread.run(Thread.java:748)


* Get more help at https://help.gradle.org

BUILD FAILED in 18s
7 actionable tasks: 7 executed

2019-10-19 20:51:29,709 INFO  ProjectTaskService - Detecting possible tasks...
2019-10-19 20:51:29,710 INFO  SysUtils - Execute command: [/var/folders/bq/vtzpc5ns5sg2cthy61lqpg3dfzgbys/T/1571493027920-0/src/jspoon-master/gradlew, -b, /var/folders/bq/vtzpc5ns5sg2cthy61lqpg3dfzgbys/T/1571493027920-0/src/jspoon-master/advanced-example/build.gradle, -Dorg.gradle.daemon=false, -Dorg.gradle.daemon.performance.enable-monitoring=false, -Dorg.gradle.configureondemand=true, tasks]
2019-10-19 20:51:32,994 INFO  ProjectTaskService - Detected possible tasks: 39
2019-10-19 20:51:32,994 INFO  ProjectTaskService - Excluded tasks (3): test check javadoc
2019-10-19 20:51:32,994 INFO  SysUtils - Execute command: [/var/folders/bq/vtzpc5ns5sg2cthy61lqpg3dfzgbys/T/1571493027920-0/src/jspoon-master/gradlew, -b, /var/folders/bq/vtzpc5ns5sg2cthy61lqpg3dfzgbys/T/1571493027920-0/src/jspoon-master/advanced-example/build.gradle, -Dorg.gradle.daemon=false, -Dorg.gradle.daemon.performance.enable-monitoring=false, -Dorg.gradle.configureondemand=true, --stacktrace, -x, test, -x, check, -x, javadoc, build]
2019-10-19 20:51:37,253 INFO  SysUtils - Configuration on demand is an incubating feature.
:jspoon:compileJava UP-TO-DATE
:retrofit-converter-jspoon:compileJava UP-TO-DATE
:advanced-example:compileKotlin UP-TO-DATE
:advanced-example:compileJava UP-TO-DATE
:advanced-example:processResources NO-SOURCE
:advanced-example:classes UP-TO-DATE
:advanced-example:inspectClassesForKotlinIC UP-TO-DATE
:advanced-example:jar UP-TO-DATE
:advanced-example:assemble UP-TO-DATE
:advanced-example:build

BUILD SUCCESSFUL in 3s
6 actionable tasks: 6 up-to-date

2019-10-19 20:51:37,259 INFO  ProjectTaskService - Detecting possible tasks...
2019-10-19 20:51:37,260 INFO  SysUtils - Execute command: [/var/folders/bq/vtzpc5ns5sg2cthy61lqpg3dfzgbys/T/1571493027920-0/src/jspoon-master/gradlew, -b, /var/folders/bq/vtzpc5ns5sg2cthy61lqpg3dfzgbys/T/1571493027920-0/src/jspoon-master/jspoon/build.gradle, -Dorg.gradle.daemon=false, -Dorg.gradle.daemon.performance.enable-monitoring=false, -Dorg.gradle.configureondemand=true, tasks]
2019-10-19 20:51:40,687 INFO  ProjectTaskService - Detected possible tasks: 45
2019-10-19 20:51:40,687 INFO  ProjectTaskService - Excluded tasks (4): javadocJar sourcesJar test check
2019-10-19 20:51:40,688 INFO  SysUtils - Execute command: [/var/folders/bq/vtzpc5ns5sg2cthy61lqpg3dfzgbys/T/1571493027920-0/src/jspoon-master/gradlew, -b, /var/folders/bq/vtzpc5ns5sg2cthy61lqpg3dfzgbys/T/1571493027920-0/src/jspoon-master/jspoon/build.gradle, -Dorg.gradle.daemon=false, -Dorg.gradle.daemon.performance.enable-monitoring=false, -Dorg.gradle.configureondemand=true, --stacktrace, -x, javadocJar, -x, sourcesJar, -x, test, -x, check, build]
2019-10-19 20:51:44,279 INFO  SysUtils - Configuration on demand is an incubating feature.
:jspoon:compileJava UP-TO-DATE
:jspoon:processResources NO-SOURCE
:jspoon:classes UP-TO-DATE
:jspoon:jar
:jspoon:signArchives SKIPPED
:jspoon:assemble
:jspoon:build

BUILD SUCCESSFUL in 3s
2 actionable tasks: 1 executed, 1 up-to-date

2019-10-19 20:51:44,287 INFO  ProjectTaskService - Detecting possible tasks...
2019-10-19 20:51:44,287 INFO  SysUtils - Execute command: [/var/folders/bq/vtzpc5ns5sg2cthy61lqpg3dfzgbys/T/1571493027920-0/src/jspoon-master/gradlew, -b, /var/folders/bq/vtzpc5ns5sg2cthy61lqpg3dfzgbys/T/1571493027920-0/src/jspoon-master/retrofit-converter-jspoon/build.gradle, -Dorg.gradle.daemon=false, -Dorg.gradle.daemon.performance.enable-monitoring=false, -Dorg.gradle.configureondemand=true, tasks]
2019-10-19 20:51:47,757 INFO  ProjectTaskService - Detected possible tasks: 45
2019-10-19 20:51:47,758 INFO  ProjectTaskService - Excluded tasks (4): javadocJar sourcesJar test check
2019-10-19 20:51:47,758 INFO  SysUtils - Execute command: [/var/folders/bq/vtzpc5ns5sg2cthy61lqpg3dfzgbys/T/1571493027920-0/src/jspoon-master/gradlew, -b, /var/folders/bq/vtzpc5ns5sg2cthy61lqpg3dfzgbys/T/1571493027920-0/src/jspoon-master/retrofit-converter-jspoon/build.gradle, -Dorg.gradle.daemon=false, -Dorg.gradle.daemon.performance.enable-monitoring=false, -Dorg.gradle.configureondemand=true, --stacktrace, -x, javadocJar, -x, sourcesJar, -x, test, -x, check, build]
2019-10-19 20:51:51,324 INFO  SysUtils - Configuration on demand is an incubating feature.
:retrofit-converter-jspoon:compileJava UP-TO-DATE
:retrofit-converter-jspoon:processResources NO-SOURCE
:retrofit-converter-jspoon:classes UP-TO-DATE
:retrofit-converter-jspoon:jar
:retrofit-converter-jspoon:signArchives SKIPPED
:retrofit-converter-jspoon:assemble
:retrofit-converter-jspoon:build

BUILD SUCCESSFUL in 3s
2 actionable tasks: 1 executed, 1 up-to-date

2019-10-19 20:51:51,332 ERROR FullProcessService - Project build has not produced APK file
2019-10-19 20:51:51,339 ERROR FullProcessService - Could not find generated or existed APK file
