2018-09-02 18:53:03,203 INFO  DownloadService - Downloading "https://github.com/S64/android-outside-activity/archive/master.zip", attempt 3
2018-09-02 18:53:03,807 INFO  DownloadService - Downloaded https://github.com/S64/android-outside-activity/archive/master.zip, attempt 3
2018-09-02 18:53:03,807 INFO  DownloadService - Size of file "/var/folders/bq/vtzpc5ns5sg2cthy61lqpg3dfzgbys/T/1535889183199-0/master.zip": 279 KB
2018-09-02 18:53:03,807 INFO  ArchiveUtils - Checking entries [.gradle] in ZIP file...
2018-09-02 18:53:03,812 INFO  ArchiveUtils - Has entries [.gradle] in ZIP file /var/folders/bq/vtzpc5ns5sg2cthy61lqpg3dfzgbys/T/1535889183199-0/master.zip: true
2018-09-02 18:53:03,812 DEBUG ZipUtil - Extracting '/var/folders/bq/vtzpc5ns5sg2cthy61lqpg3dfzgbys/T/1535889183199-0/master.zip' into '/var/folders/bq/vtzpc5ns5sg2cthy61lqpg3dfzgbys/T/1535889183199-0/src'.
2018-09-02 18:53:03,836 INFO  FullProcessService - Size of directory with sources: 361 KB
2018-09-02 18:53:03,836 INFO  SysUtils - Execute command: [git, init, /var/folders/bq/vtzpc5ns5sg2cthy61lqpg3dfzgbys/T/1535889183199-0/src]
2018-09-02 18:53:03,852 INFO  SysUtils - Initialized empty Git repository in /private/var/folders/bq/vtzpc5ns5sg2cthy61lqpg3dfzgbys/T/1535889183199-0/src/.git/

2018-09-02 18:53:03,855 INFO  ProjectBuildService - Gradle wrapper(s): /var/folders/bq/vtzpc5ns5sg2cthy61lqpg3dfzgbys/T/1535889183199-0/src/android-outside-activity-master/gradlew
2018-09-02 18:53:03,858 INFO  ProjectBuildService - Build script(s): /var/folders/bq/vtzpc5ns5sg2cthy61lqpg3dfzgbys/T/1535889183199-0/src/android-outside-activity-master/example/build.gradle /var/folders/bq/vtzpc5ns5sg2cthy61lqpg3dfzgbys/T/1535889183199-0/src/android-outside-activity-master/outsideactivity/build.gradle /var/folders/bq/vtzpc5ns5sg2cthy61lqpg3dfzgbys/T/1535889183199-0/src/android-outside-activity-master/build.gradle
2018-09-02 18:53:03,861 INFO  ProjectBuildService - All script(s): /var/folders/bq/vtzpc5ns5sg2cthy61lqpg3dfzgbys/T/1535889183199-0/src/android-outside-activity-master/example/build.gradle /var/folders/bq/vtzpc5ns5sg2cthy61lqpg3dfzgbys/T/1535889183199-0/src/android-outside-activity-master/outsideactivity/build.gradle /var/folders/bq/vtzpc5ns5sg2cthy61lqpg3dfzgbys/T/1535889183199-0/src/android-outside-activity-master/build.gradle /var/folders/bq/vtzpc5ns5sg2cthy61lqpg3dfzgbys/T/1535889183199-0/src/android-outside-activity-master/settings.gradle
2018-09-02 18:53:03,862 INFO  ProjectBuildService - Remote scripts: none
2018-09-02 18:53:03,862 INFO  ProjectFixService - Fixing project...
2018-09-02 18:53:03,869 INFO  LocalPropertiesFixService - Created fake /var/folders/bq/vtzpc5ns5sg2cthy61lqpg3dfzgbys/T/1535889183199-0/src/android-outside-activity-master/example/local.properties
2018-09-02 18:53:03,871 INFO  ProjectFixService - Build info for "/var/folders/bq/vtzpc5ns5sg2cthy61lqpg3dfzgbys/T/1535889183199-0/src/android-outside-activity-master/example/build.gradle": [buildToolsVersion=<null>,compileSdkVersion=<null>,minSdkVersion=<null>,targetSdkVersion=<null>]
2018-09-02 18:53:03,872 INFO  ProjectFixService - Fixed build info for "/var/folders/bq/vtzpc5ns5sg2cthy61lqpg3dfzgbys/T/1535889183199-0/src/android-outside-activity-master/example/build.gradle": [buildToolsVersion=28.0.0-rc2,compileSdkVersion=28,minSdkVersion=28,targetSdkVersion=28]
2018-09-02 18:53:03,873 INFO  LocalPropertiesFixService - Created fake /var/folders/bq/vtzpc5ns5sg2cthy61lqpg3dfzgbys/T/1535889183199-0/src/android-outside-activity-master/outsideactivity/local.properties
2018-09-02 18:53:03,875 INFO  ProjectFixService - Build info for "/var/folders/bq/vtzpc5ns5sg2cthy61lqpg3dfzgbys/T/1535889183199-0/src/android-outside-activity-master/outsideactivity/build.gradle": [buildToolsVersion=<null>,compileSdkVersion=<null>,minSdkVersion=<null>,targetSdkVersion=<null>]
2018-09-02 18:53:03,875 INFO  ProjectFixService - Fixed build info for "/var/folders/bq/vtzpc5ns5sg2cthy61lqpg3dfzgbys/T/1535889183199-0/src/android-outside-activity-master/outsideactivity/build.gradle": [buildToolsVersion=28.0.0-rc2,compileSdkVersion=28,minSdkVersion=28,targetSdkVersion=28]
2018-09-02 18:53:03,876 INFO  LocalPropertiesFixService - Created fake /var/folders/bq/vtzpc5ns5sg2cthy61lqpg3dfzgbys/T/1535889183199-0/src/android-outside-activity-master/local.properties
2018-09-02 18:53:03,876 INFO  WrapperPropertiesFixService - Gradle wrapper: https://services.gradle.org/distributions/gradle-3.3-all.zip
2018-09-02 18:53:03,876 INFO  WrapperPropertiesFixService - Gradle wrapper was changed from "-all.zip" to "-bin.zip" (https://services.gradle.org/distributions/gradle-3.3-bin.zip)
2018-09-02 18:53:03,879 INFO  ProjectFixService - Build info for "/var/folders/bq/vtzpc5ns5sg2cthy61lqpg3dfzgbys/T/1535889183199-0/src/android-outside-activity-master/build.gradle": [buildToolsVersion=<null>,compileSdkVersion=<null>,minSdkVersion=<null>,targetSdkVersion=<null>]
2018-09-02 18:53:03,879 INFO  ProjectFixService - Fixed build info for "/var/folders/bq/vtzpc5ns5sg2cthy61lqpg3dfzgbys/T/1535889183199-0/src/android-outside-activity-master/build.gradle": [buildToolsVersion=28.0.0-rc2,compileSdkVersion=28,minSdkVersion=28,targetSdkVersion=28]
2018-09-02 18:53:03,879 INFO  ProjectFixService - Project was maybe fixed
2018-09-02 18:53:03,879 INFO  ProjectTaskService - Detecting possible tasks...
2018-09-02 18:53:03,879 INFO  SysUtils - Execute command: [/var/folders/bq/vtzpc5ns5sg2cthy61lqpg3dfzgbys/T/1535889183199-0/src/android-outside-activity-master/gradlew, -b, /var/folders/bq/vtzpc5ns5sg2cthy61lqpg3dfzgbys/T/1535889183199-0/src/android-outside-activity-master/example/build.gradle, -Dorg.gradle.daemon=false, -Dorg.gradle.daemon.performance.enable-monitoring=false, -Dorg.gradle.configureondemand=true, tasks]
2018-09-02 18:53:17,122 ERROR ProjectTaskService - Could not detect possible Gradle tasks: Process exited with an error: 1 (Exit value: 1)
2018-09-02 18:53:17,122 INFO  ProjectTaskService - Detected possible tasks: 0
2018-09-02 18:53:17,122 INFO  ProjectTaskService - Excluded tasks (0): none
2018-09-02 18:53:17,122 INFO  SysUtils - Execute command: [/var/folders/bq/vtzpc5ns5sg2cthy61lqpg3dfzgbys/T/1535889183199-0/src/android-outside-activity-master/gradlew, -b, /var/folders/bq/vtzpc5ns5sg2cthy61lqpg3dfzgbys/T/1535889183199-0/src/android-outside-activity-master/example/build.gradle, -Dorg.gradle.daemon=false, -Dorg.gradle.daemon.performance.enable-monitoring=false, -Dorg.gradle.configureondemand=true, --stacktrace, build]
2018-09-02 18:53:21,891 ERROR SysUtils - Could not process external command
org.apache.commons.exec.ExecuteException: Process exited with an error: 1 (Exit value: 1)
	at org.apache.commons.exec.DefaultExecutor.executeInternal(DefaultExecutor.java:404)
	at org.apache.commons.exec.DefaultExecutor.execute(DefaultExecutor.java:166)
	at com.github.vbauer.apkmaster.util.SysUtils.execute(SysUtils.java:67)
	at com.github.vbauer.apkmaster.util.SysUtils.executeSimple(SysUtils.java:43)
	at com.github.vbauer.apkmaster.service.assembly.ProjectBuildService.buildProject(ProjectBuildService.java:78)
	at com.github.vbauer.apkmaster.service.assembly.ProjectBuildService.buildProject(ProjectBuildService.java:64)
	at com.github.vbauer.apkmaster.service.assembly.ProjectBuildService.buildProject(ProjectBuildService.java:43)
	at com.github.vbauer.apkmaster.service.FullProcessService.build(FullProcessService.java:84)
	at com.github.vbauer.apkmaster.service.FullProcessService.process(FullProcessService.java:34)
	at com.github.vbauer.apkmaster.app.MainApplication.process(MainApplication.java:38)
	at com.github.vbauer.apkmaster.app.MainApplication.main(MainApplication.java:20)
	at sun.reflect.GeneratedMethodAccessor9.invoke(Unknown Source)
	at sun.reflect.DelegatingMethodAccessorImpl.invoke(DelegatingMethodAccessorImpl.java:43)
	at java.lang.reflect.Method.invoke(Method.java:498)
	at com.android.arsenal.util.ReflectionUtils.invoke(ReflectionUtils.java:52)
	at com.android.arsenal.util.ApkMasterUtils.main(ApkMasterUtils.java:30)
	at com.android.arsenal.service.processor.impl.BuildProcessorServiceImpl.buildProject(BuildProcessorServiceImpl.java:196)
	at com.android.arsenal.service.processor.impl.BuildProcessorServiceImpl.build(BuildProcessorServiceImpl.java:130)
	at com.android.arsenal.service.processor.impl.BuildProcessorServiceImpl.lambda$createTasks$1(BuildProcessorServiceImpl.java:113)
	at java.util.concurrent.FutureTask.run(FutureTask.java:266)
	at java.util.concurrent.Executors$RunnableAdapter.call(Executors.java:511)
	at java.util.concurrent.FutureTask.run(FutureTask.java:266)
	at java.util.concurrent.ThreadPoolExecutor.runWorker(ThreadPoolExecutor.java:1149)
	at java.util.concurrent.ThreadPoolExecutor$Worker.run(ThreadPoolExecutor.java:624)
	at java.lang.Thread.run(Thread.java:748)
2018-09-02 18:53:21,891 INFO  SysUtils - Configuration on demand is an incubating feature.

FAILURE: Build failed with an exception.

* Where:
Build file '/private/var/folders/bq/vtzpc5ns5sg2cthy61lqpg3dfzgbys/T/1535889183199-0/src/android-outside-activity-master/example/build.gradle' line: 34

* What went wrong:
A problem occurred evaluating project ':example'.
> path may not be null or empty string. path='null'

* Try:
Run with --info or --debug option to get more log output.

* Exception is:
org.gradle.api.GradleScriptException: A problem occurred evaluating project ':example'.
	at org.gradle.groovy.scripts.internal.DefaultScriptRunnerFactory$ScriptRunnerImpl.run(DefaultScriptRunnerFactory.java:92)
	at org.gradle.configuration.DefaultScriptPluginFactory$ScriptPluginImpl$2.run(DefaultScriptPluginFactory.java:176)
	at org.gradle.configuration.ProjectScriptTarget.addConfiguration(ProjectScriptTarget.java:77)
	at org.gradle.configuration.DefaultScriptPluginFactory$ScriptPluginImpl.apply(DefaultScriptPluginFactory.java:181)
	at org.gradle.configuration.project.BuildScriptProcessor.execute(BuildScriptProcessor.java:39)
	at org.gradle.configuration.project.BuildScriptProcessor.execute(BuildScriptProcessor.java:26)
	at org.gradle.configuration.project.ConfigureActionsProjectEvaluator.evaluate(ConfigureActionsProjectEvaluator.java:34)
	at org.gradle.configuration.project.LifecycleProjectEvaluator.doConfigure(LifecycleProjectEvaluator.java:70)
	at org.gradle.configuration.project.LifecycleProjectEvaluator.access$000(LifecycleProjectEvaluator.java:33)
	at org.gradle.configuration.project.LifecycleProjectEvaluator$1.execute(LifecycleProjectEvaluator.java:53)
	at org.gradle.configuration.project.LifecycleProjectEvaluator$1.execute(LifecycleProjectEvaluator.java:50)
	at org.gradle.internal.Transformers$4.transform(Transformers.java:169)
	at org.gradle.internal.progress.DefaultBuildOperationExecutor.run(DefaultBuildOperationExecutor.java:106)
	at org.gradle.internal.progress.DefaultBuildOperationExecutor.run(DefaultBuildOperationExecutor.java:61)
	at org.gradle.configuration.project.LifecycleProjectEvaluator.evaluate(LifecycleProjectEvaluator.java:50)
	at org.gradle.api.internal.project.DefaultProject.evaluate(DefaultProject.java:628)
	at org.gradle.api.internal.project.DefaultProject.evaluate(DefaultProject.java:129)
	at org.gradle.execution.TaskPathProjectEvaluator.configure(TaskPathProjectEvaluator.java:35)
	at org.gradle.execution.TaskPathProjectEvaluator.configureHierarchy(TaskPathProjectEvaluator.java:60)
	at org.gradle.execution.TaskSelector.getSelection(TaskSelector.java:100)
	at org.gradle.execution.TaskSelector.getSelection(TaskSelector.java:81)
	at org.gradle.execution.commandline.CommandLineTaskParser.parseTasks(CommandLineTaskParser.java:42)
	at org.gradle.execution.TaskNameResolvingBuildConfigurationAction.configure(TaskNameResolvingBuildConfigurationAction.java:44)
	at org.gradle.execution.DefaultBuildConfigurationActionExecuter.configure(DefaultBuildConfigurationActionExecuter.java:48)
	at org.gradle.execution.DefaultBuildConfigurationActionExecuter.access$000(DefaultBuildConfigurationActionExecuter.java:25)
	at org.gradle.execution.DefaultBuildConfigurationActionExecuter$1.proceed(DefaultBuildConfigurationActionExecuter.java:54)
	at org.gradle.execution.DefaultTasksBuildExecutionAction.configure(DefaultTasksBuildExecutionAction.java:44)
	at org.gradle.execution.DefaultBuildConfigurationActionExecuter.configure(DefaultBuildConfigurationActionExecuter.java:48)
	at org.gradle.execution.DefaultBuildConfigurationActionExecuter.access$000(DefaultBuildConfigurationActionExecuter.java:25)
	at org.gradle.execution.DefaultBuildConfigurationActionExecuter$1.proceed(DefaultBuildConfigurationActionExecuter.java:54)
	at org.gradle.execution.ExcludedTaskFilteringBuildConfigurationAction.configure(ExcludedTaskFilteringBuildConfigurationAction.java:47)
	at org.gradle.execution.DefaultBuildConfigurationActionExecuter.configure(DefaultBuildConfigurationActionExecuter.java:48)
	at org.gradle.execution.DefaultBuildConfigurationActionExecuter.select(DefaultBuildConfigurationActionExecuter.java:36)
	at org.gradle.initialization.DefaultGradleLauncher$2.execute(DefaultGradleLauncher.java:185)
	at org.gradle.initialization.DefaultGradleLauncher$2.execute(DefaultGradleLauncher.java:182)
	at org.gradle.internal.Transformers$4.transform(Transformers.java:169)
	at org.gradle.internal.progress.DefaultBuildOperationExecutor.run(DefaultBuildOperationExecutor.java:106)
	at org.gradle.internal.progress.DefaultBuildOperationExecutor.run(DefaultBuildOperationExecutor.java:56)
	at org.gradle.initialization.DefaultGradleLauncher.doBuildStages(DefaultGradleLauncher.java:182)
	at org.gradle.initialization.DefaultGradleLauncher.doBuild(DefaultGradleLauncher.java:119)
	at org.gradle.initialization.DefaultGradleLauncher.run(DefaultGradleLauncher.java:102)
	at org.gradle.launcher.exec.GradleBuildController.run(GradleBuildController.java:71)
	at org.gradle.tooling.internal.provider.ExecuteBuildActionRunner.run(ExecuteBuildActionRunner.java:28)
	at org.gradle.launcher.exec.ChainingBuildActionRunner.run(ChainingBuildActionRunner.java:35)
	at org.gradle.launcher.exec.InProcessBuildActionExecuter.execute(InProcessBuildActionExecuter.java:41)
	at org.gradle.launcher.exec.InProcessBuildActionExecuter.execute(InProcessBuildActionExecuter.java:26)
	at org.gradle.tooling.internal.provider.ContinuousBuildActionExecuter.execute(ContinuousBuildActionExecuter.java:75)
	at org.gradle.tooling.internal.provider.ContinuousBuildActionExecuter.execute(ContinuousBuildActionExecuter.java:49)
	at org.gradle.tooling.internal.provider.ServicesSetupBuildActionExecuter.execute(ServicesSetupBuildActionExecuter.java:44)
	at org.gradle.tooling.internal.provider.ServicesSetupBuildActionExecuter.execute(ServicesSetupBuildActionExecuter.java:29)
	at org.gradle.launcher.cli.RunBuildAction.run(RunBuildAction.java:51)
	at org.gradle.internal.Actions$RunnableActionAdapter.execute(Actions.java:173)
	at org.gradle.launcher.cli.CommandLineActionFactory$ParseAndBuildAction.execute(CommandLineActionFactory.java:244)
	at org.gradle.launcher.cli.CommandLineActionFactory$ParseAndBuildAction.execute(CommandLineActionFactory.java:217)
	at org.gradle.launcher.cli.JavaRuntimeValidationAction.execute(JavaRuntimeValidationAction.java:33)
	at org.gradle.launcher.cli.JavaRuntimeValidationAction.execute(JavaRuntimeValidationAction.java:24)
	at org.gradle.launcher.cli.ExceptionReportingAction.execute(ExceptionReportingAction.java:33)
	at org.gradle.launcher.cli.ExceptionReportingAction.execute(ExceptionReportingAction.java:22)
	at org.gradle.launcher.cli.CommandLineActionFactory$WithLogging.execute(CommandLineActionFactory.java:210)
	at org.gradle.launcher.cli.CommandLineActionFactory$WithLogging.execute(CommandLineActionFactory.java:174)
	at org.gradle.launcher.Main.doAction(Main.java:33)
	at org.gradle.launcher.bootstrap.EntryPoint.run(EntryPoint.java:45)
	at org.gradle.launcher.bootstrap.ProcessBootstrap.runNoExit(ProcessBootstrap.java:60)
	at org.gradle.launcher.bootstrap.ProcessBootstrap.run(ProcessBootstrap.java:37)
	at org.gradle.launcher.GradleMain.main(GradleMain.java:23)
	at org.gradle.wrapper.BootstrapMainStarter.start(BootstrapMainStarter.java:30)
	at org.gradle.wrapper.WrapperExecutor.execute(WrapperExecutor.java:129)
	at org.gradle.wrapper.GradleWrapperMain.main(GradleWrapperMain.java:61)
Caused by: java.lang.IllegalArgumentException: path may not be null or empty string. path='null'
	at org.gradle.api.internal.file.BaseDirFileResolver.doResolve(BaseDirFileResolver.java:72)
	at org.gradle.api.internal.file.AbstractFileResolver.resolve(AbstractFileResolver.java:79)
	at org.gradle.api.internal.file.AbstractFileResolver.resolve(AbstractFileResolver.java:61)
	at org.gradle.api.internal.file.DefaultFileOperations.file(DefaultFileOperations.java:76)
	at org.gradle.api.internal.project.DefaultProject.file(DefaultProject.java:767)
	at org.gradle.groovy.scripts.DefaultScript.file(DefaultScript.java:129)
	at org.gradle.internal.metaobject.BeanDynamicObject$MetaClassAdapter.invokeMethod(BeanDynamicObject.java:382)
	at org.gradle.internal.metaobject.BeanDynamicObject.invokeMethod(BeanDynamicObject.java:170)
	at org.gradle.internal.metaobject.ConfigureDelegate.invokeMethod(ConfigureDelegate.java:80)
	at org.gradle.internal.metaobject.BeanDynamicObject$GroovyObjectAdapter.invokeOpaqueMethod(BeanDynamicObject.java:453)
	at org.gradle.internal.metaobject.BeanDynamicObject$MetaClassAdapter.invokeMethod(BeanDynamicObject.java:405)
	at org.gradle.internal.metaobject.BeanDynamicObject.invokeMethod(BeanDynamicObject.java:170)
	at org.gradle.internal.metaobject.ConfigureDelegate.invokeMethod(ConfigureDelegate.java:80)
	at org.gradle.internal.metaobject.BeanDynamicObject$GroovyObjectAdapter.invokeOpaqueMethod(BeanDynamicObject.java:453)
	at org.gradle.internal.metaobject.BeanDynamicObject$MetaClassAdapter.invokeMethod(BeanDynamicObject.java:405)
	at org.gradle.internal.metaobject.BeanDynamicObject.invokeMethod(BeanDynamicObject.java:170)
	at org.gradle.internal.metaobject.ConfigureDelegate.invokeMethod(ConfigureDelegate.java:80)
	at build_bf19sxknmyryv1y3i8o8iwxc7$_run_closure1$_closure5$_closure7.doCall(/private/var/folders/bq/vtzpc5ns5sg2cthy61lqpg3dfzgbys/T/1535889183199-0/src/android-outside-activity-master/example/build.gradle:34)
	at org.gradle.api.internal.ClosureBackedAction.execute(ClosureBackedAction.java:70)
	at org.gradle.util.ConfigureUtil.configureTarget(ConfigureUtil.java:160)
	at org.gradle.util.ConfigureUtil.configure(ConfigureUtil.java:106)
	at org.gradle.util.ConfigureUtil$1.execute(ConfigureUtil.java:123)
	at org.gradle.api.internal.AbstractNamedDomainObjectContainer.create(AbstractNamedDomainObjectContainer.java:64)
	at org.gradle.api.internal.AbstractNamedDomainObjectContainer.create(AbstractNamedDomainObjectContainer.java:57)
	at org.gradle.api.internal.NamedDomainObjectContainerConfigureDelegate._configure(NamedDomainObjectContainerConfigureDelegate.java:40)
	at org.gradle.internal.metaobject.ConfigureDelegate.invokeMethod(ConfigureDelegate.java:68)
	at build_bf19sxknmyryv1y3i8o8iwxc7$_run_closure1$_closure5.doCall(/private/var/folders/bq/vtzpc5ns5sg2cthy61lqpg3dfzgbys/T/1535889183199-0/src/android-outside-activity-master/example/build.gradle:33)
	at org.gradle.api.internal.ClosureBackedAction.execute(ClosureBackedAction.java:70)
	at org.gradle.util.ConfigureUtil.configureTarget(ConfigureUtil.java:160)
	at org.gradle.util.ConfigureUtil.configureSelf(ConfigureUtil.java:148)
	at org.gradle.api.internal.AbstractNamedDomainObjectContainer.configure(AbstractNamedDomainObjectContainer.java:74)
	at org.gradle.api.internal.AbstractNamedDomainObjectContainer.configure(AbstractNamedDomainObjectContainer.java:29)
	at org.gradle.util.ConfigureUtil.configure(ConfigureUtil.java:104)
	at org.gradle.util.ConfigureUtil$1.execute(ConfigureUtil.java:123)
	at com.android.build.gradle.BaseExtension.signingConfigs(BaseExtension.java:393)
	at com.android.build.gradle.AppExtension_Decorated.signingConfigs(Unknown Source)
	at org.gradle.internal.metaobject.BeanDynamicObject$MetaClassAdapter.invokeMethod(BeanDynamicObject.java:382)
	at org.gradle.internal.metaobject.BeanDynamicObject.invokeMethod(BeanDynamicObject.java:170)
	at org.gradle.internal.metaobject.CompositeDynamicObject.invokeMethod(CompositeDynamicObject.java:96)
	at org.gradle.internal.metaobject.MixInClosurePropertiesAsMethodsDynamicObject.invokeMethod(MixInClosurePropertiesAsMethodsDynamicObject.java:30)
	at org.gradle.internal.metaobject.ConfigureDelegate.invokeMethod(ConfigureDelegate.java:59)
	at build_bf19sxknmyryv1y3i8o8iwxc7$_run_closure1.doCall(/private/var/folders/bq/vtzpc5ns5sg2cthy61lqpg3dfzgbys/T/1535889183199-0/src/android-outside-activity-master/example/build.gradle:22)
	at org.gradle.api.internal.ClosureBackedAction.execute(ClosureBackedAction.java:70)
	at org.gradle.util.ConfigureUtil.configureTarget(ConfigureUtil.java:160)
	at org.gradle.util.ConfigureUtil.configure(ConfigureUtil.java:106)
	at org.gradle.util.ConfigureUtil$1.execute(ConfigureUtil.java:123)
	at org.gradle.api.internal.plugins.ExtensionsStorage$ExtensionHolder.configure(ExtensionsStorage.java:145)
	at org.gradle.api.internal.plugins.ExtensionsStorage.configureExtension(ExtensionsStorage.java:69)
	at org.gradle.api.internal.plugins.DefaultConvention$ExtensionsDynamicObject.invokeMethod(DefaultConvention.java:215)
	at org.gradle.internal.metaobject.CompositeDynamicObject.invokeMethod(CompositeDynamicObject.java:96)
	at org.gradle.internal.metaobject.MixInClosurePropertiesAsMethodsDynamicObject.invokeMethod(MixInClosurePropertiesAsMethodsDynamicObject.java:30)
	at org.gradle.internal.metaobject.AbstractDynamicObject.invokeMethod(AbstractDynamicObject.java:163)
	at org.gradle.groovy.scripts.BasicScript.methodMissing(BasicScript.java:83)
	at build_bf19sxknmyryv1y3i8o8iwxc7.run(/private/var/folders/bq/vtzpc5ns5sg2cthy61lqpg3dfzgbys/T/1535889183199-0/src/android-outside-activity-master/example/build.gradle:4)
	at org.gradle.groovy.scripts.internal.DefaultScriptRunnerFactory$ScriptRunnerImpl.run(DefaultScriptRunnerFactory.java:90)
	... 67 more


BUILD FAILED

Total time: 4.509 secs

2018-09-02 18:53:21,896 INFO  ProjectTaskService - Detecting possible tasks...
2018-09-02 18:53:21,896 INFO  SysUtils - Execute command: [/var/folders/bq/vtzpc5ns5sg2cthy61lqpg3dfzgbys/T/1535889183199-0/src/android-outside-activity-master/gradlew, -b, /var/folders/bq/vtzpc5ns5sg2cthy61lqpg3dfzgbys/T/1535889183199-0/src/android-outside-activity-master/outsideactivity/build.gradle, -Dorg.gradle.daemon=false, -Dorg.gradle.daemon.performance.enable-monitoring=false, -Dorg.gradle.configureondemand=true, tasks]
2018-09-02 18:53:28,674 INFO  ProjectTaskService - Detected possible tasks: 68
2018-09-02 18:53:28,674 INFO  ProjectTaskService - Excluded tasks (16): lintDebug mockableAndroidJar deviceCheck lint testReleaseUnitTest deviceAndroidTest uninstallDebugAndroidTest installDebugAndroidTest connectedCheck connectedDebugAndroidTest uninstallAll test check testDebugUnitTest connectedAndroidTest lintRelease
2018-09-02 18:53:28,674 INFO  SysUtils - Execute command: [/var/folders/bq/vtzpc5ns5sg2cthy61lqpg3dfzgbys/T/1535889183199-0/src/android-outside-activity-master/gradlew, -b, /var/folders/bq/vtzpc5ns5sg2cthy61lqpg3dfzgbys/T/1535889183199-0/src/android-outside-activity-master/outsideactivity/build.gradle, -Dorg.gradle.daemon=false, -Dorg.gradle.daemon.performance.enable-monitoring=false, -Dorg.gradle.configureondemand=true, --stacktrace, -x, lintDebug, -x, mockableAndroidJar, -x, deviceCheck, -x, lint, -x, testReleaseUnitTest, -x, deviceAndroidTest, -x, uninstallDebugAndroidTest, -x, installDebugAndroidTest, -x, connectedCheck, -x, connectedDebugAndroidTest, -x, uninstallAll, -x, test, -x, check, -x, testDebugUnitTest, -x, connectedAndroidTest, -x, lintRelease, build]
2018-09-02 18:53:41,873 INFO  SysUtils - Configuration on demand is an incubating feature.
Incremental java compilation is an incubating feature.
:outsideactivity:preBuild UP-TO-DATE
:outsideactivity:preDebugBuild UP-TO-DATE
:outsideactivity:checkDebugManifest
:outsideactivity:preDebugAndroidTestBuild UP-TO-DATE
:outsideactivity:preDebugUnitTestBuild UP-TO-DATE
:outsideactivity:preReleaseBuild UP-TO-DATE
:outsideactivity:preReleaseUnitTestBuild UP-TO-DATE
:outsideactivity:prepareComAndroidSupportAnimatedVectorDrawable2501Library
:outsideactivity:prepareComAndroidSupportAppcompatV72501Library
:outsideactivity:prepareComAndroidSupportSupportCompat2501Library
:outsideactivity:prepareComAndroidSupportSupportCoreUi2501Library
:outsideactivity:prepareComAndroidSupportSupportCoreUtils2501Library
:outsideactivity:prepareComAndroidSupportSupportFragment2501Library
:outsideactivity:prepareComAndroidSupportSupportMediaCompat2501Library
:outsideactivity:prepareComAndroidSupportSupportV42501Library
:outsideactivity:prepareComAndroidSupportSupportVectorDrawable2501Library
:outsideactivity:prepareDebugDependencies
:outsideactivity:compileDebugAidl
:outsideactivity:compileDebugNdk UP-TO-DATE
:outsideactivity:compileLint
:outsideactivity:copyDebugLint UP-TO-DATE
:outsideactivity:compileDebugRenderscript
:outsideactivity:generateDebugBuildConfig
:outsideactivity:generateDebugResValues
:outsideactivity:generateDebugResources
:outsideactivity:mergeDebugResources
:outsideactivity:processDebugManifest
:outsideactivity:processDebugResources
:outsideactivity:generateDebugSources
:outsideactivity:incrementalDebugJavaCompilationSafeguard
:outsideactivity:javaPreCompileDebug
:outsideactivity:compileDebugJavaWithJavac
:outsideactivity:compileDebugJavaWithJavac - is not incremental (e.g. outputs have changed, no previous execution, etc.).
:outsideactivity:extractDebugAnnotations
:outsideactivity:mergeDebugShaders
:outsideactivity:compileDebugShaders
:outsideactivity:generateDebugAssets
:outsideactivity:mergeDebugAssets
:outsideactivity:mergeDebugProguardFiles
:outsideactivity:packageDebugRenderscript UP-TO-DATE
:outsideactivity:packageDebugResources
:outsideactivity:processDebugJavaRes UP-TO-DATE
:outsideactivity:transformResourcesWithMergeJavaResForDebug
:outsideactivity:transformClassesAndResourcesWithSyncLibJarsForDebug
:outsideactivity:mergeDebugJniLibFolders
:outsideactivity:transformNativeLibsWithMergeJniLibsForDebug
:outsideactivity:transformNativeLibsWithStripDebugSymbolForDebug
:outsideactivity:transformNativeLibsWithSyncJniLibsForDebug
:outsideactivity:bundleDebug
:outsideactivity:compileDebugSources
:outsideactivity:assembleDebug
:outsideactivity:checkReleaseManifest
:outsideactivity:prepareReleaseDependencies
:outsideactivity:compileReleaseAidl
:outsideactivity:compileReleaseNdk UP-TO-DATE
:outsideactivity:copyReleaseLint UP-TO-DATE
:outsideactivity:compileReleaseRenderscript
:outsideactivity:generateReleaseBuildConfig
:outsideactivity:generateReleaseResValues
:outsideactivity:generateReleaseResources
:outsideactivity:mergeReleaseResources
:outsideactivity:processReleaseManifest
:outsideactivity:processReleaseResources
:outsideactivity:generateReleaseSources
:outsideactivity:incrementalReleaseJavaCompilationSafeguard
:outsideactivity:javaPreCompileRelease
:outsideactivity:compileReleaseJavaWithJavac
:outsideactivity:compileReleaseJavaWithJavac - is not incremental (e.g. outputs have changed, no previous execution, etc.).
:outsideactivity:extractReleaseAnnotations
:outsideactivity:mergeReleaseShaders
:outsideactivity:compileReleaseShaders
:outsideactivity:generateReleaseAssets
:outsideactivity:mergeReleaseAssets
:outsideactivity:mergeReleaseProguardFiles
:outsideactivity:packageReleaseRenderscript UP-TO-DATE
:outsideactivity:packageReleaseResources
:outsideactivity:processReleaseJavaRes UP-TO-DATE
:outsideactivity:transformResourcesWithMergeJavaResForRelease
:outsideactivity:transformClassesAndResourcesWithSyncLibJarsForRelease
:outsideactivity:mergeReleaseJniLibFolders
:outsideactivity:transformNativeLibsWithMergeJniLibsForRelease
:outsideactivity:transformNativeLibsWithStripDebugSymbolForRelease
:outsideactivity:transformNativeLibsWithSyncJniLibsForRelease
:outsideactivity:bundleRelease
:outsideactivity:compileReleaseSources
:outsideactivity:assembleRelease
:outsideactivity:javadoc/private/var/folders/bq/vtzpc5ns5sg2cthy61lqpg3dfzgbys/T/1535889183199-0/src/android-outside-activity-master/outsideactivity/src/main/java/jp/s64/android/outsideactivity/ScaleOutsideActivity.java:20: error: package android.support.annotation does not exist
import android.support.annotation.Nullable;
                                 ^
/private/var/folders/bq/vtzpc5ns5sg2cthy61lqpg3dfzgbys/T/1535889183199-0/src/android-outside-activity-master/outsideactivity/src/main/java/jp/s64/android/outsideactivity/ScaleOutsideActivity.java:21: error: package android.support.v7.app does not exist
import android.support.v7.app.AppCompatActivity;
                             ^
/private/var/folders/bq/vtzpc5ns5sg2cthy61lqpg3dfzgbys/T/1535889183199-0/src/android-outside-activity-master/outsideactivity/src/main/java/jp/s64/android/outsideactivity/ScaleOutsideActivity.java:29: error: cannot find symbol
public abstract class ScaleOutsideActivity extends AppCompatActivity implements IOutsideActivity, IScaleOutside {
                                                   ^
  symbol: class AppCompatActivity
/private/var/folders/bq/vtzpc5ns5sg2cthy61lqpg3dfzgbys/T/1535889183199-0/src/android-outside-activity-master/outsideactivity/src/main/java/jp/s64/android/outsideactivity/helper/ScaleOutsideActivityHelper.java:20: error: package android.support.v4.view.animation does not exist
import android.support.v4.view.animation.FastOutSlowInInterpolator;
                                        ^
/private/var/folders/bq/vtzpc5ns5sg2cthy61lqpg3dfzgbys/T/1535889183199-0/src/android-outside-activity-master/outsideactivity/src/main/java/jp/s64/android/outsideactivity/helper/ScaleOutsideActivityHelper.java:21: error: package android.support.v7.app does not exist
import android.support.v7.app.AppCompatActivity;
                             ^
/private/var/folders/bq/vtzpc5ns5sg2cthy61lqpg3dfzgbys/T/1535889183199-0/src/android-outside-activity-master/outsideactivity/src/main/java/jp/s64/android/outsideactivity/helper/AbsOutsideActivityHelper.java:4: error: package android.support.annotation does not exist
import android.support.annotation.NonNull;
                                 ^
/private/var/folders/bq/vtzpc5ns5sg2cthy61lqpg3dfzgbys/T/1535889183199-0/src/android-outside-activity-master/outsideactivity/src/main/java/jp/s64/android/outsideactivity/helper/AbsOutsideActivityHelper.java:5: error: package android.support.v7.app does not exist
import android.support.v7.app.AppCompatActivity;
                             ^
/private/var/folders/bq/vtzpc5ns5sg2cthy61lqpg3dfzgbys/T/1535889183199-0/src/android-outside-activity-master/outsideactivity/src/main/java/jp/s64/android/outsideactivity/helper/AbsOutsideActivityHelper.java:11: error: cannot find symbol
import jp.s64.android.outsideactivity.R;
                                     ^
  symbol:   class R
  location: package jp.s64.android.outsideactivity
/private/var/folders/bq/vtzpc5ns5sg2cthy61lqpg3dfzgbys/T/1535889183199-0/src/android-outside-activity-master/outsideactivity/src/main/java/jp/s64/android/outsideactivity/helper/AbsOutsideActivityHelper.java:17: error: cannot find symbol
public abstract class AbsOutsideActivityHelper<SELF extends AppCompatActivity> implements IOutsideActivityHelper {
                                                            ^
  symbol: class AppCompatActivity
/private/var/folders/bq/vtzpc5ns5sg2cthy61lqpg3dfzgbys/T/1535889183199-0/src/android-outside-activity-master/outsideactivity/src/main/java/jp/s64/android/outsideactivity/helper/ScaleOutsideActivityHelper.java:29: error: cannot find symbol
public class ScaleOutsideActivityHelper<SELF extends AppCompatActivity> extends AbsOutsideActivityHelper<SELF> implements IScaleOutside {
                                                     ^
  symbol: class AppCompatActivity
/private/var/folders/bq/vtzpc5ns5sg2cthy61lqpg3dfzgbys/T/1535889183199-0/src/android-outside-activity-master/outsideactivity/src/main/java/jp/s64/android/outsideactivity/helper/ScaleOutsideActivityHelper.java:31: error: cannot find symbol
    public static <SELF extends AppCompatActivity> ScaleOutsideActivityHelper<SELF> onCreate(SELF self) {
                                ^
  symbol:   class AppCompatActivity
  location: class ScaleOutsideActivityHelper<SELF>
  where SELF is a type-variable:
    SELF declared in class ScaleOutsideActivityHelper
/private/var/folders/bq/vtzpc5ns5sg2cthy61lqpg3dfzgbys/T/1535889183199-0/src/android-outside-activity-master/outsideactivity/src/main/java/jp/s64/android/outsideactivity/translate/ITranslateOutside.java:19: error: package android.support.annotation does not exist
import android.support.annotation.Nullable;
                                 ^
/private/var/folders/bq/vtzpc5ns5sg2cthy61lqpg3dfzgbys/T/1535889183199-0/src/android-outside-activity-master/outsideactivity/src/main/java/jp/s64/android/outsideactivity/TranslateOutsideActivity.java:20: error: package android.support.annotation does not exist
import android.support.annotation.Nullable;
                                 ^
/private/var/folders/bq/vtzpc5ns5sg2cthy61lqpg3dfzgbys/T/1535889183199-0/src/android-outside-activity-master/outsideactivity/src/main/java/jp/s64/android/outsideactivity/TranslateOutsideActivity.java:21: error: package android.support.v7.app does not exist
import android.support.v7.app.AppCompatActivity;
                             ^
/private/var/folders/bq/vtzpc5ns5sg2cthy61lqpg3dfzgbys/T/1535889183199-0/src/android-outside-activity-master/outsideactivity/src/main/java/jp/s64/android/outsideactivity/TranslateOutsideActivity.java:30: error: cannot find symbol
public abstract class TranslateOutsideActivity extends AppCompatActivity implements IOutsideActivity, ITranslateOutside {
                                                       ^
  symbol: class AppCompatActivity
/private/var/folders/bq/vtzpc5ns5sg2cthy61lqpg3dfzgbys/T/1535889183199-0/src/android-outside-activity-master/outsideactivity/src/main/java/jp/s64/android/outsideactivity/helper/TranslateOutsideActivityHelper.java:20: error: package android.support.annotation does not exist
import android.support.annotation.Nullable;
                                 ^
/private/var/folders/bq/vtzpc5ns5sg2cthy61lqpg3dfzgbys/T/1535889183199-0/src/android-outside-activity-master/outsideactivity/src/main/java/jp/s64/android/outsideactivity/helper/TranslateOutsideActivityHelper.java:21: error: package android.support.v4.view.animation does not exist
import android.support.v4.view.animation.FastOutSlowInInterpolator;
                                        ^
/private/var/folders/bq/vtzpc5ns5sg2cthy61lqpg3dfzgbys/T/1535889183199-0/src/android-outside-activity-master/outsideactivity/src/main/java/jp/s64/android/outsideactivity/helper/TranslateOutsideActivityHelper.java:22: error: package android.support.v7.app does not exist
import android.support.v7.app.AppCompatActivity;
                             ^
/private/var/folders/bq/vtzpc5ns5sg2cthy61lqpg3dfzgbys/T/1535889183199-0/src/android-outside-activity-master/outsideactivity/src/main/java/jp/s64/android/outsideactivity/helper/TranslateOutsideActivityHelper.java:31: error: cannot find symbol
public class TranslateOutsideActivityHelper<SELF extends AppCompatActivity> extends AbsOutsideActivityHelper<SELF> implements ITranslateOutside {
                                                         ^
  symbol: class AppCompatActivity
/private/var/folders/bq/vtzpc5ns5sg2cthy61lqpg3dfzgbys/T/1535889183199-0/src/android-outside-activity-master/outsideactivity/src/main/java/jp/s64/android/outsideactivity/helper/TranslateOutsideActivityHelper.java:33: error: cannot find symbol
    public static <SELF extends AppCompatActivity> TranslateOutsideActivityHelper<SELF> onCreate(SELF self) {
                                ^
  symbol:   class AppCompatActivity
  location: class TranslateOutsideActivityHelper<SELF>
  where SELF is a type-variable:
    SELF declared in class TranslateOutsideActivityHelper
/private/var/folders/bq/vtzpc5ns5sg2cthy61lqpg3dfzgbys/T/1535889183199-0/src/android-outside-activity-master/outsideactivity/src/main/java/jp/s64/android/outsideactivity/AlignedOutsideActivity.java:4: error: package android.support.annotation does not exist
import android.support.annotation.Nullable;
                                 ^
/private/var/folders/bq/vtzpc5ns5sg2cthy61lqpg3dfzgbys/T/1535889183199-0/src/android-outside-activity-master/outsideactivity/src/main/java/jp/s64/android/outsideactivity/AlignedOutsideActivity.java:5: error: package android.support.v7.app does not exist
import android.support.v7.app.AppCompatActivity;
                             ^
/private/var/folders/bq/vtzpc5ns5sg2cthy61lqpg3dfzgbys/T/1535889183199-0/src/android-outside-activity-master/outsideactivity/src/main/java/jp/s64/android/outsideactivity/AlignedOutsideActivity.java:15: error: cannot find symbol
public abstract class AlignedOutsideActivity extends AppCompatActivity implements IOutsideActivity {
                                                     ^
  symbol: class AppCompatActivity
/private/var/folders/bq/vtzpc5ns5sg2cthy61lqpg3dfzgbys/T/1535889183199-0/src/android-outside-activity-master/outsideactivity/src/main/java/jp/s64/android/outsideactivity/helper/AlignedOutsideActivityHelper.java:19: error: package android.support.v7.app does not exist
import android.support.v7.app.AppCompatActivity;
                             ^
/private/var/folders/bq/vtzpc5ns5sg2cthy61lqpg3dfzgbys/T/1535889183199-0/src/android-outside-activity-master/outsideactivity/src/main/java/jp/s64/android/outsideactivity/helper/AlignedOutsideActivityHelper.java:23: error: cannot find symbol
import jp.s64.android.outsideactivity.R;
                                     ^
  symbol:   class R
  location: package jp.s64.android.outsideactivity
/private/var/folders/bq/vtzpc5ns5sg2cthy61lqpg3dfzgbys/T/1535889183199-0/src/android-outside-activity-master/outsideactivity/src/main/java/jp/s64/android/outsideactivity/helper/AlignedOutsideActivityHelper.java:25: error: cannot find symbol
public class AlignedOutsideActivityHelper<SELF extends AppCompatActivity> extends AbsOutsideActivityHelper<SELF> {
                                                       ^
  symbol: class AppCompatActivity
/private/var/folders/bq/vtzpc5ns5sg2cthy61lqpg3dfzgbys/T/1535889183199-0/src/android-outside-activity-master/outsideactivity/src/main/java/jp/s64/android/outsideactivity/helper/AlignedOutsideActivityHelper.java:27: error: cannot find symbol
    public static <SELF extends AppCompatActivity> AlignedOutsideActivityHelper<SELF> onCreate(SELF self) {
                                ^
  symbol:   class AppCompatActivity
  location: class AlignedOutsideActivityHelper<SELF>
  where SELF is a type-variable:
    SELF declared in class AlignedOutsideActivityHelper
/private/var/folders/bq/vtzpc5ns5sg2cthy61lqpg3dfzgbys/T/1535889183199-0/src/android-outside-activity-master/outsideactivity/src/main/java/jp/s64/android/outsideactivity/ScaleOutsideActivity.java:34: error: cannot find symbol
    protected void onCreate(@Nullable Bundle savedInstanceState) {
                             ^
  symbol:   class Nullable
  location: class ScaleOutsideActivity
/private/var/folders/bq/vtzpc5ns5sg2cthy61lqpg3dfzgbys/T/1535889183199-0/src/android-outside-activity-master/outsideactivity/src/main/java/jp/s64/android/outsideactivity/helper/AbsOutsideActivityHelper.java:19: error: cannot find symbol
    @NonNull
     ^
  symbol:   class NonNull
  location: class AbsOutsideActivityHelper<SELF>
  where SELF is a type-variable:
    SELF declared in class AbsOutsideActivityHelper
/private/var/folders/bq/vtzpc5ns5sg2cthy61lqpg3dfzgbys/T/1535889183199-0/src/android-outside-activity-master/outsideactivity/src/main/java/jp/s64/android/outsideactivity/translate/ITranslateOutside.java:24: error: cannot find symbol
    void setTranslateTo(@Nullable TranslateTo translateTo);
                         ^
  symbol:   class Nullable
  location: interface ITranslateOutside
/private/var/folders/bq/vtzpc5ns5sg2cthy61lqpg3dfzgbys/T/1535889183199-0/src/android-outside-activity-master/outsideactivity/src/main/java/jp/s64/android/outsideactivity/TranslateOutsideActivity.java:35: error: cannot find symbol
    protected void onCreate(@Nullable Bundle savedInstanceState) {
                             ^
  symbol:   class Nullable
  location: class TranslateOutsideActivity
/private/var/folders/bq/vtzpc5ns5sg2cthy61lqpg3dfzgbys/T/1535889183199-0/src/android-outside-activity-master/outsideactivity/src/main/java/jp/s64/android/outsideactivity/TranslateOutsideActivity.java:73: error: cannot find symbol
    public void setTranslateTo(@Nullable TranslateTo translateTo) {
                                ^
  symbol:   class Nullable
  location: class TranslateOutsideActivity
/private/var/folders/bq/vtzpc5ns5sg2cthy61lqpg3dfzgbys/T/1535889183199-0/src/android-outside-activity-master/outsideactivity/src/main/java/jp/s64/android/outsideactivity/helper/TranslateOutsideActivityHelper.java:37: error: cannot find symbol
    @Nullable
     ^
  symbol:   class Nullable
  location: class TranslateOutsideActivityHelper<SELF>
  where SELF is a type-variable:
    SELF declared in class TranslateOutsideActivityHelper
/private/var/folders/bq/vtzpc5ns5sg2cthy61lqpg3dfzgbys/T/1535889183199-0/src/android-outside-activity-master/outsideactivity/src/main/java/jp/s64/android/outsideactivity/helper/TranslateOutsideActivityHelper.java:153: error: cannot find symbol
    public void setTranslateTo(@Nullable TranslateTo translateTo) {
                                ^
  symbol:   class Nullable
  location: class TranslateOutsideActivityHelper<SELF>
  where SELF is a type-variable:
    SELF declared in class TranslateOutsideActivityHelper
/private/var/folders/bq/vtzpc5ns5sg2cthy61lqpg3dfzgbys/T/1535889183199-0/src/android-outside-activity-master/outsideactivity/src/main/java/jp/s64/android/outsideactivity/AlignedOutsideActivity.java:20: error: cannot find symbol
    protected void onCreate(@Nullable Bundle savedInstanceState) {
                             ^
  symbol:   class Nullable
  location: class AlignedOutsideActivity
javadoc: warning - Class Nullable not found.
javadoc: warning - Class Nullable not found.
javadoc: warning - Class Nullable not found.
javadoc: warning - Class Nullable not found.
javadoc: warning - Class Nullable not found.
javadoc: warning - Class Nullable not found.

41 warnings
:outsideactivity:javadocJar
:outsideactivity:sourcesJar
:outsideactivity:assemble
:outsideactivity:build

BUILD SUCCESSFUL

Total time: 12.98 secs

2018-09-02 18:53:41,938 INFO  ProjectTaskService - Detecting possible tasks...
2018-09-02 18:53:41,938 INFO  SysUtils - Execute command: [/var/folders/bq/vtzpc5ns5sg2cthy61lqpg3dfzgbys/T/1535889183199-0/src/android-outside-activity-master/gradlew, -b, /var/folders/bq/vtzpc5ns5sg2cthy61lqpg3dfzgbys/T/1535889183199-0/src/android-outside-activity-master/build.gradle, -Dorg.gradle.daemon=false, -Dorg.gradle.daemon.performance.enable-monitoring=false, -Dorg.gradle.configureondemand=true, tasks]
2018-09-02 18:53:46,451 ERROR ProjectTaskService - Could not detect possible Gradle tasks: Process exited with an error: 1 (Exit value: 1)
2018-09-02 18:53:46,452 INFO  ProjectTaskService - Detected possible tasks: 0
2018-09-02 18:53:46,452 INFO  ProjectTaskService - Excluded tasks (0): none
2018-09-02 18:53:46,452 INFO  SysUtils - Execute command: [/var/folders/bq/vtzpc5ns5sg2cthy61lqpg3dfzgbys/T/1535889183199-0/src/android-outside-activity-master/gradlew, -b, /var/folders/bq/vtzpc5ns5sg2cthy61lqpg3dfzgbys/T/1535889183199-0/src/android-outside-activity-master/build.gradle, -Dorg.gradle.daemon=false, -Dorg.gradle.daemon.performance.enable-monitoring=false, -Dorg.gradle.configureondemand=true, --stacktrace, build]
2018-09-02 18:53:51,199 ERROR SysUtils - Could not process external command
org.apache.commons.exec.ExecuteException: Process exited with an error: 1 (Exit value: 1)
	at org.apache.commons.exec.DefaultExecutor.executeInternal(DefaultExecutor.java:404)
	at org.apache.commons.exec.DefaultExecutor.execute(DefaultExecutor.java:166)
	at com.github.vbauer.apkmaster.util.SysUtils.execute(SysUtils.java:67)
	at com.github.vbauer.apkmaster.util.SysUtils.executeSimple(SysUtils.java:43)
	at com.github.vbauer.apkmaster.service.assembly.ProjectBuildService.buildProject(ProjectBuildService.java:78)
	at com.github.vbauer.apkmaster.service.assembly.ProjectBuildService.buildProject(ProjectBuildService.java:64)
	at com.github.vbauer.apkmaster.service.assembly.ProjectBuildService.buildProject(ProjectBuildService.java:43)
	at com.github.vbauer.apkmaster.service.FullProcessService.build(FullProcessService.java:84)
	at com.github.vbauer.apkmaster.service.FullProcessService.process(FullProcessService.java:34)
	at com.github.vbauer.apkmaster.app.MainApplication.process(MainApplication.java:38)
	at com.github.vbauer.apkmaster.app.MainApplication.main(MainApplication.java:20)
	at sun.reflect.GeneratedMethodAccessor9.invoke(Unknown Source)
	at sun.reflect.DelegatingMethodAccessorImpl.invoke(DelegatingMethodAccessorImpl.java:43)
	at java.lang.reflect.Method.invoke(Method.java:498)
	at com.android.arsenal.util.ReflectionUtils.invoke(ReflectionUtils.java:52)
	at com.android.arsenal.util.ApkMasterUtils.main(ApkMasterUtils.java:30)
	at com.android.arsenal.service.processor.impl.BuildProcessorServiceImpl.buildProject(BuildProcessorServiceImpl.java:196)
	at com.android.arsenal.service.processor.impl.BuildProcessorServiceImpl.build(BuildProcessorServiceImpl.java:130)
	at com.android.arsenal.service.processor.impl.BuildProcessorServiceImpl.lambda$createTasks$1(BuildProcessorServiceImpl.java:113)
	at java.util.concurrent.FutureTask.run(FutureTask.java:266)
	at java.util.concurrent.Executors$RunnableAdapter.call(Executors.java:511)
	at java.util.concurrent.FutureTask.run(FutureTask.java:266)
	at java.util.concurrent.ThreadPoolExecutor.runWorker(ThreadPoolExecutor.java:1149)
	at java.util.concurrent.ThreadPoolExecutor$Worker.run(ThreadPoolExecutor.java:624)
	at java.lang.Thread.run(Thread.java:748)
2018-09-02 18:53:51,199 INFO  SysUtils - Configuration on demand is an incubating feature.

FAILURE: Build failed with an exception.

* Where:
Build file '/private/var/folders/bq/vtzpc5ns5sg2cthy61lqpg3dfzgbys/T/1535889183199-0/src/android-outside-activity-master/example/build.gradle' line: 34

* What went wrong:
A problem occurred evaluating project ':example'.
> path may not be null or empty string. path='null'

* Try:
Run with --info or --debug option to get more log output.

* Exception is:
org.gradle.api.GradleScriptException: A problem occurred evaluating project ':example'.
	at org.gradle.groovy.scripts.internal.DefaultScriptRunnerFactory$ScriptRunnerImpl.run(DefaultScriptRunnerFactory.java:92)
	at org.gradle.configuration.DefaultScriptPluginFactory$ScriptPluginImpl$2.run(DefaultScriptPluginFactory.java:176)
	at org.gradle.configuration.ProjectScriptTarget.addConfiguration(ProjectScriptTarget.java:77)
	at org.gradle.configuration.DefaultScriptPluginFactory$ScriptPluginImpl.apply(DefaultScriptPluginFactory.java:181)
	at org.gradle.configuration.project.BuildScriptProcessor.execute(BuildScriptProcessor.java:39)
	at org.gradle.configuration.project.BuildScriptProcessor.execute(BuildScriptProcessor.java:26)
	at org.gradle.configuration.project.ConfigureActionsProjectEvaluator.evaluate(ConfigureActionsProjectEvaluator.java:34)
	at org.gradle.configuration.project.LifecycleProjectEvaluator.doConfigure(LifecycleProjectEvaluator.java:70)
	at org.gradle.configuration.project.LifecycleProjectEvaluator.access$000(LifecycleProjectEvaluator.java:33)
	at org.gradle.configuration.project.LifecycleProjectEvaluator$1.execute(LifecycleProjectEvaluator.java:53)
	at org.gradle.configuration.project.LifecycleProjectEvaluator$1.execute(LifecycleProjectEvaluator.java:50)
	at org.gradle.internal.Transformers$4.transform(Transformers.java:169)
	at org.gradle.internal.progress.DefaultBuildOperationExecutor.run(DefaultBuildOperationExecutor.java:106)
	at org.gradle.internal.progress.DefaultBuildOperationExecutor.run(DefaultBuildOperationExecutor.java:61)
	at org.gradle.configuration.project.LifecycleProjectEvaluator.evaluate(LifecycleProjectEvaluator.java:50)
	at org.gradle.api.internal.project.DefaultProject.evaluate(DefaultProject.java:628)
	at org.gradle.api.internal.project.DefaultProject.evaluate(DefaultProject.java:129)
	at org.gradle.execution.TaskPathProjectEvaluator.configure(TaskPathProjectEvaluator.java:35)
	at org.gradle.execution.TaskPathProjectEvaluator.configureHierarchy(TaskPathProjectEvaluator.java:62)
	at org.gradle.execution.TaskSelector.getSelection(TaskSelector.java:100)
	at org.gradle.execution.TaskSelector.getSelection(TaskSelector.java:81)
	at org.gradle.execution.commandline.CommandLineTaskParser.parseTasks(CommandLineTaskParser.java:42)
	at org.gradle.execution.TaskNameResolvingBuildConfigurationAction.configure(TaskNameResolvingBuildConfigurationAction.java:44)
	at org.gradle.execution.DefaultBuildConfigurationActionExecuter.configure(DefaultBuildConfigurationActionExecuter.java:48)
	at org.gradle.execution.DefaultBuildConfigurationActionExecuter.access$000(DefaultBuildConfigurationActionExecuter.java:25)
	at org.gradle.execution.DefaultBuildConfigurationActionExecuter$1.proceed(DefaultBuildConfigurationActionExecuter.java:54)
	at org.gradle.execution.DefaultTasksBuildExecutionAction.configure(DefaultTasksBuildExecutionAction.java:44)
	at org.gradle.execution.DefaultBuildConfigurationActionExecuter.configure(DefaultBuildConfigurationActionExecuter.java:48)
	at org.gradle.execution.DefaultBuildConfigurationActionExecuter.access$000(DefaultBuildConfigurationActionExecuter.java:25)
	at org.gradle.execution.DefaultBuildConfigurationActionExecuter$1.proceed(DefaultBuildConfigurationActionExecuter.java:54)
	at org.gradle.execution.ExcludedTaskFilteringBuildConfigurationAction.configure(ExcludedTaskFilteringBuildConfigurationAction.java:47)
	at org.gradle.execution.DefaultBuildConfigurationActionExecuter.configure(DefaultBuildConfigurationActionExecuter.java:48)
	at org.gradle.execution.DefaultBuildConfigurationActionExecuter.select(DefaultBuildConfigurationActionExecuter.java:36)
	at org.gradle.initialization.DefaultGradleLauncher$2.execute(DefaultGradleLauncher.java:185)
	at org.gradle.initialization.DefaultGradleLauncher$2.execute(DefaultGradleLauncher.java:182)
	at org.gradle.internal.Transformers$4.transform(Transformers.java:169)
	at org.gradle.internal.progress.DefaultBuildOperationExecutor.run(DefaultBuildOperationExecutor.java:106)
	at org.gradle.internal.progress.DefaultBuildOperationExecutor.run(DefaultBuildOperationExecutor.java:56)
	at org.gradle.initialization.DefaultGradleLauncher.doBuildStages(DefaultGradleLauncher.java:182)
	at org.gradle.initialization.DefaultGradleLauncher.doBuild(DefaultGradleLauncher.java:119)
	at org.gradle.initialization.DefaultGradleLauncher.run(DefaultGradleLauncher.java:102)
	at org.gradle.launcher.exec.GradleBuildController.run(GradleBuildController.java:71)
	at org.gradle.tooling.internal.provider.ExecuteBuildActionRunner.run(ExecuteBuildActionRunner.java:28)
	at org.gradle.launcher.exec.ChainingBuildActionRunner.run(ChainingBuildActionRunner.java:35)
	at org.gradle.launcher.exec.InProcessBuildActionExecuter.execute(InProcessBuildActionExecuter.java:41)
	at org.gradle.launcher.exec.InProcessBuildActionExecuter.execute(InProcessBuildActionExecuter.java:26)
	at org.gradle.tooling.internal.provider.ContinuousBuildActionExecuter.execute(ContinuousBuildActionExecuter.java:75)
	at org.gradle.tooling.internal.provider.ContinuousBuildActionExecuter.execute(ContinuousBuildActionExecuter.java:49)
	at org.gradle.tooling.internal.provider.ServicesSetupBuildActionExecuter.execute(ServicesSetupBuildActionExecuter.java:44)
	at org.gradle.tooling.internal.provider.ServicesSetupBuildActionExecuter.execute(ServicesSetupBuildActionExecuter.java:29)
	at org.gradle.launcher.cli.RunBuildAction.run(RunBuildAction.java:51)
	at org.gradle.internal.Actions$RunnableActionAdapter.execute(Actions.java:173)
	at org.gradle.launcher.cli.CommandLineActionFactory$ParseAndBuildAction.execute(CommandLineActionFactory.java:244)
	at org.gradle.launcher.cli.CommandLineActionFactory$ParseAndBuildAction.execute(CommandLineActionFactory.java:217)
	at org.gradle.launcher.cli.JavaRuntimeValidationAction.execute(JavaRuntimeValidationAction.java:33)
	at org.gradle.launcher.cli.JavaRuntimeValidationAction.execute(JavaRuntimeValidationAction.java:24)
	at org.gradle.launcher.cli.ExceptionReportingAction.execute(ExceptionReportingAction.java:33)
	at org.gradle.launcher.cli.ExceptionReportingAction.execute(ExceptionReportingAction.java:22)
	at org.gradle.launcher.cli.CommandLineActionFactory$WithLogging.execute(CommandLineActionFactory.java:210)
	at org.gradle.launcher.cli.CommandLineActionFactory$WithLogging.execute(CommandLineActionFactory.java:174)
	at org.gradle.launcher.Main.doAction(Main.java:33)
	at org.gradle.launcher.bootstrap.EntryPoint.run(EntryPoint.java:45)
	at org.gradle.launcher.bootstrap.ProcessBootstrap.runNoExit(ProcessBootstrap.java:60)
	at org.gradle.launcher.bootstrap.ProcessBootstrap.run(ProcessBootstrap.java:37)
	at org.gradle.launcher.GradleMain.main(GradleMain.java:23)
	at org.gradle.wrapper.BootstrapMainStarter.start(BootstrapMainStarter.java:30)
	at org.gradle.wrapper.WrapperExecutor.execute(WrapperExecutor.java:129)
	at org.gradle.wrapper.GradleWrapperMain.main(GradleWrapperMain.java:61)
Caused by: java.lang.IllegalArgumentException: path may not be null or empty string. path='null'
	at org.gradle.api.internal.file.BaseDirFileResolver.doResolve(BaseDirFileResolver.java:72)
	at org.gradle.api.internal.file.AbstractFileResolver.resolve(AbstractFileResolver.java:79)
	at org.gradle.api.internal.file.AbstractFileResolver.resolve(AbstractFileResolver.java:61)
	at org.gradle.api.internal.file.DefaultFileOperations.file(DefaultFileOperations.java:76)
	at org.gradle.api.internal.project.DefaultProject.file(DefaultProject.java:767)
	at org.gradle.groovy.scripts.DefaultScript.file(DefaultScript.java:129)
	at org.gradle.internal.metaobject.BeanDynamicObject$MetaClassAdapter.invokeMethod(BeanDynamicObject.java:382)
	at org.gradle.internal.metaobject.BeanDynamicObject.invokeMethod(BeanDynamicObject.java:170)
	at org.gradle.internal.metaobject.ConfigureDelegate.invokeMethod(ConfigureDelegate.java:80)
	at org.gradle.internal.metaobject.BeanDynamicObject$GroovyObjectAdapter.invokeOpaqueMethod(BeanDynamicObject.java:453)
	at org.gradle.internal.metaobject.BeanDynamicObject$MetaClassAdapter.invokeMethod(BeanDynamicObject.java:405)
	at org.gradle.internal.metaobject.BeanDynamicObject.invokeMethod(BeanDynamicObject.java:170)
	at org.gradle.internal.metaobject.ConfigureDelegate.invokeMethod(ConfigureDelegate.java:80)
	at org.gradle.internal.metaobject.BeanDynamicObject$GroovyObjectAdapter.invokeOpaqueMethod(BeanDynamicObject.java:453)
	at org.gradle.internal.metaobject.BeanDynamicObject$MetaClassAdapter.invokeMethod(BeanDynamicObject.java:405)
	at org.gradle.internal.metaobject.BeanDynamicObject.invokeMethod(BeanDynamicObject.java:170)
	at org.gradle.internal.metaobject.ConfigureDelegate.invokeMethod(ConfigureDelegate.java:80)
	at build_bf19sxknmyryv1y3i8o8iwxc7$_run_closure1$_closure5$_closure7.doCall(/private/var/folders/bq/vtzpc5ns5sg2cthy61lqpg3dfzgbys/T/1535889183199-0/src/android-outside-activity-master/example/build.gradle:34)
	at org.gradle.api.internal.ClosureBackedAction.execute(ClosureBackedAction.java:70)
	at org.gradle.util.ConfigureUtil.configureTarget(ConfigureUtil.java:160)
	at org.gradle.util.ConfigureUtil.configure(ConfigureUtil.java:106)
	at org.gradle.util.ConfigureUtil$1.execute(ConfigureUtil.java:123)
	at org.gradle.api.internal.AbstractNamedDomainObjectContainer.create(AbstractNamedDomainObjectContainer.java:64)
	at org.gradle.api.internal.AbstractNamedDomainObjectContainer.create(AbstractNamedDomainObjectContainer.java:57)
	at org.gradle.api.internal.NamedDomainObjectContainerConfigureDelegate._configure(NamedDomainObjectContainerConfigureDelegate.java:40)
	at org.gradle.internal.metaobject.ConfigureDelegate.invokeMethod(ConfigureDelegate.java:68)
	at build_bf19sxknmyryv1y3i8o8iwxc7$_run_closure1$_closure5.doCall(/private/var/folders/bq/vtzpc5ns5sg2cthy61lqpg3dfzgbys/T/1535889183199-0/src/android-outside-activity-master/example/build.gradle:33)
	at org.gradle.api.internal.ClosureBackedAction.execute(ClosureBackedAction.java:70)
	at org.gradle.util.ConfigureUtil.configureTarget(ConfigureUtil.java:160)
	at org.gradle.util.ConfigureUtil.configureSelf(ConfigureUtil.java:148)
	at org.gradle.api.internal.AbstractNamedDomainObjectContainer.configure(AbstractNamedDomainObjectContainer.java:74)
	at org.gradle.api.internal.AbstractNamedDomainObjectContainer.configure(AbstractNamedDomainObjectContainer.java:29)
	at org.gradle.util.ConfigureUtil.configure(ConfigureUtil.java:104)
	at org.gradle.util.ConfigureUtil$1.execute(ConfigureUtil.java:123)
	at com.android.build.gradle.BaseExtension.signingConfigs(BaseExtension.java:393)
	at com.android.build.gradle.AppExtension_Decorated.signingConfigs(Unknown Source)
	at org.gradle.internal.metaobject.BeanDynamicObject$MetaClassAdapter.invokeMethod(BeanDynamicObject.java:382)
	at org.gradle.internal.metaobject.BeanDynamicObject.invokeMethod(BeanDynamicObject.java:170)
	at org.gradle.internal.metaobject.CompositeDynamicObject.invokeMethod(CompositeDynamicObject.java:96)
	at org.gradle.internal.metaobject.MixInClosurePropertiesAsMethodsDynamicObject.invokeMethod(MixInClosurePropertiesAsMethodsDynamicObject.java:30)
	at org.gradle.internal.metaobject.ConfigureDelegate.invokeMethod(ConfigureDelegate.java:59)
	at build_bf19sxknmyryv1y3i8o8iwxc7$_run_closure1.doCall(/private/var/folders/bq/vtzpc5ns5sg2cthy61lqpg3dfzgbys/T/1535889183199-0/src/android-outside-activity-master/example/build.gradle:22)
	at org.gradle.api.internal.ClosureBackedAction.execute(ClosureBackedAction.java:70)
	at org.gradle.util.ConfigureUtil.configureTarget(ConfigureUtil.java:160)
	at org.gradle.util.ConfigureUtil.configure(ConfigureUtil.java:106)
	at org.gradle.util.ConfigureUtil$1.execute(ConfigureUtil.java:123)
	at org.gradle.api.internal.plugins.ExtensionsStorage$ExtensionHolder.configure(ExtensionsStorage.java:145)
	at org.gradle.api.internal.plugins.ExtensionsStorage.configureExtension(ExtensionsStorage.java:69)
	at org.gradle.api.internal.plugins.DefaultConvention$ExtensionsDynamicObject.invokeMethod(DefaultConvention.java:215)
	at org.gradle.internal.metaobject.CompositeDynamicObject.invokeMethod(CompositeDynamicObject.java:96)
	at org.gradle.internal.metaobject.MixInClosurePropertiesAsMethodsDynamicObject.invokeMethod(MixInClosurePropertiesAsMethodsDynamicObject.java:30)
	at org.gradle.internal.metaobject.AbstractDynamicObject.invokeMethod(AbstractDynamicObject.java:163)
	at org.gradle.groovy.scripts.BasicScript.methodMissing(BasicScript.java:83)
	at build_bf19sxknmyryv1y3i8o8iwxc7.run(/private/var/folders/bq/vtzpc5ns5sg2cthy61lqpg3dfzgbys/T/1535889183199-0/src/android-outside-activity-master/example/build.gradle:4)
	at org.gradle.groovy.scripts.internal.DefaultScriptRunnerFactory$ScriptRunnerImpl.run(DefaultScriptRunnerFactory.java:90)
	... 67 more


BUILD FAILED

Total time: 4.485 secs

2018-09-02 18:53:51,264 ERROR FullProcessService - Project build has not produced APK file
2018-09-02 18:53:51,321 ERROR FullProcessService - Could not find generated or existed APK file
